<?xml version="1.0" encoding="UTF-8" ?>
<testsuite tests="1" failures="0" name="Test_ServiceREgistery" time="11.295" errors="1" skipped="0">
  <properties>
    <property name="java.runtime.name" value="Java(TM) SE Runtime Environment"/>
    <property name="java.vm.version" value="12+33"/>
    <property name="sun.boot.library.path" value="C:\Program Files\Java\jdk-12\bin"/>
    <property name="maven.multiModuleProjectDirectory" value="D:\ArrowheadTest_Graphwalker\ServiceRegistry"/>
    <property name="java.vm.vendor" value="Oracle Corporation"/>
    <property name="java.vendor.url" value="https://java.oracle.com/"/>
    <property name="guice.disable.misplaced.annotation.check" value="true"/>
    <property name="path.separator" value=";"/>
    <property name="java.vm.name" value="Java HotSpot(TM) 64-Bit Server VM"/>
    <property name="sun.os.patch.level" value=""/>
    <property name="user.script" value=""/>
    <property name="user.country" value="GB"/>
    <property name="sun.java.launcher" value="SUN_STANDARD"/>
    <property name="test" value="Test_ServiceREgistery"/>
    <property name="java.vm.specification.name" value="Java Virtual Machine Specification"/>
    <property name="user.dir" value="D:\ArrowheadTest_Graphwalker\ServiceRegistry"/>
    <property name="java.vm.compressedOopsMode" value="Zero based"/>
    <property name="java.runtime.version" value="12+33"/>
    <property name="java.awt.graphicsenv" value="sun.awt.Win32GraphicsEnvironment"/>
    <property name="os.arch" value="amd64"/>
    <property name="java.io.tmpdir" value="C:\Users\maro\AppData\Local\Temp\"/>
    <property name="line.separator" value="
"/>
    <property name="java.vm.specification.vendor" value="Oracle Corporation"/>
    <property name="user.variant" value=""/>
    <property name="os.name" value="Windows 10"/>
    <property name="classworlds.conf" value="D:\apache-maven-3.6.3\bin\..\bin\m2.conf"/>
    <property name="sun.jnu.encoding" value="Cp1252"/>
    <property name="java.library.path" value="C:\Program Files\Java\jdk-12\bin;C:\WINDOWS\Sun\Java\bin;C:\WINDOWS\system32;C:\WINDOWS;C:\Program Files\Common Files\Oracle\Java\javapath;C:\Program Files (x86)\Common Files\Oracle\Java\javapath;C:\Program Files (x86)\NVIDIA Corporation\PhysX\Common;C:\Program Files (x86)\Intel\iCLS Client\;C:\Program Files\Intel\iCLS Client\;C:\WINDOWS\system32;C:\WINDOWS;C:\WINDOWS\System32\Wbem;C:\WINDOWS\System32\WindowsPowerShell\v1.0\;C:\Program Files\Hewlett-Packard\SimplePass\;C:\Program Files\Intel\Intel(R) Management Engine Components\DAL;C:\Program Files\Intel\Intel(R) Management Engine Components\IPT;C:\Program Files (x86)\Intel\Intel(R) Management Engine Components\DAL;C:\Program Files (x86)\Intel\Intel(R) Management Engine Components\IPT;C:\Program Files\Intel\WiFi\bin\;C:\Program Files\Common Files\Intel\WirelessCommon\;D:\apache-maven-3.6.3\bin;C:\WINDOWS\System32\OpenSSH\;C:\Program Files\Microsoft SQL Server\Client SDK\ODBC\130\Tools\Binn\;C:\Program Files (x86)\Microsoft SQL Server\140\Tools\Binn\;C:\Program Files\Microsoft SQL Server\140\Tools\Binn\;C:\Program Files\Microsoft SQL Server\140\DTS\Binn\;C:\Program Files (x86)\Java\jre1.8.0_201;C:\Program Files\MySQL\MySQL Server 8.0\bin;C:\Program Files\Git\cmd;C:\jq;C:\Program Files\Java\jdk-12\bin;C:\Program Files\MySQL\MySQL Shell 8.0\bin\;C:\Users\maro\AppData\Local\Programs\Python\Python38-32\Scripts\;C:\Users\maro\AppData\Local\Programs\Python\Python38-32\;C:\Users\maro\AppData\Local\Microsoft\WindowsApps;D:\python27;C:\Program Files\JetBrains\PyCharm Community Edition 2020.2\bin;;D:\apache-maven-3.6.3\bin;C:\Program Files\JetBrains\IntelliJ IDEA Community Edition 2021.1\bin;;C:\jq;C:\Users\maro\AppData\Local\GitHubDesktop\bin;."/>
    <property name="maven.conf" value="D:\apache-maven-3.6.3\bin\../conf"/>
    <property name="jdk.debug" value="release"/>
    <property name="java.class.version" value="56.0"/>
    <property name="java.specification.name" value="Java Platform API Specification"/>
    <property name="sun.management.compiler" value="HotSpot 64-Bit Tiered Compilers"/>
    <property name="os.version" value="10.0"/>
    <property name="library.jansi.path" value="D:\apache-maven-3.6.3\bin\..\lib\jansi-native"/>
    <property name="user.home" value="C:\Users\maro"/>
    <property name="user.timezone" value="Europe/Berlin"/>
    <property name="file.encoding" value="Cp1252"/>
    <property name="java.specification.version" value="12"/>
    <property name="user.name" value="maro"/>
    <property name="java.class.path" value="D:\apache-maven-3.6.3\bin\..\boot\plexus-classworlds-2.6.0.jar"/>
    <property name="org.slf4j.simpleLogger.defaultLogLevel" value="error"/>
    <property name="java.vm.specification.version" value="12"/>
    <property name="sun.arch.data.model" value="64"/>
    <property name="sun.java.command" value="org.codehaus.plexus.classworlds.launcher.Launcher -q clean graphwalker:generate-sources compile test -Dtest=Test_ServiceREgistery"/>
    <property name="java.home" value="C:\Program Files\Java\jdk-12"/>
    <property name="user.language" value="en"/>
    <property name="java.specification.vendor" value="Oracle Corporation"/>
    <property name="awt.toolkit" value="sun.awt.windows.WToolkit"/>
    <property name="java.vm.info" value="mixed mode, sharing"/>
    <property name="java.version" value="12"/>
    <property name="java.vendor" value="Oracle Corporation"/>
    <property name="sun.stderr.encoding" value="cp850"/>
    <property name="maven.home" value="D:\apache-maven-3.6.3\bin\.."/>
    <property name="file.separator" value="\"/>
    <property name="java.version.date" value="2019-03-19"/>
    <property name="java.vendor.url.bug" value="https://bugreport.java.com/bugreport/"/>
    <property name="sun.io.unicode.encoding" value="UnicodeLittle"/>
    <property name="sun.cpu.endian" value="little"/>
    <property name="sun.stdout.encoding" value="cp850"/>
    <property name="sun.desktop" value="windows"/>
    <property name="sun.cpu.isalist" value="amd64"/>
  </properties>
  <testcase classname="Test_ServiceREgistery" name="testExecutor" time="11.295">
    <error type="java.lang.NullPointerException">java.lang.NullPointerException
	at com.mbtroads.BaseClass.getScreenshotAsString(BaseClass.java:92)
	at com.mbtroads.BaseClass.addBase64ScreenShotToReport(BaseClass.java:108)
	at com.mbtroads.ExtentReport.reportError(ExtentReport.java:39)
	at Test_ServiceREgistery.testExecutor(Test_ServiceREgistery.java:50)
	at java.base/jdk.internal.reflect.NativeMethodAccessorImpl.invoke0(Native Method)
	at java.base/jdk.internal.reflect.NativeMethodAccessorImpl.invoke(NativeMethodAccessorImpl.java:62)
	at java.base/jdk.internal.reflect.DelegatingMethodAccessorImpl.invoke(DelegatingMethodAccessorImpl.java:43)
	at java.base/java.lang.reflect.Method.invoke(Method.java:567)
	at org.junit.runners.model.FrameworkMethod$1.runReflectiveCall(FrameworkMethod.java:59)
	at org.junit.internal.runners.model.ReflectiveCallable.run(ReflectiveCallable.java:12)
	at org.junit.runners.model.FrameworkMethod.invokeExplosively(FrameworkMethod.java:56)
	at org.junit.internal.runners.statements.InvokeMethod.evaluate(InvokeMethod.java:17)
	at org.junit.internal.runners.statements.RunBefores.evaluate(RunBefores.java:26)
	at org.junit.rules.TestWatcher$1.evaluate(TestWatcher.java:61)
	at org.junit.runners.ParentRunner$3.evaluate(ParentRunner.java:306)
	at org.junit.runners.BlockJUnit4ClassRunner$1.evaluate(BlockJUnit4ClassRunner.java:100)
	at org.junit.runners.ParentRunner.runLeaf(ParentRunner.java:366)
	at org.junit.runners.BlockJUnit4ClassRunner.runChild(BlockJUnit4ClassRunner.java:103)
	at org.junit.runners.BlockJUnit4ClassRunner.runChild(BlockJUnit4ClassRunner.java:63)
	at org.junit.runners.ParentRunner$4.run(ParentRunner.java:331)
	at org.junit.runners.ParentRunner$1.schedule(ParentRunner.java:79)
	at org.junit.runners.ParentRunner.runChildren(ParentRunner.java:329)
	at org.junit.runners.ParentRunner.access$100(ParentRunner.java:66)
	at org.junit.runners.ParentRunner$2.evaluate(ParentRunner.java:293)
	at org.junit.internal.runners.statements.RunBefores.evaluate(RunBefores.java:26)
	at org.junit.internal.runners.statements.RunAfters.evaluate(RunAfters.java:27)
	at org.junit.runners.ParentRunner$3.evaluate(ParentRunner.java:306)
	at org.junit.runners.ParentRunner.run(ParentRunner.java:413)
	at org.apache.maven.surefire.junit4.JUnit4Provider.execute(JUnit4Provider.java:252)
	at org.apache.maven.surefire.junit4.JUnit4Provider.executeTestSet(JUnit4Provider.java:141)
	at org.apache.maven.surefire.junit4.JUnit4Provider.invoke(JUnit4Provider.java:112)
	at java.base/jdk.internal.reflect.NativeMethodAccessorImpl.invoke0(Native Method)
	at java.base/jdk.internal.reflect.NativeMethodAccessorImpl.invoke(NativeMethodAccessorImpl.java:62)
	at java.base/jdk.internal.reflect.DelegatingMethodAccessorImpl.invoke(DelegatingMethodAccessorImpl.java:43)
	at java.base/java.lang.reflect.Method.invoke(Method.java:567)
	at org.apache.maven.surefire.util.ReflectionUtils.invokeMethodWithArray(ReflectionUtils.java:189)
	at org.apache.maven.surefire.booter.ProviderFactory$ProviderProxy.invoke(ProviderFactory.java:165)
	at org.apache.maven.surefire.booter.ProviderFactory.invokeProvider(ProviderFactory.java:85)
	at org.apache.maven.surefire.booter.ForkedBooter.runSuitesInProcess(ForkedBooter.java:115)
	at org.apache.maven.surefire.booter.ForkedBooter.main(ForkedBooter.java:75)
</error>
    <system-out>00:03:36.211 [main] DEBUG org.graphwalker.io.factory.json.JsonContextFactory - {&quot;models&quot;:[{&quot;edges&quot;:[{&quot;id&quot;:&quot;f6cef740-a73b-11eb-a11f-33528a1ca80d&quot;,&quot;name&quot;:&quot;e_InvaledServiceRegisteryForm&quot;,&quot;sourceVertexId&quot;:&quot;3e07a6d0-a73b-11eb-a11f-33528a1ca80d&quot;,&quot;targetVertexId&quot;:&quot;8722dc90-a73b-11eb-a11f-33528a1ca80d&quot;,&quot;guard&quot;:&quot;count==0;&quot;,&quot;actions&quot;:[&quot;count++;&quot;]},{&quot;id&quot;:&quot;3373aec0-aa7f-11eb-9777-814344e42d36&quot;,&quot;name&quot;:&quot;e_back_RegisterService&quot;,&quot;sourceVertexId&quot;:&quot;8722dc90-a73b-11eb-a11f-33528a1ca80d&quot;,&quot;targetVertexId&quot;:&quot;3e07a6d0-a73b-11eb-a11f-33528a1ca80d&quot;},{&quot;id&quot;:&quot;17f59a80-aa8b-11eb-9777-814344e42d36&quot;,&quot;name&quot;:&quot;e_start&quot;,&quot;sourceVertexId&quot;:&quot;086588a0-aa8b-11eb-9777-814344e42d36&quot;,&quot;targetVertexId&quot;:&quot;3e07a6d0-a73b-11eb-a11f-33528a1ca80d&quot;},{&quot;id&quot;:&quot;5a9f8440-aab8-11eb-a0b8-5dd0327fac9c&quot;,&quot;name&quot;:&quot;e_validServiceRegisteryForm&quot;,&quot;sourceVertexId&quot;:&quot;3e07a6d0-a73b-11eb-a11f-33528a1ca80d&quot;,&quot;targetVertexId&quot;:&quot;46fd4580-aab8-11eb-a0b8-5dd0327fac9c&quot;,&quot;guard&quot;:&quot;count&gt;0&quot;},{&quot;id&quot;:&quot;c2c3f300-aabb-11eb-a0b8-5dd0327fac9c&quot;,&quot;name&quot;:&quot;e_SerrviceDefinationNotExist&quot;,&quot;sourceVertexId&quot;:&quot;46fd4580-aab8-11eb-a0b8-5dd0327fac9c&quot;,&quot;targetVertexId&quot;:&quot;bee86680-aabb-11eb-a0b8-5dd0327fac9c&quot;,&quot;guard&quot;:&quot;reg==true&quot;},{&quot;id&quot;:&quot;3504fe80-aabe-11eb-a0b8-5dd0327fac9c&quot;,&quot;name&quot;:&quot;e_SaveService&quot;,&quot;sourceVertexId&quot;:&quot;bee86680-aabb-11eb-a0b8-5dd0327fac9c&quot;,&quot;targetVertexId&quot;:&quot;1bc22ab0-aabe-11eb-a0b8-5dd0327fac9c&quot;,&quot;guard&quot;:&quot;reg==true&quot;},{&quot;id&quot;:&quot;6f1cf910-aabe-11eb-a0b8-5dd0327fac9c&quot;,&quot;name&quot;:&quot;e_NewServiceExist&quot;,&quot;sourceVertexId&quot;:&quot;1bc22ab0-aabe-11eb-a0b8-5dd0327fac9c&quot;,&quot;targetVertexId&quot;:&quot;5e212230-aabe-11eb-a0b8-5dd0327fac9c&quot;,&quot;guard&quot;:&quot;reg==true&quot;},{&quot;id&quot;:&quot;112d0d20-aac0-11eb-a0b8-5dd0327fac9c&quot;,&quot;name&quot;:&quot;e_back_ValidPayload&quot;,&quot;sourceVertexId&quot;:&quot;5e212230-aabe-11eb-a0b8-5dd0327fac9c&quot;,&quot;targetVertexId&quot;:&quot;46fd4580-aab8-11eb-a0b8-5dd0327fac9c&quot;,&quot;actions&quot;:[&quot;reg=false;&quot;]},{&quot;id&quot;:&quot;fcaf8370-b64d-11eb-9d08-91d0f4b6da7e&quot;,&quot;name&quot;:&quot;e_SerrviceDefinationtExist&quot;,&quot;sourceVertexId&quot;:&quot;46fd4580-aab8-11eb-a0b8-5dd0327fac9c&quot;,&quot;targetVertexId&quot;:&quot;08351a40-aac1-11eb-a0b8-5dd0327fac9c&quot;,&quot;guard&quot;:&quot;reg==false&quot;}],&quot;generator&quot;:&quot;random(vertex_coverage(100))&quot;,&quot;id&quot;:&quot;00913f00-a73b-11eb-a11f-33528a1ca80d&quot;,&quot;name&quot;:&quot;SericeRegistry1&quot;,&quot;startElementId&quot;:&quot;086588a0-aa8b-11eb-9777-814344e42d36&quot;,&quot;vertices&quot;:[{&quot;id&quot;:&quot;3e07a6d0-a73b-11eb-a11f-33528a1ca80d&quot;,&quot;name&quot;:&quot;v_RegisterService&quot;,&quot;properties&quot;:{&quot;x&quot;:413.8227790918072,&quot;y&quot;:93.17186600970861}},{&quot;id&quot;:&quot;8722dc90-a73b-11eb-a11f-33528a1ca80d&quot;,&quot;name&quot;:&quot;v_BadPayloadException&quot;,&quot;properties&quot;:{&quot;x&quot;:697,&quot;y&quot;:319},&quot;actions&quot;:[&quot;count++;&quot;]},{&quot;id&quot;:&quot;086588a0-aa8b-11eb-9777-814344e42d36&quot;,&quot;name&quot;:&quot;v_Start&quot;,&quot;properties&quot;:{&quot;x&quot;:390.0192929578586,&quot;y&quot;:-37.570368075081404},&quot;actions&quot;:[&quot;count=0;&quot;]},{&quot;id&quot;:&quot;46fd4580-aab8-11eb-a0b8-5dd0327fac9c&quot;,&quot;name&quot;:&quot;v_ValidPayload&quot;,&quot;properties&quot;:{&quot;x&quot;:114.52826880416558,&quot;y&quot;:243.37739156285005}},{&quot;id&quot;:&quot;bee86680-aabb-11eb-a0b8-5dd0327fac9c&quot;,&quot;name&quot;:&quot;v_RegisteredService&quot;,&quot;properties&quot;:{&quot;x&quot;:-148.70832742073577,&quot;y&quot;:486.7310077679259}},{&quot;id&quot;:&quot;1bc22ab0-aabe-11eb-a0b8-5dd0327fac9c&quot;,&quot;name&quot;:&quot;v_QueryService&quot;,&quot;properties&quot;:{&quot;x&quot;:261.6775294274787,&quot;y&quot;:485.3291140462718}},{&quot;id&quot;:&quot;5e212230-aabe-11eb-a0b8-5dd0327fac9c&quot;,&quot;name&quot;:&quot;v_SucessMesssage&quot;,&quot;properties&quot;:{&quot;x&quot;:15.11151491637618,&quot;y&quot;:670.669120081831}},{&quot;id&quot;:&quot;08351a40-aac1-11eb-a0b8-5dd0327fac9c&quot;,&quot;name&quot;:&quot;v_end&quot;,&quot;properties&quot;:{&quot;x&quot;:328.5994307049258,&quot;y&quot;:410.95177874410246}}],&quot;actions&quot;:[&quot;count=0;&quot;,&quot;reg=true;&quot;,&quot;&quot;]}],&quot;selectedModelIndex&quot;:0,&quot;selectedElementId&quot;:&quot;6f1cf910-aabe-11eb-a0b8-5dd0327fac9c&quot;}
00:03:36.388 [main] DEBUG org.graphwalker.core.machine.ExecutionContext - Execute action: &apos;count=0;&apos; in model: &apos;SericeRegistry1&apos;
00:03:36.565 [main] DEBUG org.graphwalker.core.machine.ExecutionContext - Data: &apos;SomeSmallTest: com.mbtroads.SomeSmallTest@2ff89271, count: 0, &apos;
00:03:36.566 [main] DEBUG org.graphwalker.core.machine.ExecutionContext - Execute action: &apos;reg=true;&apos; in model: &apos;SericeRegistry1&apos;
00:03:36.572 [main] DEBUG org.graphwalker.core.machine.ExecutionContext - Data: &apos;SomeSmallTest: com.mbtroads.SomeSmallTest@2ff89271, count: 0, reg: true, &apos;
00:03:36.573 [main] DEBUG org.graphwalker.core.machine.ExecutionContext - Execute action: &apos;&apos; in model: &apos;SericeRegistry1&apos;
00:03:36.578 [main] DEBUG org.graphwalker.core.machine.ExecutionContext - Data: &apos;SomeSmallTest: com.mbtroads.SomeSmallTest@2ff89271, count: 0, reg: true, &apos;
00:03:36.588 [main] DEBUG org.graphwalker.core.machine.SimpleMachine - Context: com.mbtroads.SomeSmallTest@2ff89271
00:03:36.591 [main] DEBUG org.graphwalker.core.machine.ExecutionContext - Execute action: &apos;count=0;&apos; in model: &apos;SericeRegistry1&apos;
00:03:36.598 [main] DEBUG org.graphwalker.core.machine.ExecutionContext - Data: &apos;SomeSmallTest: com.mbtroads.SomeSmallTest@2ff89271, count: 0, reg: true, &apos;
00:03:36.599 [main] DEBUG org.graphwalker.core.machine.ExecutionContext - Execute method: &apos;v_Start&apos; in model: &apos;SericeRegistry1&apos;
00:03:36.602 [main] DEBUG org.graphwalker.core.machine.SimpleMachine - Context: com.mbtroads.SomeSmallTest@2ff89271
00:03:36.603 [main] INFO org.graphwalker.core.generator.SingletonRandomGenerator - Seed: 18760553395200
00:03:36.604 [main] DEBUG org.graphwalker.core.machine.ExecutionContext - Execute method: &apos;e_start&apos; in model: &apos;SericeRegistry1&apos;
00:03:40.789 [main] ERROR org.graphwalker.core.machine.ExecutionContext - null
00:03:40.789 [main] ERROR org.graphwalker.java.test.TestExecutor - java.lang.reflect.InvocationTargetException
</system-out>
    <system-err>org.apache.http.conn.HttpHostConnectException: Connect to localhost:8443 [localhost/127.0.0.1, localhost/0:0:0:0:0:0:0:1] failed: Connection refused: connect
	at org.apache.http.impl.conn.DefaultHttpClientConnectionOperator.connect(DefaultHttpClientConnectionOperator.java:156)
	at org.apache.http.impl.conn.PoolingHttpClientConnectionManager.connect(PoolingHttpClientConnectionManager.java:376)
	at org.apache.http.impl.execchain.MainClientExec.establishRoute(MainClientExec.java:393)
	at org.apache.http.impl.execchain.MainClientExec.execute(MainClientExec.java:236)
	at org.apache.http.impl.execchain.ProtocolExec.execute(ProtocolExec.java:186)
	at org.apache.http.impl.execchain.RetryExec.execute(RetryExec.java:89)
	at org.apache.http.impl.execchain.RedirectExec.execute(RedirectExec.java:110)
	at org.apache.http.impl.client.InternalHttpClient.doExecute(InternalHttpClient.java:185)
	at org.apache.http.impl.client.CloseableHttpClient.execute(CloseableHttpClient.java:83)
	at org.apache.http.impl.client.CloseableHttpClient.execute(CloseableHttpClient.java:108)
	at com.mbtroads.HttpClient.ServiceAvailable(HttpClient.java:131)
	at com.mbtroads.SomeSmallTest.e_start(SomeSmallTest.java:31)
	at java.base/jdk.internal.reflect.NativeMethodAccessorImpl.invoke0(Native Method)
	at java.base/jdk.internal.reflect.NativeMethodAccessorImpl.invoke(NativeMethodAccessorImpl.java:62)
	at java.base/jdk.internal.reflect.DelegatingMethodAccessorImpl.invoke(DelegatingMethodAccessorImpl.java:43)
	at java.base/java.lang.reflect.Method.invoke(Method.java:567)
	at org.graphwalker.core.machine.ExecutionContext.execute(ExecutionContext.java:265)
	at org.graphwalker.core.machine.SimpleMachine.execute(SimpleMachine.java:285)
	at org.graphwalker.core.machine.SimpleMachine.getNextStep(SimpleMachine.java:108)
	at org.graphwalker.java.test.TestExecutor.execute(TestExecutor.java:249)
	at Test_ServiceREgistery.testExecutor(Test_ServiceREgistery.java:29)
	at java.base/jdk.internal.reflect.NativeMethodAccessorImpl.invoke0(Native Method)
	at java.base/jdk.internal.reflect.NativeMethodAccessorImpl.invoke(NativeMethodAccessorImpl.java:62)
	at java.base/jdk.internal.reflect.DelegatingMethodAccessorImpl.invoke(DelegatingMethodAccessorImpl.java:43)
	at java.base/java.lang.reflect.Method.invoke(Method.java:567)
	at org.junit.runners.model.FrameworkMethod$1.runReflectiveCall(FrameworkMethod.java:59)
	at org.junit.internal.runners.model.ReflectiveCallable.run(ReflectiveCallable.java:12)
	at org.junit.runners.model.FrameworkMethod.invokeExplosively(FrameworkMethod.java:56)
	at org.junit.internal.runners.statements.InvokeMethod.evaluate(InvokeMethod.java:17)
	at org.junit.internal.runners.statements.RunBefores.evaluate(RunBefores.java:26)
	at org.junit.rules.TestWatcher$1.evaluate(TestWatcher.java:61)
	at org.junit.runners.ParentRunner$3.evaluate(ParentRunner.java:306)
	at org.junit.runners.BlockJUnit4ClassRunner$1.evaluate(BlockJUnit4ClassRunner.java:100)
	at org.junit.runners.ParentRunner.runLeaf(ParentRunner.java:366)
	at org.junit.runners.BlockJUnit4ClassRunner.runChild(BlockJUnit4ClassRunner.java:103)
	at org.junit.runners.BlockJUnit4ClassRunner.runChild(BlockJUnit4ClassRunner.java:63)
	at org.junit.runners.ParentRunner$4.run(ParentRunner.java:331)
	at org.junit.runners.ParentRunner$1.schedule(ParentRunner.java:79)
	at org.junit.runners.ParentRunner.runChildren(ParentRunner.java:329)
	at org.junit.runners.ParentRunner.access$100(ParentRunner.java:66)
	at org.junit.runners.ParentRunner$2.evaluate(ParentRunner.java:293)
	at org.junit.internal.runners.statements.RunBefores.evaluate(RunBefores.java:26)
	at org.junit.internal.runners.statements.RunAfters.evaluate(RunAfters.java:27)
	at org.junit.runners.ParentRunner$3.evaluate(ParentRunner.java:306)
	at org.junit.runners.ParentRunner.run(ParentRunner.java:413)
	at org.apache.maven.surefire.junit4.JUnit4Provider.execute(JUnit4Provider.java:252)
	at org.apache.maven.surefire.junit4.JUnit4Provider.executeTestSet(JUnit4Provider.java:141)
	at org.apache.maven.surefire.junit4.JUnit4Provider.invoke(JUnit4Provider.java:112)
	at java.base/jdk.internal.reflect.NativeMethodAccessorImpl.invoke0(Native Method)
	at java.base/jdk.internal.reflect.NativeMethodAccessorImpl.invoke(NativeMethodAccessorImpl.java:62)
	at java.base/jdk.internal.reflect.DelegatingMethodAccessorImpl.invoke(DelegatingMethodAccessorImpl.java:43)
	at java.base/java.lang.reflect.Method.invoke(Method.java:567)
	at org.apache.maven.surefire.util.ReflectionUtils.invokeMethodWithArray(ReflectionUtils.java:189)
	at org.apache.maven.surefire.booter.ProviderFactory$ProviderProxy.invoke(ProviderFactory.java:165)
	at org.apache.maven.surefire.booter.ProviderFactory.invokeProvider(ProviderFactory.java:85)
	at org.apache.maven.surefire.booter.ForkedBooter.runSuitesInProcess(ForkedBooter.java:115)
	at org.apache.maven.surefire.booter.ForkedBooter.main(ForkedBooter.java:75)
Caused by: java.net.ConnectException: Connection refused: connect
	at java.base/java.net.PlainSocketImpl.connect0(Native Method)
	at java.base/java.net.PlainSocketImpl.socketConnect(PlainSocketImpl.java:101)
	at java.base/java.net.AbstractPlainSocketImpl.doConnect(AbstractPlainSocketImpl.java:399)
	at java.base/java.net.AbstractPlainSocketImpl.connectToAddress(AbstractPlainSocketImpl.java:242)
	at java.base/java.net.AbstractPlainSocketImpl.connect(AbstractPlainSocketImpl.java:224)
	at java.base/java.net.SocksSocketImpl.connect(SocksSocketImpl.java:403)
	at java.base/java.net.Socket.connect(Socket.java:591)
	at org.apache.http.conn.socket.PlainConnectionSocketFactory.connectSocket(PlainConnectionSocketFactory.java:75)
	at org.apache.http.impl.conn.DefaultHttpClientConnectionOperator.connect(DefaultHttpClientConnectionOperator.java:142)
	... 56 more
java.lang.NullPointerException
	at com.mbtroads.BaseClass.getScreenshotAsString(BaseClass.java:92)
	at com.mbtroads.BaseClass.addBase64ScreenShotToReport(BaseClass.java:108)
	at com.mbtroads.ExtentReport.reportError(ExtentReport.java:39)
	at Test_ServiceREgistery.testExecutor(Test_ServiceREgistery.java:50)
	at java.base/jdk.internal.reflect.NativeMethodAccessorImpl.invoke0(Native Method)
	at java.base/jdk.internal.reflect.NativeMethodAccessorImpl.invoke(NativeMethodAccessorImpl.java:62)
	at java.base/jdk.internal.reflect.DelegatingMethodAccessorImpl.invoke(DelegatingMethodAccessorImpl.java:43)
	at java.base/java.lang.reflect.Method.invoke(Method.java:567)
	at org.junit.runners.model.FrameworkMethod$1.runReflectiveCall(FrameworkMethod.java:59)
	at org.junit.internal.runners.model.ReflectiveCallable.run(ReflectiveCallable.java:12)
	at org.junit.runners.model.FrameworkMethod.invokeExplosively(FrameworkMethod.java:56)
	at org.junit.internal.runners.statements.InvokeMethod.evaluate(InvokeMethod.java:17)
	at org.junit.internal.runners.statements.RunBefores.evaluate(RunBefores.java:26)
	at org.junit.rules.TestWatcher$1.evaluate(TestWatcher.java:61)
	at org.junit.runners.ParentRunner$3.evaluate(ParentRunner.java:306)
	at org.junit.runners.BlockJUnit4ClassRunner$1.evaluate(BlockJUnit4ClassRunner.java:100)
	at org.junit.runners.ParentRunner.runLeaf(ParentRunner.java:366)
	at org.junit.runners.BlockJUnit4ClassRunner.runChild(BlockJUnit4ClassRunner.java:103)
	at org.junit.runners.BlockJUnit4ClassRunner.runChild(BlockJUnit4ClassRunner.java:63)
	at org.junit.runners.ParentRunner$4.run(ParentRunner.java:331)
	at org.junit.runners.ParentRunner$1.schedule(ParentRunner.java:79)
	at org.junit.runners.ParentRunner.runChildren(ParentRunner.java:329)
	at org.junit.runners.ParentRunner.access$100(ParentRunner.java:66)
	at org.junit.runners.ParentRunner$2.evaluate(ParentRunner.java:293)
	at org.junit.internal.runners.statements.RunBefores.evaluate(RunBefores.java:26)
	at org.junit.internal.runners.statements.RunAfters.evaluate(RunAfters.java:27)
	at org.junit.runners.ParentRunner$3.evaluate(ParentRunner.java:306)
	at org.junit.runners.ParentRunner.run(ParentRunner.java:413)
	at org.apache.maven.surefire.junit4.JUnit4Provider.execute(JUnit4Provider.java:252)
	at org.apache.maven.surefire.junit4.JUnit4Provider.executeTestSet(JUnit4Provider.java:141)
	at org.apache.maven.surefire.junit4.JUnit4Provider.invoke(JUnit4Provider.java:112)
	at java.base/jdk.internal.reflect.NativeMethodAccessorImpl.invoke0(Native Method)
	at java.base/jdk.internal.reflect.NativeMethodAccessorImpl.invoke(NativeMethodAccessorImpl.java:62)
	at java.base/jdk.internal.reflect.DelegatingMethodAccessorImpl.invoke(DelegatingMethodAccessorImpl.java:43)
	at java.base/java.lang.reflect.Method.invoke(Method.java:567)
	at org.apache.maven.surefire.util.ReflectionUtils.invokeMethodWithArray(ReflectionUtils.java:189)
	at org.apache.maven.surefire.booter.ProviderFactory$ProviderProxy.invoke(ProviderFactory.java:165)
	at org.apache.maven.surefire.booter.ProviderFactory.invokeProvider(ProviderFactory.java:85)
	at org.apache.maven.surefire.booter.ForkedBooter.runSuitesInProcess(ForkedBooter.java:115)
	at org.apache.maven.surefire.booter.ForkedBooter.main(ForkedBooter.java:75)
</system-err>
  </testcase>
</testsuite>