<?xml version="1.0" encoding="UTF-8"?>
<testsuite xmlns:xsi="http://www.w3.org/2001/XMLSchema-instance" xsi:noNamespaceSchemaLocation="https://maven.apache.org/surefire/maven-surefire-plugin/xsd/surefire-test-report-3.0.xsd" version="3.0" name="Test_ServiceREgistery" time="10.043" tests="1" errors="0" skipped="0" failures="0">
  <properties>
[...]
</properties>
  <testcase name="testExecutor" classname="Test_ServiceREgistery" time="4.464">
    <system-out><![CDATA[12:32:18.939 [main] DEBUG org.graphwalker.io.factory.json.JsonContextFactory - {"models":[{"edges":[{"id":"f6cef740-a73b-11eb-a11f-33528a1ca80d","name":"e_InvaledServiceRegisteryForm","sourceVertexId":"3e07a6d0-a73b-11eb-a11f-33528a1ca80d","targetVertexId":"8722dc90-a73b-11eb-a11f-33528a1ca80d","guard":"count==0;","actions":["count++;"]},{"id":"3373aec0-aa7f-11eb-9777-814344e42d36","name":"e_back_RegisterService","sourceVertexId":"8722dc90-a73b-11eb-a11f-33528a1ca80d","targetVertexId":"3e07a6d0-a73b-11eb-a11f-33528a1ca80d"},{"id":"17f59a80-aa8b-11eb-9777-814344e42d36","name":"e_start","sourceVertexId":"086588a0-aa8b-11eb-9777-814344e42d36","targetVertexId":"3e07a6d0-a73b-11eb-a11f-33528a1ca80d"},{"id":"5a9f8440-aab8-11eb-a0b8-5dd0327fac9c","name":"e_validServiceRegisteryForm","sourceVertexId":"3e07a6d0-a73b-11eb-a11f-33528a1ca80d","targetVertexId":"46fd4580-aab8-11eb-a0b8-5dd0327fac9c","guard":"count>0"},{"id":"c2c3f300-aabb-11eb-a0b8-5dd0327fac9c","name":"e_SerrviceDefinationNotExist","sourceVertexId":"46fd4580-aab8-11eb-a0b8-5dd0327fac9c","targetVertexId":"bee86680-aabb-11eb-a0b8-5dd0327fac9c","guard":"reg==true"},{"id":"3504fe80-aabe-11eb-a0b8-5dd0327fac9c","name":"e_SaveService","sourceVertexId":"bee86680-aabb-11eb-a0b8-5dd0327fac9c","targetVertexId":"1bc22ab0-aabe-11eb-a0b8-5dd0327fac9c","guard":"reg==true"},{"id":"6f1cf910-aabe-11eb-a0b8-5dd0327fac9c","name":"e_NewServiceExist","sourceVertexId":"1bc22ab0-aabe-11eb-a0b8-5dd0327fac9c","targetVertexId":"5e212230-aabe-11eb-a0b8-5dd0327fac9c","guard":"reg==true"},{"id":"112d0d20-aac0-11eb-a0b8-5dd0327fac9c","name":"e_back_ValidPayload","sourceVertexId":"5e212230-aabe-11eb-a0b8-5dd0327fac9c","targetVertexId":"46fd4580-aab8-11eb-a0b8-5dd0327fac9c","actions":["reg=false;"]},{"id":"fcaf8370-b64d-11eb-9d08-91d0f4b6da7e","name":"e_SerrviceDefinationtExist","sourceVertexId":"46fd4580-aab8-11eb-a0b8-5dd0327fac9c","targetVertexId":"08351a40-aac1-11eb-a0b8-5dd0327fac9c","guard":"reg==false"}],"generator":"random(vertex_coverage(100))","id":"00913f00-a73b-11eb-a11f-33528a1ca80d","name":"SericeRegistry1","startElementId":"086588a0-aa8b-11eb-9777-814344e42d36","vertices":[{"id":"3e07a6d0-a73b-11eb-a11f-33528a1ca80d","name":"v_RegisterService","properties":{"x":413.8227790918072,"y":93.17186600970861}},{"id":"8722dc90-a73b-11eb-a11f-33528a1ca80d","name":"v_BadPayloadException","properties":{"x":697,"y":319},"actions":["count++;"]},{"id":"086588a0-aa8b-11eb-9777-814344e42d36","name":"v_Start","properties":{"x":390.0192929578586,"y":-37.570368075081404},"actions":["count=0;"]},{"id":"46fd4580-aab8-11eb-a0b8-5dd0327fac9c","name":"v_ValidPayload","properties":{"x":114.52826880416558,"y":243.37739156285005}},{"id":"bee86680-aabb-11eb-a0b8-5dd0327fac9c","name":"v_RegisteredService","properties":{"x":-148.70832742073577,"y":486.7310077679259}},{"id":"1bc22ab0-aabe-11eb-a0b8-5dd0327fac9c","name":"v_QueryService","properties":{"x":261.6775294274787,"y":485.3291140462718}},{"id":"5e212230-aabe-11eb-a0b8-5dd0327fac9c","name":"v_SucessMesssage","properties":{"x":15.11151491637618,"y":670.669120081831}},{"id":"08351a40-aac1-11eb-a0b8-5dd0327fac9c","name":"v_end","properties":{"x":328.5994307049258,"y":410.95177874410246}}],"actions":["count=0;","reg=true;",""]}],"selectedModelIndex":0,"selectedElementId":"6f1cf910-aabe-11eb-a0b8-5dd0327fac9c"}
12:32:19.035 [main] DEBUG org.graphwalker.core.machine.ExecutionContext - Execute action: 'count=0;' in model: 'SericeRegistry1'
12:32:19.139 [main] DEBUG org.graphwalker.core.machine.ExecutionContext - Data: 'SomeSmallTest: com.mbtroads.SomeSmallTest@4975af1, count: 0, '
12:32:19.139 [main] DEBUG org.graphwalker.core.machine.ExecutionContext - Execute action: 'reg=true;' in model: 'SericeRegistry1'
12:32:19.142 [main] DEBUG org.graphwalker.core.machine.ExecutionContext - Data: 'SomeSmallTest: com.mbtroads.SomeSmallTest@4975af1, count: 0, reg: true, '
12:32:19.143 [main] DEBUG org.graphwalker.core.machine.ExecutionContext - Execute action: '' in model: 'SericeRegistry1'
12:32:19.144 [main] DEBUG org.graphwalker.core.machine.ExecutionContext - Data: 'SomeSmallTest: com.mbtroads.SomeSmallTest@4975af1, count: 0, reg: true, '
12:32:19.150 [main] DEBUG org.graphwalker.core.machine.SimpleMachine - Context: com.mbtroads.SomeSmallTest@4975af1
12:32:19.151 [main] DEBUG org.graphwalker.core.machine.ExecutionContext - Execute action: 'count=0;' in model: 'SericeRegistry1'
12:32:19.157 [main] DEBUG org.graphwalker.core.machine.ExecutionContext - Data: 'SomeSmallTest: com.mbtroads.SomeSmallTest@4975af1, count: 0, reg: true, '
12:32:19.157 [main] DEBUG org.graphwalker.core.machine.ExecutionContext - Execute method: 'v_Start' in model: 'SericeRegistry1'
12:32:19.165 [main] DEBUG org.graphwalker.core.machine.SimpleMachine - Context: com.mbtroads.SomeSmallTest@4975af1
12:32:19.165 [main] INFO org.graphwalker.core.generator.SingletonRandomGenerator - Seed: 322035645197
12:32:19.165 [main] DEBUG org.graphwalker.core.machine.ExecutionContext - Execute method: 'e_start' in model: 'SericeRegistry1'
12:32:19.175 [main] DEBUG org.apache.http.client.protocol.RequestAddCookies - CookieSpec selected: default
12:32:19.180 [main] DEBUG org.apache.http.client.protocol.RequestAuthCache - Auth cache not set in the context
12:32:19.181 [main] DEBUG org.apache.http.impl.conn.PoolingHttpClientConnectionManager - Connection request: [route: {}->http://localhost:8443][total available: 0; route allocated: 0 of 2; total allocated: 0 of 20]
12:32:19.188 [main] DEBUG org.apache.http.impl.conn.PoolingHttpClientConnectionManager - Connection leased: [id: 0][route: {}->http://localhost:8443][total available: 0; route allocated: 1 of 2; total allocated: 1 of 20]
12:32:19.189 [main] DEBUG org.apache.http.impl.execchain.MainClientExec - Opening connection {}->http://localhost:8443
12:32:19.212 [main] DEBUG org.apache.http.impl.conn.DefaultHttpClientConnectionOperator - Connecting to localhost/127.0.0.1:8443
12:32:19.223 [main] DEBUG org.apache.http.impl.conn.DefaultHttpClientConnectionOperator - Connection established 127.0.0.1:49833<->127.0.0.1:8443
12:32:19.223 [main] DEBUG org.apache.http.impl.execchain.MainClientExec - Executing request GET /serviceregistry/echo HTTP/1.1
12:32:19.223 [main] DEBUG org.apache.http.impl.execchain.MainClientExec - Target auth state: UNCHALLENGED
12:32:19.224 [main] DEBUG org.apache.http.impl.execchain.MainClientExec - Proxy auth state: UNCHALLENGED
12:32:19.225 [main] DEBUG org.apache.http.headers - http-outgoing-0 >> GET /serviceregistry/echo HTTP/1.1
12:32:19.225 [main] DEBUG org.apache.http.headers - http-outgoing-0 >> Accept: application/json
12:32:19.225 [main] DEBUG org.apache.http.headers - http-outgoing-0 >> Content-type: application/json
12:32:19.225 [main] DEBUG org.apache.http.headers - http-outgoing-0 >> Host: localhost:8443
12:32:19.225 [main] DEBUG org.apache.http.headers - http-outgoing-0 >> Connection: Keep-Alive
12:32:19.225 [main] DEBUG org.apache.http.headers - http-outgoing-0 >> User-Agent: Apache-HttpClient/4.5.13 (Java/21)
12:32:19.225 [main] DEBUG org.apache.http.headers - http-outgoing-0 >> Accept-Encoding: gzip,deflate
12:32:19.225 [main] DEBUG org.apache.http.wire - http-outgoing-0 >> "GET /serviceregistry/echo HTTP/1.1[\r][\n]"
12:32:19.225 [main] DEBUG org.apache.http.wire - http-outgoing-0 >> "Accept: application/json[\r][\n]"
12:32:19.225 [main] DEBUG org.apache.http.wire - http-outgoing-0 >> "Content-type: application/json[\r][\n]"
12:32:19.225 [main] DEBUG org.apache.http.wire - http-outgoing-0 >> "Host: localhost:8443[\r][\n]"
12:32:19.225 [main] DEBUG org.apache.http.wire - http-outgoing-0 >> "Connection: Keep-Alive[\r][\n]"
12:32:19.225 [main] DEBUG org.apache.http.wire - http-outgoing-0 >> "User-Agent: Apache-HttpClient/4.5.13 (Java/21)[\r][\n]"
12:32:19.225 [main] DEBUG org.apache.http.wire - http-outgoing-0 >> "Accept-Encoding: gzip,deflate[\r][\n]"
12:32:19.225 [main] DEBUG org.apache.http.wire - http-outgoing-0 >> "[\r][\n]"
12:32:19.227 [main] DEBUG org.apache.http.wire - http-outgoing-0 << "HTTP/1.1 200 [\r][\n]"
12:32:19.228 [main] DEBUG org.apache.http.wire - http-outgoing-0 << "X-Content-Type-Options: nosniff[\r][\n]"
12:32:19.228 [main] DEBUG org.apache.http.wire - http-outgoing-0 << "X-XSS-Protection: 1; mode=block[\r][\n]"
12:32:19.228 [main] DEBUG org.apache.http.wire - http-outgoing-0 << "Cache-Control: no-cache, no-store, max-age=0, must-revalidate[\r][\n]"
12:32:19.228 [main] DEBUG org.apache.http.wire - http-outgoing-0 << "Pragma: no-cache[\r][\n]"
12:32:19.228 [main] DEBUG org.apache.http.wire - http-outgoing-0 << "Expires: 0[\r][\n]"
12:32:19.228 [main] DEBUG org.apache.http.wire - http-outgoing-0 << "X-Frame-Options: DENY[\r][\n]"
12:32:19.228 [main] DEBUG org.apache.http.wire - http-outgoing-0 << "Content-Type: application/json;charset=UTF-8[\r][\n]"
12:32:19.228 [main] DEBUG org.apache.http.wire - http-outgoing-0 << "Content-Length: 7[\r][\n]"
12:32:19.228 [main] DEBUG org.apache.http.wire - http-outgoing-0 << "Date: Sun, 05 Nov 2023 11:32:19 GMT[\r][\n]"
12:32:19.228 [main] DEBUG org.apache.http.wire - http-outgoing-0 << "[\r][\n]"
12:32:19.228 [main] DEBUG org.apache.http.wire - http-outgoing-0 << "Got it!"
12:32:19.229 [main] DEBUG org.apache.http.headers - http-outgoing-0 << HTTP/1.1 200 
12:32:19.230 [main] DEBUG org.apache.http.headers - http-outgoing-0 << X-Content-Type-Options: nosniff
12:32:19.230 [main] DEBUG org.apache.http.headers - http-outgoing-0 << X-XSS-Protection: 1; mode=block
12:32:19.230 [main] DEBUG org.apache.http.headers - http-outgoing-0 << Cache-Control: no-cache, no-store, max-age=0, must-revalidate
12:32:19.230 [main] DEBUG org.apache.http.headers - http-outgoing-0 << Pragma: no-cache
12:32:19.230 [main] DEBUG org.apache.http.headers - http-outgoing-0 << Expires: 0
12:32:19.230 [main] DEBUG org.apache.http.headers - http-outgoing-0 << X-Frame-Options: DENY
12:32:19.230 [main] DEBUG org.apache.http.headers - http-outgoing-0 << Content-Type: application/json;charset=UTF-8
12:32:19.230 [main] DEBUG org.apache.http.headers - http-outgoing-0 << Content-Length: 7
12:32:19.230 [main] DEBUG org.apache.http.headers - http-outgoing-0 << Date: Sun, 05 Nov 2023 11:32:19 GMT
12:32:19.232 [main] DEBUG org.apache.http.impl.execchain.MainClientExec - Connection can be kept alive indefinitely
12:32:19.235 [main] DEBUG org.apache.http.impl.conn.PoolingHttpClientConnectionManager - Connection [id: 0][route: {}->http://localhost:8443] can be kept alive indefinitely
12:32:19.235 [main] DEBUG org.apache.http.impl.conn.DefaultManagedHttpClientConnection - http-outgoing-0: set socket timeout to 0
12:32:19.236 [main] DEBUG org.apache.http.impl.conn.PoolingHttpClientConnectionManager - Connection released: [id: 0][route: {}->http://localhost:8443][total available: 1; route allocated: 1 of 2; total allocated: 1 of 20]
12:32:19.236 [main] DEBUG org.graphwalker.core.machine.SimpleMachine - Context: com.mbtroads.SomeSmallTest@4975af1
12:32:19.236 [main] DEBUG org.graphwalker.core.machine.ExecutionContext - Execute method: 'v_RegisterService' in model: 'SericeRegistry1'
12:32:19.237 [main] DEBUG org.graphwalker.core.machine.SimpleMachine - Context: com.mbtroads.SomeSmallTest@4975af1
12:32:19.237 [main] DEBUG org.graphwalker.core.machine.ExecutionContext - Execute guard: 'count==0;' in edge e_InvaledServiceRegisteryForm, in model: 'SericeRegistry1'
12:32:19.243 [main] DEBUG org.graphwalker.core.machine.ExecutionContext - Execute guard: 'count>0' in edge e_validServiceRegisteryForm, in model: 'SericeRegistry1'
12:32:19.246 [main] DEBUG org.graphwalker.core.machine.ExecutionContext - Execute action: 'count++;' in model: 'SericeRegistry1'
12:32:19.252 [main] DEBUG org.graphwalker.core.machine.ExecutionContext - Data: 'SomeSmallTest: com.mbtroads.SomeSmallTest@4975af1, count: 1, reg: true, '
12:32:19.252 [main] DEBUG org.graphwalker.core.machine.ExecutionContext - Execute method: 'e_InvaledServiceRegisteryForm' in model: 'SericeRegistry1'
12:32:19.254 [main] DEBUG org.apache.http.client.protocol.RequestAddCookies - CookieSpec selected: default
12:32:19.254 [main] DEBUG org.apache.http.client.protocol.RequestAuthCache - Auth cache not set in the context
12:32:19.255 [main] DEBUG org.apache.http.impl.conn.PoolingHttpClientConnectionManager - Connection request: [route: {}->http://localhost:8443][total available: 0; route allocated: 0 of 2; total allocated: 0 of 20]
12:32:19.255 [main] DEBUG org.apache.http.impl.conn.PoolingHttpClientConnectionManager - Connection leased: [id: 1][route: {}->http://localhost:8443][total available: 0; route allocated: 1 of 2; total allocated: 1 of 20]
12:32:19.255 [main] DEBUG org.apache.http.impl.execchain.MainClientExec - Opening connection {}->http://localhost:8443
12:32:19.255 [main] DEBUG org.apache.http.impl.conn.DefaultHttpClientConnectionOperator - Connecting to localhost/127.0.0.1:8443
12:32:19.256 [main] DEBUG org.apache.http.impl.conn.DefaultHttpClientConnectionOperator - Connection established 127.0.0.1:49834<->127.0.0.1:8443
12:32:19.256 [main] DEBUG org.apache.http.impl.execchain.MainClientExec - Executing request POST /serviceregistry/mgmt HTTP/1.1
12:32:19.256 [main] DEBUG org.apache.http.impl.execchain.MainClientExec - Target auth state: UNCHALLENGED
12:32:19.256 [main] DEBUG org.apache.http.impl.execchain.MainClientExec - Proxy auth state: UNCHALLENGED
12:32:19.256 [main] DEBUG org.apache.http.headers - http-outgoing-1 >> POST /serviceregistry/mgmt HTTP/1.1
12:32:19.256 [main] DEBUG org.apache.http.headers - http-outgoing-1 >> Content-type: application/json
12:32:19.256 [main] DEBUG org.apache.http.headers - http-outgoing-1 >> Content-Length: 339
12:32:19.257 [main] DEBUG org.apache.http.headers - http-outgoing-1 >> Host: localhost:8443
12:32:19.257 [main] DEBUG org.apache.http.headers - http-outgoing-1 >> Connection: Keep-Alive
12:32:19.257 [main] DEBUG org.apache.http.headers - http-outgoing-1 >> User-Agent: Apache-HttpClient/4.5.13 (Java/21)
12:32:19.257 [main] DEBUG org.apache.http.headers - http-outgoing-1 >> Accept-Encoding: gzip,deflate
12:32:19.257 [main] DEBUG org.apache.http.wire - http-outgoing-1 >> "POST /serviceregistry/mgmt HTTP/1.1[\r][\n]"
12:32:19.257 [main] DEBUG org.apache.http.wire - http-outgoing-1 >> "Content-type: application/json[\r][\n]"
12:32:19.257 [main] DEBUG org.apache.http.wire - http-outgoing-1 >> "Content-Length: 339[\r][\n]"
12:32:19.257 [main] DEBUG org.apache.http.wire - http-outgoing-1 >> "Host: localhost:8443[\r][\n]"
12:32:19.257 [main] DEBUG org.apache.http.wire - http-outgoing-1 >> "Connection: Keep-Alive[\r][\n]"
12:32:19.257 [main] DEBUG org.apache.http.wire - http-outgoing-1 >> "User-Agent: Apache-HttpClient/4.5.13 (Java/21)[\r][\n]"
12:32:19.257 [main] DEBUG org.apache.http.wire - http-outgoing-1 >> "Accept-Encoding: gzip,deflate[\r][\n]"
12:32:19.257 [main] DEBUG org.apache.http.wire - http-outgoing-1 >> "[\r][\n]"
12:32:19.257 [main] DEBUG org.apache.http.wire - http-outgoing-1 >> "{ "providerSystem": { "systemName": "insecuretemperaturesensor", "address": "192.168.0.2", "port": 8080, "authenticationInfo": "eyJhbGciOiJIUzI1Ni..."}, "serviceUri": "temperature", "endOfValidity": "2024-12-05T05:53:00+00:00", "secure": "NOT_SECURE", "metadata": { "unit": "celsius"}, "version": 1, "interfaces": [ "HTTP-INSECURE-JSON" ]}"
12:32:19.268 [main] DEBUG org.apache.http.wire - http-outgoing-1 << "HTTP/1.1 400 [\r][\n]"
12:32:19.268 [main] DEBUG org.apache.http.wire - http-outgoing-1 << "X-Content-Type-Options: nosniff[\r][\n]"
12:32:19.268 [main] DEBUG org.apache.http.wire - http-outgoing-1 << "X-XSS-Protection: 1; mode=block[\r][\n]"
12:32:19.268 [main] DEBUG org.apache.http.wire - http-outgoing-1 << "Cache-Control: no-cache, no-store, max-age=0, must-revalidate[\r][\n]"
12:32:19.268 [main] DEBUG org.apache.http.wire - http-outgoing-1 << "Pragma: no-cache[\r][\n]"
12:32:19.268 [main] DEBUG org.apache.http.wire - http-outgoing-1 << "Expires: 0[\r][\n]"
12:32:19.268 [main] DEBUG org.apache.http.wire - http-outgoing-1 << "X-Frame-Options: DENY[\r][\n]"
12:32:19.268 [main] DEBUG org.apache.http.wire - http-outgoing-1 << "Content-Type: application/json[\r][\n]"
12:32:19.268 [main] DEBUG org.apache.http.wire - http-outgoing-1 << "Transfer-Encoding: chunked[\r][\n]"
12:32:19.268 [main] DEBUG org.apache.http.wire - http-outgoing-1 << "Date: Sun, 05 Nov 2023 11:32:19 GMT[\r][\n]"
12:32:19.268 [main] DEBUG org.apache.http.wire - http-outgoing-1 << "Connection: close[\r][\n]"
12:32:19.268 [main] DEBUG org.apache.http.wire - http-outgoing-1 << "[\r][\n]"
12:32:19.269 [main] DEBUG org.apache.http.wire - http-outgoing-1 << "75[\r][\n]"
12:32:19.269 [main] DEBUG org.apache.http.wire - http-outgoing-1 << "{"errorMessage":"Service definition is null or blank","errorCode":400,"exceptionType":"BAD_PAYLOAD","origin":"/mgmt"}[\r][\n]"
12:32:19.269 [main] DEBUG org.apache.http.wire - http-outgoing-1 << "0[\r][\n]"
12:32:19.269 [main] DEBUG org.apache.http.wire - http-outgoing-1 << "[\r][\n]"
12:32:19.269 [main] DEBUG org.apache.http.headers - http-outgoing-1 << HTTP/1.1 400 
12:32:19.269 [main] DEBUG org.apache.http.headers - http-outgoing-1 << X-Content-Type-Options: nosniff
12:32:19.269 [main] DEBUG org.apache.http.headers - http-outgoing-1 << X-XSS-Protection: 1; mode=block
12:32:19.269 [main] DEBUG org.apache.http.headers - http-outgoing-1 << Cache-Control: no-cache, no-store, max-age=0, must-revalidate
12:32:19.269 [main] DEBUG org.apache.http.headers - http-outgoing-1 << Pragma: no-cache
12:32:19.269 [main] DEBUG org.apache.http.headers - http-outgoing-1 << Expires: 0
12:32:19.269 [main] DEBUG org.apache.http.headers - http-outgoing-1 << X-Frame-Options: DENY
12:32:19.269 [main] DEBUG org.apache.http.headers - http-outgoing-1 << Content-Type: application/json
12:32:19.269 [main] DEBUG org.apache.http.headers - http-outgoing-1 << Transfer-Encoding: chunked
12:32:19.269 [main] DEBUG org.apache.http.headers - http-outgoing-1 << Date: Sun, 05 Nov 2023 11:32:19 GMT
12:32:19.269 [main] DEBUG org.apache.http.headers - http-outgoing-1 << Connection: close
12:32:19.270 [main] DEBUG org.apache.http.impl.conn.DefaultManagedHttpClientConnection - http-outgoing-1: Close connection
12:32:19.271 [main] DEBUG org.apache.http.impl.execchain.MainClientExec - Connection discarded
12:32:19.272 [main] DEBUG org.apache.http.impl.conn.PoolingHttpClientConnectionManager - Connection released: [id: 1][route: {}->http://localhost:8443][total available: 0; route allocated: 0 of 2; total allocated: 0 of 20]
12:32:19.272 [main] DEBUG org.graphwalker.core.machine.SimpleMachine - Context: com.mbtroads.SomeSmallTest@4975af1
12:32:19.272 [main] DEBUG org.graphwalker.core.machine.ExecutionContext - Execute action: 'count++;' in model: 'SericeRegistry1'
12:32:19.273 [main] DEBUG org.graphwalker.core.machine.ExecutionContext - Data: 'SomeSmallTest: com.mbtroads.SomeSmallTest@4975af1, count: 2, reg: true, '
12:32:19.273 [main] DEBUG org.graphwalker.core.machine.ExecutionContext - Execute method: 'v_BadPayloadException' in model: 'SericeRegistry1'
12:32:19.274 [main] DEBUG org.graphwalker.core.machine.SimpleMachine - Context: com.mbtroads.SomeSmallTest@4975af1
12:32:19.274 [main] DEBUG org.graphwalker.core.machine.ExecutionContext - Execute method: 'e_back_RegisterService' in model: 'SericeRegistry1'
12:32:19.274 [main] DEBUG org.graphwalker.core.machine.SimpleMachine - Context: com.mbtroads.SomeSmallTest@4975af1
12:32:19.274 [main] DEBUG org.graphwalker.core.machine.ExecutionContext - Execute method: 'v_RegisterService' in model: 'SericeRegistry1'
12:32:19.275 [main] DEBUG org.graphwalker.core.machine.SimpleMachine - Context: com.mbtroads.SomeSmallTest@4975af1
12:32:19.275 [main] DEBUG org.graphwalker.core.machine.ExecutionContext - Execute guard: 'count==0;' in edge e_InvaledServiceRegisteryForm, in model: 'SericeRegistry1'
12:32:19.275 [main] DEBUG org.graphwalker.core.machine.ExecutionContext - Execute guard: 'count>0' in edge e_validServiceRegisteryForm, in model: 'SericeRegistry1'
12:32:19.275 [main] DEBUG org.graphwalker.core.machine.ExecutionContext - Execute method: 'e_validServiceRegisteryForm' in model: 'SericeRegistry1'
12:32:19.276 [main] DEBUG org.apache.http.client.protocol.RequestAddCookies - CookieSpec selected: default
12:32:19.277 [main] DEBUG org.apache.http.client.protocol.RequestAuthCache - Auth cache not set in the context
12:32:19.277 [main] DEBUG org.apache.http.impl.conn.PoolingHttpClientConnectionManager - Connection request: [route: {}->http://localhost:8443][total available: 0; route allocated: 0 of 2; total allocated: 0 of 20]
12:32:19.277 [main] DEBUG org.apache.http.impl.conn.PoolingHttpClientConnectionManager - Connection leased: [id: 2][route: {}->http://localhost:8443][total available: 0; route allocated: 1 of 2; total allocated: 1 of 20]
12:32:19.277 [main] DEBUG org.apache.http.impl.execchain.MainClientExec - Opening connection {}->http://localhost:8443
12:32:19.277 [main] DEBUG org.apache.http.impl.conn.DefaultHttpClientConnectionOperator - Connecting to localhost/127.0.0.1:8443
12:32:19.279 [main] DEBUG org.apache.http.impl.conn.DefaultHttpClientConnectionOperator - Connection established 127.0.0.1:49835<->127.0.0.1:8443
12:32:19.279 [main] DEBUG org.apache.http.impl.execchain.MainClientExec - Executing request POST /serviceregistry/mgmt HTTP/1.1
12:32:19.279 [main] DEBUG org.apache.http.impl.execchain.MainClientExec - Target auth state: UNCHALLENGED
12:32:19.279 [main] DEBUG org.apache.http.impl.execchain.MainClientExec - Proxy auth state: UNCHALLENGED
12:32:19.279 [main] DEBUG org.apache.http.headers - http-outgoing-2 >> POST /serviceregistry/mgmt HTTP/1.1
12:32:19.280 [main] DEBUG org.apache.http.headers - http-outgoing-2 >> Content-type: application/json
12:32:19.280 [main] DEBUG org.apache.http.headers - http-outgoing-2 >> Content-Length: 384
12:32:19.280 [main] DEBUG org.apache.http.headers - http-outgoing-2 >> Host: localhost:8443
12:32:19.280 [main] DEBUG org.apache.http.headers - http-outgoing-2 >> Connection: Keep-Alive
12:32:19.280 [main] DEBUG org.apache.http.headers - http-outgoing-2 >> User-Agent: Apache-HttpClient/4.5.13 (Java/21)
12:32:19.280 [main] DEBUG org.apache.http.headers - http-outgoing-2 >> Accept-Encoding: gzip,deflate
12:32:19.280 [main] DEBUG org.apache.http.wire - http-outgoing-2 >> "POST /serviceregistry/mgmt HTTP/1.1[\r][\n]"
12:32:19.280 [main] DEBUG org.apache.http.wire - http-outgoing-2 >> "Content-type: application/json[\r][\n]"
12:32:19.280 [main] DEBUG org.apache.http.wire - http-outgoing-2 >> "Content-Length: 384[\r][\n]"
12:32:19.280 [main] DEBUG org.apache.http.wire - http-outgoing-2 >> "Host: localhost:8443[\r][\n]"
12:32:19.280 [main] DEBUG org.apache.http.wire - http-outgoing-2 >> "Connection: Keep-Alive[\r][\n]"
12:32:19.280 [main] DEBUG org.apache.http.wire - http-outgoing-2 >> "User-Agent: Apache-HttpClient/4.5.13 (Java/21)[\r][\n]"
12:32:19.280 [main] DEBUG org.apache.http.wire - http-outgoing-2 >> "Accept-Encoding: gzip,deflate[\r][\n]"
12:32:19.280 [main] DEBUG org.apache.http.wire - http-outgoing-2 >> "[\r][\n]"
12:32:19.280 [main] DEBUG org.apache.http.wire - http-outgoing-2 >> "{ "serviceDefinition": "IndoorTemperature", "providerSystem": { "systemName": "insecuretemperaturesensornew", "address": "192.168.0.2", "port": 8080, "authenticationInfo": "eyJhbGciOiJIUzI1Ni..."}, "serviceUri": "temperature", "endOfValidity": "2024-12-05T05:53:00+00:00", "secure": "NOT_SECURE", "metadata": { "unit": "celsius"}, "version": 1, "interfaces": [ "HTTP-INSECURE-JSON" ]}"
12:32:19.311 [main] DEBUG org.apache.http.wire - http-outgoing-2 << "HTTP/1.1 400 [\r][\n]"
12:32:19.312 [main] DEBUG org.apache.http.wire - http-outgoing-2 << "X-Content-Type-Options: nosniff[\r][\n]"
12:32:19.312 [main] DEBUG org.apache.http.wire - http-outgoing-2 << "X-XSS-Protection: 1; mode=block[\r][\n]"
12:32:19.312 [main] DEBUG org.apache.http.wire - http-outgoing-2 << "Cache-Control: no-cache, no-store, max-age=0, must-revalidate[\r][\n]"
12:32:19.312 [main] DEBUG org.apache.http.wire - http-outgoing-2 << "Pragma: no-cache[\r][\n]"
12:32:19.312 [main] DEBUG org.apache.http.wire - http-outgoing-2 << "Expires: 0[\r][\n]"
12:32:19.312 [main] DEBUG org.apache.http.wire - http-outgoing-2 << "X-Frame-Options: DENY[\r][\n]"
12:32:19.312 [main] DEBUG org.apache.http.wire - http-outgoing-2 << "Content-Type: application/json[\r][\n]"
12:32:19.312 [main] DEBUG org.apache.http.wire - http-outgoing-2 << "Transfer-Encoding: chunked[\r][\n]"
12:32:19.312 [main] DEBUG org.apache.http.wire - http-outgoing-2 << "Date: Sun, 05 Nov 2023 11:32:19 GMT[\r][\n]"
12:32:19.312 [main] DEBUG org.apache.http.wire - http-outgoing-2 << "Connection: close[\r][\n]"
12:32:19.313 [main] DEBUG org.apache.http.wire - http-outgoing-2 << "[\r][\n]"
12:32:19.313 [main] DEBUG org.apache.http.wire - http-outgoing-2 << "f1[\r][\n]"
12:32:19.313 [main] DEBUG org.apache.http.wire - http-outgoing-2 << "{"errorMessage":"Service Registry entry with provider: (insecuretemperaturesensornew, 192.168.0.2:8080), service definition: indoortemperature and service URI: temperature already exists.","errorCode":400,"exceptionType":"INVALID_PARAMETER"}[\r][\n]"
12:32:19.313 [main] DEBUG org.apache.http.wire - http-outgoing-2 << "0[\r][\n]"
12:32:19.313 [main] DEBUG org.apache.http.wire - http-outgoing-2 << "[\r][\n]"
12:32:19.313 [main] DEBUG org.apache.http.headers - http-outgoing-2 << HTTP/1.1 400 
12:32:19.313 [main] DEBUG org.apache.http.headers - http-outgoing-2 << X-Content-Type-Options: nosniff
12:32:19.314 [main] DEBUG org.apache.http.headers - http-outgoing-2 << X-XSS-Protection: 1; mode=block
12:32:19.314 [main] DEBUG org.apache.http.headers - http-outgoing-2 << Cache-Control: no-cache, no-store, max-age=0, must-revalidate
12:32:19.314 [main] DEBUG org.apache.http.headers - http-outgoing-2 << Pragma: no-cache
12:32:19.314 [main] DEBUG org.apache.http.headers - http-outgoing-2 << Expires: 0
12:32:19.314 [main] DEBUG org.apache.http.headers - http-outgoing-2 << X-Frame-Options: DENY
12:32:19.314 [main] DEBUG org.apache.http.headers - http-outgoing-2 << Content-Type: application/json
12:32:19.314 [main] DEBUG org.apache.http.headers - http-outgoing-2 << Transfer-Encoding: chunked
12:32:19.314 [main] DEBUG org.apache.http.headers - http-outgoing-2 << Date: Sun, 05 Nov 2023 11:32:19 GMT
12:32:19.314 [main] DEBUG org.apache.http.headers - http-outgoing-2 << Connection: close
12:32:19.314 [main] DEBUG org.apache.http.impl.conn.DefaultManagedHttpClientConnection - http-outgoing-2: Close connection
12:32:19.314 [main] DEBUG org.apache.http.impl.execchain.MainClientExec - Connection discarded
12:32:19.314 [main] DEBUG org.apache.http.impl.conn.PoolingHttpClientConnectionManager - Connection released: [id: 2][route: {}->http://localhost:8443][total available: 0; route allocated: 0 of 2; total allocated: 0 of 20]
12:32:19.315 [main] DEBUG org.graphwalker.core.machine.SimpleMachine - Context: com.mbtroads.SomeSmallTest@4975af1
12:32:19.315 [main] DEBUG org.graphwalker.core.machine.ExecutionContext - Execute method: 'v_ValidPayload' in model: 'SericeRegistry1'
12:32:19.316 [main] DEBUG org.graphwalker.core.machine.SimpleMachine - Context: com.mbtroads.SomeSmallTest@4975af1
12:32:19.316 [main] DEBUG org.graphwalker.core.machine.ExecutionContext - Execute guard: 'reg==true' in edge e_SerrviceDefinationNotExist, in model: 'SericeRegistry1'
12:32:19.316 [main] DEBUG org.graphwalker.core.machine.ExecutionContext - Execute guard: 'reg==false' in edge e_SerrviceDefinationtExist, in model: 'SericeRegistry1'
12:32:19.317 [main] DEBUG org.graphwalker.core.machine.ExecutionContext - Execute method: 'e_SerrviceDefinationNotExist' in model: 'SericeRegistry1'
12:32:19.318 [main] DEBUG org.apache.http.client.protocol.RequestAddCookies - CookieSpec selected: default
12:32:19.318 [main] DEBUG org.apache.http.client.protocol.RequestAuthCache - Auth cache not set in the context
12:32:19.318 [main] DEBUG org.apache.http.impl.conn.PoolingHttpClientConnectionManager - Connection request: [route: {}->http://localhost:8443][total available: 0; route allocated: 0 of 2; total allocated: 0 of 20]
12:32:19.318 [main] DEBUG org.apache.http.impl.conn.PoolingHttpClientConnectionManager - Connection leased: [id: 3][route: {}->http://localhost:8443][total available: 0; route allocated: 1 of 2; total allocated: 1 of 20]
12:32:19.319 [main] DEBUG org.apache.http.impl.execchain.MainClientExec - Opening connection {}->http://localhost:8443
12:32:19.319 [main] DEBUG org.apache.http.impl.conn.DefaultHttpClientConnectionOperator - Connecting to localhost/127.0.0.1:8443
12:32:19.319 [main] DEBUG org.apache.http.impl.conn.DefaultHttpClientConnectionOperator - Connection established 127.0.0.1:49836<->127.0.0.1:8443
12:32:19.319 [main] DEBUG org.apache.http.impl.execchain.MainClientExec - Executing request POST /serviceregistry/mgmt HTTP/1.1
12:32:19.319 [main] DEBUG org.apache.http.impl.execchain.MainClientExec - Target auth state: UNCHALLENGED
12:32:19.319 [main] DEBUG org.apache.http.impl.execchain.MainClientExec - Proxy auth state: UNCHALLENGED
12:32:19.319 [main] DEBUG org.apache.http.headers - http-outgoing-3 >> POST /serviceregistry/mgmt HTTP/1.1
12:32:19.319 [main] DEBUG org.apache.http.headers - http-outgoing-3 >> Content-type: application/json
12:32:19.319 [main] DEBUG org.apache.http.headers - http-outgoing-3 >> Content-Length: 400
12:32:19.319 [main] DEBUG org.apache.http.headers - http-outgoing-3 >> Host: localhost:8443
12:32:19.319 [main] DEBUG org.apache.http.headers - http-outgoing-3 >> Connection: Keep-Alive
12:32:19.319 [main] DEBUG org.apache.http.headers - http-outgoing-3 >> User-Agent: Apache-HttpClient/4.5.13 (Java/21)
12:32:19.319 [main] DEBUG org.apache.http.headers - http-outgoing-3 >> Accept-Encoding: gzip,deflate
12:32:19.319 [main] DEBUG org.apache.http.wire - http-outgoing-3 >> "POST /serviceregistry/mgmt HTTP/1.1[\r][\n]"
12:32:19.319 [main] DEBUG org.apache.http.wire - http-outgoing-3 >> "Content-type: application/json[\r][\n]"
12:32:19.320 [main] DEBUG org.apache.http.wire - http-outgoing-3 >> "Content-Length: 400[\r][\n]"
12:32:19.320 [main] DEBUG org.apache.http.wire - http-outgoing-3 >> "Host: localhost:8443[\r][\n]"
12:32:19.320 [main] DEBUG org.apache.http.wire - http-outgoing-3 >> "Connection: Keep-Alive[\r][\n]"
12:32:19.320 [main] DEBUG org.apache.http.wire - http-outgoing-3 >> "User-Agent: Apache-HttpClient/4.5.13 (Java/21)[\r][\n]"
12:32:19.320 [main] DEBUG org.apache.http.wire - http-outgoing-3 >> "Accept-Encoding: gzip,deflate[\r][\n]"
12:32:19.320 [main] DEBUG org.apache.http.wire - http-outgoing-3 >> "[\r][\n]"
12:32:19.320 [main] DEBUG org.apache.http.wire - http-outgoing-3 >> "{ "serviceDefinition": "IndoorTemperature", "providerSystem": { "systemName": "insecuretemperaturesensor-2023-32-05-12-32-19","address": "192.168.0.2", "port": 8080, "authenticationInfo": "eyJhbGciOiJIUzI1Ni..."}, "serviceUri": "temperature", "endOfValidity": "2024-12-05T05:53:00+00:00", "secure": "NOT_SECURE", "metadata": { "unit": "celsius"}, "version": 1, "interfaces": [ "HTTP-INSECURE-JSON" ]}"
12:32:19.343 [main] DEBUG org.apache.http.wire - http-outgoing-3 << "HTTP/1.1 201 [\r][\n]"
12:32:19.343 [main] DEBUG org.apache.http.wire - http-outgoing-3 << "X-Content-Type-Options: nosniff[\r][\n]"
12:32:19.343 [main] DEBUG org.apache.http.wire - http-outgoing-3 << "X-XSS-Protection: 1; mode=block[\r][\n]"
12:32:19.343 [main] DEBUG org.apache.http.wire - http-outgoing-3 << "Cache-Control: no-cache, no-store, max-age=0, must-revalidate[\r][\n]"
12:32:19.343 [main] DEBUG org.apache.http.wire - http-outgoing-3 << "Pragma: no-cache[\r][\n]"
12:32:19.343 [main] DEBUG org.apache.http.wire - http-outgoing-3 << "Expires: 0[\r][\n]"
12:32:19.343 [main] DEBUG org.apache.http.wire - http-outgoing-3 << "X-Frame-Options: DENY[\r][\n]"
12:32:19.343 [main] DEBUG org.apache.http.wire - http-outgoing-3 << "Content-Type: application/json;charset=UTF-8[\r][\n]"
12:32:19.343 [main] DEBUG org.apache.http.wire - http-outgoing-3 << "Transfer-Encoding: chunked[\r][\n]"
12:32:19.343 [main] DEBUG org.apache.http.wire - http-outgoing-3 << "Date: Sun, 05 Nov 2023 11:32:19 GMT[\r][\n]"
12:32:19.344 [main] DEBUG org.apache.http.wire - http-outgoing-3 << "[\r][\n]"
12:32:19.344 [main] DEBUG org.apache.http.wire - http-outgoing-3 << "2e7[\r][\n]"
12:32:19.344 [main] DEBUG org.apache.http.wire - http-outgoing-3 << "{"id":758,"serviceDefinition":{"id":28,"serviceDefinition":"indoortemperature","createdAt":"2023-10-08T21:34:15Z","updatedAt":"2023-10-08T21:34:15Z"},"provider":{"id":157,"systemName":"insecuretemperaturesensor-2023-32-05-12-32-19","address":"192.168.0.2","port":8080,"authenticationInfo":"eyJhbGciOiJIUzI1Ni...","createdAt":"2023-11-05T11:32:19.330505Z","updatedAt":"2023-11-05T11:32:19.330505Z"},"serviceUri":"temperature","endOfValidity":"2024-12-05T05:53:00Z","secure":"NOT_SECURE","metadata":{"unit":"celsius"},"version":1,"interfaces":[{"id":2,"interfaceName":"HTTP-INSECURE-JSON","createdAt":"2023-09-29T21:42:51Z","updatedAt":"2023-09-29T21:42:51Z"}],"createdAt":"2023-11-05T11:32:19.334556Z","updatedAt":"2023-11-05T11:32:19.334556Z"}[\r][\n]"
12:32:19.344 [main] DEBUG org.apache.http.headers - http-outgoing-3 << HTTP/1.1 201 
12:32:19.344 [main] DEBUG org.apache.http.headers - http-outgoing-3 << X-Content-Type-Options: nosniff
12:32:19.344 [main] DEBUG org.apache.http.headers - http-outgoing-3 << X-XSS-Protection: 1; mode=block
12:32:19.344 [main] DEBUG org.apache.http.headers - http-outgoing-3 << Cache-Control: no-cache, no-store, max-age=0, must-revalidate
12:32:19.344 [main] DEBUG org.apache.http.headers - http-outgoing-3 << Pragma: no-cache
12:32:19.344 [main] DEBUG org.apache.http.headers - http-outgoing-3 << Expires: 0
12:32:19.345 [main] DEBUG org.apache.http.headers - http-outgoing-3 << X-Frame-Options: DENY
12:32:19.345 [main] DEBUG org.apache.http.headers - http-outgoing-3 << Content-Type: application/json;charset=UTF-8
12:32:19.345 [main] DEBUG org.apache.http.headers - http-outgoing-3 << Transfer-Encoding: chunked
12:32:19.345 [main] DEBUG org.apache.http.headers - http-outgoing-3 << Date: Sun, 05 Nov 2023 11:32:19 GMT
12:32:19.345 [main] DEBUG org.apache.http.impl.execchain.MainClientExec - Connection can be kept alive indefinitely
12:32:19.345 [main] DEBUG org.apache.http.wire - http-outgoing-3 << "0[\r][\n]"
12:32:19.345 [main] DEBUG org.apache.http.wire - http-outgoing-3 << "[\r][\n]"
12:32:19.345 [main] DEBUG org.apache.http.impl.conn.PoolingHttpClientConnectionManager - Connection [id: 3][route: {}->http://localhost:8443] can be kept alive indefinitely
12:32:19.345 [main] DEBUG org.apache.http.impl.conn.DefaultManagedHttpClientConnection - http-outgoing-3: set socket timeout to 0
12:32:19.346 [main] DEBUG org.apache.http.impl.conn.PoolingHttpClientConnectionManager - Connection released: [id: 3][route: {}->http://localhost:8443][total available: 1; route allocated: 1 of 2; total allocated: 1 of 20]
12:32:19.349 [main] DEBUG org.graphwalker.core.machine.SimpleMachine - Context: com.mbtroads.SomeSmallTest@4975af1
12:32:19.349 [main] DEBUG org.graphwalker.core.machine.ExecutionContext - Execute method: 'v_RegisteredService' in model: 'SericeRegistry1'
12:32:19.351 [main] DEBUG org.graphwalker.core.machine.SimpleMachine - Context: com.mbtroads.SomeSmallTest@4975af1
12:32:19.351 [main] DEBUG org.graphwalker.core.machine.ExecutionContext - Execute guard: 'reg==true' in edge e_SaveService, in model: 'SericeRegistry1'
12:32:19.352 [main] DEBUG org.graphwalker.core.machine.ExecutionContext - Execute method: 'e_SaveService' in model: 'SericeRegistry1'
12:32:19.389 [main] DEBUG org.apache.http.client.protocol.RequestAddCookies - CookieSpec selected: default
12:32:19.389 [main] DEBUG org.apache.http.client.protocol.RequestAuthCache - Auth cache not set in the context
12:32:19.389 [main] DEBUG org.apache.http.impl.conn.PoolingHttpClientConnectionManager - Connection request: [route: {}->http://localhost:8443][total available: 0; route allocated: 0 of 2; total allocated: 0 of 20]
12:32:19.389 [main] DEBUG org.apache.http.impl.conn.PoolingHttpClientConnectionManager - Connection leased: [id: 4][route: {}->http://localhost:8443][total available: 0; route allocated: 1 of 2; total allocated: 1 of 20]
12:32:19.389 [main] DEBUG org.apache.http.impl.execchain.MainClientExec - Opening connection {}->http://localhost:8443
12:32:19.389 [main] DEBUG org.apache.http.impl.conn.DefaultHttpClientConnectionOperator - Connecting to localhost/127.0.0.1:8443
12:32:19.389 [main] DEBUG org.apache.http.impl.conn.DefaultHttpClientConnectionOperator - Connection established 127.0.0.1:49837<->127.0.0.1:8443
12:32:19.389 [main] DEBUG org.apache.http.impl.execchain.MainClientExec - Executing request GET /serviceregistry/mgmt?direction=ASC&sort_field=id HTTP/1.1
12:32:19.390 [main] DEBUG org.apache.http.impl.execchain.MainClientExec - Target auth state: UNCHALLENGED
12:32:19.390 [main] DEBUG org.apache.http.impl.execchain.MainClientExec - Proxy auth state: UNCHALLENGED
12:32:19.390 [main] DEBUG org.apache.http.headers - http-outgoing-4 >> GET /serviceregistry/mgmt?direction=ASC&sort_field=id HTTP/1.1
12:32:19.390 [main] DEBUG org.apache.http.headers - http-outgoing-4 >> Accept: application/json
12:32:19.390 [main] DEBUG org.apache.http.headers - http-outgoing-4 >> Content-type: application/json
12:32:19.390 [main] DEBUG org.apache.http.headers - http-outgoing-4 >> Host: localhost:8443
12:32:19.390 [main] DEBUG org.apache.http.headers - http-outgoing-4 >> Connection: Keep-Alive
12:32:19.390 [main] DEBUG org.apache.http.headers - http-outgoing-4 >> User-Agent: Apache-HttpClient/4.5.13 (Java/21)
12:32:19.390 [main] DEBUG org.apache.http.headers - http-outgoing-4 >> Accept-Encoding: gzip,deflate
12:32:19.390 [main] DEBUG org.apache.http.wire - http-outgoing-4 >> "GET /serviceregistry/mgmt?direction=ASC&sort_field=id HTTP/1.1[\r][\n]"
12:32:19.390 [main] DEBUG org.apache.http.wire - http-outgoing-4 >> "Accept: application/json[\r][\n]"
12:32:19.390 [main] DEBUG org.apache.http.wire - http-outgoing-4 >> "Content-type: application/json[\r][\n]"
12:32:19.390 [main] DEBUG org.apache.http.wire - http-outgoing-4 >> "Host: localhost:8443[\r][\n]"
12:32:19.390 [main] DEBUG org.apache.http.wire - http-outgoing-4 >> "Connection: Keep-Alive[\r][\n]"
12:32:19.390 [main] DEBUG org.apache.http.wire - http-outgoing-4 >> "User-Agent: Apache-HttpClient/4.5.13 (Java/21)[\r][\n]"
12:32:19.390 [main] DEBUG org.apache.http.wire - http-outgoing-4 >> "Accept-Encoding: gzip,deflate[\r][\n]"
12:32:19.390 [main] DEBUG org.apache.http.wire - http-outgoing-4 >> "[\r][\n]"
12:32:19.628 [main] DEBUG org.apache.http.wire - http-outgoing-4 << "HTTP/1.1 200 [\r][\n]"
12:32:19.628 [main] DEBUG org.apache.http.wire - http-outgoing-4 << "X-Content-Type-Options: nosniff[\r][\n]"
12:32:19.628 [main] DEBUG org.apache.http.wire - http-outgoing-4 << "X-XSS-Protection: 1; mode=block[\r][\n]"
12:32:19.628 [main] DEBUG org.apache.http.wire - http-outgoing-4 << "Cache-Control: no-cache, no-store, max-age=0, must-revalidate[\r][\n]"
12:32:19.628 [main] DEBUG org.apache.http.wire - http-outgoing-4 << "Pragma: no-cache[\r][\n]"
12:32:19.628 [main] DEBUG org.apache.http.wire - http-outgoing-4 << "Expires: 0[\r][\n]"
12:32:19.629 [main] DEBUG org.apache.http.wire - http-outgoing-4 << "X-Frame-Options: DENY[\r][\n]"
12:32:19.629 [main] DEBUG org.apache.http.wire - http-outgoing-4 << "Content-Type: application/json;charset=UTF-8[\r][\n]"
12:32:19.629 [main] DEBUG org.apache.http.wire - http-outgoing-4 << "Transfer-Encoding: chunked[\r][\n]"
12:32:19.629 [main] DEBUG org.apache.http.wire - http-outgoing-4 << "Date: Sun, 05 Nov 2023 11:32:19 GMT[\r][\n]"
12:32:19.629 [main] DEBUG org.apache.http.wire - http-outgoing-4 << "[\r][\n]"
12:32:19.629 [main] DEBUG org.apache.http.wire - http-outgoing-4 << "2000[\r][\n]"
12:32:19.629 [main] DEBUG org.apache.http.wire - http-outgoing-4 << "{"data":[{"id":203,"serviceDefinition":{"id":28,"serviceDefinition":"indoortemperature","createdAt":"2023-10-08T21:34:15Z","updatedAt":"2023-10-08T21:34:15Z"},"provider":{"id":16,"systemName":"indoortemperature","address":"192.168.0.2","port":8080,"authenticationInfo":"eyJhbGciOiJIUzI1Ni...","createdAt":"2023-10-08T21:34:15Z","updatedAt":"2023-10-08T21:34:15Z"},"serviceUri":"temperature","endOfValidity":"2024-12-05T05:53:00Z","secure":"NOT_SECURE","metadata":{"unit":"celsius"},"version":1,"interfaces":[{"id":2,"interfaceName":"HTTP-INSECURE-JSON","createdAt":"2023-09-29T21:42:51Z","updatedAt":"2023-09-29T21:42:51Z"}],"createdAt":"2023-10-08T21:34:15Z","updatedAt":"2023-10-08T21:34:15Z"},{"id":204,"serviceDefinition":{"id":28,"serviceDefinition":"indoortemperature","createdAt":"2023-10-08T21:34:15Z","updatedAt":"2023-10-08T21:34:15Z"},"provider":{"id":17,"systemName":"insecuretemperaturesensor","address":"192.168.0.2","port":8080,"authenticationInfo":"eyJhbGciOiJIUzI1Ni...","createdAt":"2023-10-08T21:39:58Z","updatedAt":"2023-10-08T21:39:58Z"},"serviceUri":"temperature","endOfValidity":"2024-12-05T05:53:00Z","secure":"NOT_SECURE","metadata":{"unit":"celsius"},"version":1,"interfaces":[{"id":2,"interfaceName":"HTTP-INSECURE-JSON","createdAt":"2023-09-29T21:42:51Z","updatedAt":"2023-09-29T21:42:51Z"}],"createdAt":"2023-10-08T21:39:58Z","updatedAt":"2023-10-08T21:39:58Z"},{"id":206,"serviceDefinition":{"id":28,"serviceDefinition":"indoortemperature","createdAt":"2023-10-08T21:34:15Z","updatedAt":"2023-10-08T21:34:15Z"},"provider":{"id":19,"systemName":"insecuretemperaturesensor-2023-53-08-11-53-25","address":"192.168.0.2","port":8080,"authenticationInfo":"eyJhbGciOiJIUzI1Ni...","createdAt":"2023-10-08T21:53:26Z","updatedAt":"2023-10-08T21:53:26Z"},"serviceUri":"temperature","endOfValidity":"2024-12-05T05:53:00Z","secure":"NOT_SECURE","metadata":{"unit":"celsius"},"version":1,"interfaces":[{"id":2,"interfaceName":"HTTP-INSECURE-JSON","createdAt":"2023-09-29T21:42:51Z","updatedAt":"2023-09-29T21:42:51Z"}],"createdAt":"2023-10-08T21:53:26Z","updatedAt":"2023-10-08T21:53:26Z"},{"id":207,"serviceDefinition":{"id":28,"serviceDefinition":"indoortemperature","createdAt":"2023-10-08T21:34:15Z","updatedAt":"2023-10-08T21:34:15Z"},"provider":{"id":20,"systemName":"insecuretemperaturesensor-2023-58-08-11-58-25","address":"192.168.0.2","port":8080,"authenticationInfo":"eyJhbGciOiJIUzI1Ni...","createdAt":"2023-10-08T21:58:25Z","updatedAt":"2023-10-08T21:58:25Z"},"serviceUri":"temperature","endOfValidity":"2024-12-05T05:53:00Z","secure":"NOT_SECURE","metadata":{"unit":"celsius"},"version":1,"interfaces":[{"id":2,"interfaceName":"HTTP-INSECURE-JSON","createdAt":"2023-09-29T21:42:51Z","updatedAt":"2023-09-29T21:42:51Z"}],"createdAt":"2023-10-08T21:58:25Z","updatedAt":"2023-10-08T21:58:25Z"},{"id":209,"serviceDefinition":{"id":28,"serviceDefinition":"indoortemperature","createdAt":"2023-10-08T21:34:15Z","updatedAt":"2023-10-08T21:34:15Z"},"provider":{"id":22,"systemName":"insecuretemperaturesensor-2023-02-09-12-02-55","address":"192.168.0.2","port":8080,"authenticationInfo":"eyJhbGciOiJIUzI1Ni...","createdAt":"2023-10-08T22:02:56Z","updatedAt":"2023-10-08T22:02:56Z"},"serviceUri":"temperature","endOfValidity":"2024-12-05T05:53:00Z","secure":"NOT_SECURE","metadata":{"unit":"celsius"},"version":1,"interfaces":[{"id":2,"interfaceName":"HTTP-INSECURE-JSON","createdAt":"2023-09-29T21:42:51Z","updatedAt":"2023-09-29T21:42:51Z"}],"createdAt":"2023-10-08T22:02:56Z","updatedAt":"2023-10-08T22:02:56Z"},{"id":210,"serviceDefinition":{"id":28,"serviceDefinition":"indoortemperature","createdAt":"2023-10-08T21:34:15Z","updatedAt":"2023-10-08T21:34:15Z"},"provider":{"id":23,"systemName":"insecuretemperaturesensor-2023-03-09-12-03-55","address":"192.168.0.2","port":8080,"authenticationInfo":"eyJhbGciOiJIUzI1Ni...","createdAt":"2023-10-08T22:03:55Z","updatedAt":"2023-10-08T22:03:55Z"},"serviceUri":"temperature","endOfValidity":"2024-12-05T05:53:00Z","secure":"NOT_SECURE","metadata":{"unit":"celsius"},"version":1,"interfaces":[{"id":2,"interfaceName":"HTTP-INSECURE-JSON","createdAt":"2023-09-29T21:42:51Z","updatedAt":"2023-09-29T21:42:51Z"}],"createdAt":"2023-10-08T22:03:55Z","updatedAt":"2023-10-08T22:03:55Z"},{"id":211,"serviceDefinition":{"id":28,"serviceDefinition":"indoortemperature","createdAt":"2023-10-08T21:34:15Z","updatedAt":"2023-10-08T21:34:15Z"},"provider":{"id":24,"systemName":"insecuretemperaturesensor-2023-06-09-12-06-07","address":"192.168.0.2","port":8080,"authenticationInfo":"eyJhbGciOiJIUzI1Ni...","createdAt":"2023-10-08T22:06:07Z","updatedAt":"2023-10-08T22:06:07Z"},"serviceUri":"temperature","endOfValidity":"2024-12-05T05:53:00Z","secure":"NOT_SECURE","metadata":{"unit":"celsius"},"version":1,"interfaces":[{"id":2,"interfaceName":"HTTP-INSECURE-JSON","createdAt":"2023-09-29T21:42:51Z","updatedAt":"2023-09-29T21:42:51Z"}],"createdAt":"2023-10-08T22:06:07Z","updatedAt":"2023-10-08T22:06:07Z"},{"id":212,"serviceDefinition":{"id":28,"serviceDefinition":"indoortemperature","createdAt":"2023-10-08T21:34:15Z","updatedAt":"2023-10-08T21:34:15Z"},"provider":{"id":25,"systemName":"insecuretemperaturesensor-2023-07-09-12-07-53","address":"192.168.0.2","port":8080,"authenticationInfo":"eyJhbGciOiJIUzI1Ni...","createdAt":"2023-10-08T22:07:53Z","updatedAt":"2023-10-08T22:07:53Z"},"serviceUri":"temperature","endOfValidity":"2024-12-05T05:53:00Z","secure":"NOT_SECURE","metadata":{"unit":"celsius"},"version":1,"interfaces":[{"id":2,"interfaceName":"HTTP-INSECURE-JSON","createdAt":"2023-09-29T21:42:51Z","updatedAt":"2023-09-29T21:42:51Z"}],"createdAt":"2023-10-08T22:07:53Z","updatedAt":"2023-10-08T22:07:53Z"},{"id":213,"serviceDefinition":{"id":28,"serviceDefinition":"indoortemperature","createdAt":"2023-10-08T21:34:15Z","updatedAt":"2023-10-08T21:34:15Z"},"provider":{"id":26,"systemName":"insecuretemperaturesensor-2023-10-09-12-10-35","address":"192.168.0.2","port":8080,"authenticationInfo":"eyJhbGciOiJIUzI1Ni...","createdAt":"2023-10-08T22:10:35Z","updatedAt":"2023-10-08T22:10:35Z"},"serviceUri":"temperature","endOfValidity":"2024-12-05T05:53:00Z","secure":"NOT_SECURE","metadata":{"unit":"celsius"},"version":1,"interfaces":[{"id":2,"interfaceName":"HTTP-INSECURE-JSON","createdAt":"2023-09-29T21:42:51Z","updatedAt":"2023-09-29T21:42:51Z"}],"createdAt":"2023-10-08T22:10:35Z","updatedAt":"2023-10-08T22:10:35Z"},{"id":214,"serviceDefinition":{"id":28,"serviceDefinition":"indoortemperature","createdAt":"2023-10-08T21:34:15Z","updatedAt":"2023-10-08T21:34:15Z"},"provider":{"id":27,"systemName":"insecuretemperaturesensor-2023-16-09-12-16-36","address":"192.168.0.2","port":8080,"authenticationInfo":"eyJhbGciOiJIUzI1Ni...","createdAt":"2023-10-08T22:16:36Z","updatedAt":"2023-10-08T22:16:36Z"},"serviceUri":"temperature","endOfValidity":"2024-12-05T05:53:00Z","secure":"NOT_SECURE","metadata":{"unit":"celsius"},"version":1,"interfaces":[{"id":2,"interfaceName":"HTTP-INSECURE-JSON","createdAt":"2023-09-29T21:42:51Z","updatedAt":"2023-09-29T21:42:51Z"}],"createdAt":"2023-10-08T22:16:36Z","updatedAt":"2023-10-08T22:16:36Z"},{"id":216,"serviceDefinition":{"id":28,"serviceDefinition":"indoortemperature","createdAt":"2023-10-08T21:34:15Z","updatedAt":"2023-10-08T21:34:15Z"},"provider":{"id":29,"systemName":"insecuretemperaturesensor-2023-21-09-12-21-57","address":"192.168.0.2","port":8080,"authenticationInfo":"eyJhbGciOiJIUzI1Ni...","createdAt":"2023-10-08T22:21:58Z","updatedAt":"2023-10-08T22:21:58Z"},"serviceUri":"temperature","endOfValidity":"2024-12-05T05:53:00Z","secure":"NOT_SECURE","metadata":{"unit":"celsius"},"version":1,"interfaces":[{"id":2,"interfaceName":"HTTP-INSECURE-JSON","createdAt":"2023-09-29T21:42:51Z","updatedAt":"2023-09-29T21:42:51Z"}],"createdAt":"2023-10-08T22:21:58Z","updatedAt":"2023-10-08T22:21:58Z"},{"id":295,"serviceDefinition":{"id":28,"serviceDef"
12:32:19.629 [main] DEBUG org.apache.http.headers - http-outgoing-4 << HTTP/1.1 200 
12:32:19.629 [main] DEBUG org.apache.http.headers - http-outgoing-4 << X-Content-Type-Options: nosniff
12:32:19.629 [main] DEBUG org.apache.http.headers - http-outgoing-4 << X-XSS-Protection: 1; mode=block
12:32:19.630 [main] DEBUG org.apache.http.headers - http-outgoing-4 << Cache-Control: no-cache, no-store, max-age=0, must-revalidate
12:32:19.630 [main] DEBUG org.apache.http.headers - http-outgoing-4 << Pragma: no-cache
12:32:19.630 [main] DEBUG org.apache.http.headers - http-outgoing-4 << Expires: 0
12:32:19.630 [main] DEBUG org.apache.http.headers - http-outgoing-4 << X-Frame-Options: DENY
12:32:19.630 [main] DEBUG org.apache.http.headers - http-outgoing-4 << Content-Type: application/json;charset=UTF-8
12:32:19.630 [main] DEBUG org.apache.http.headers - http-outgoing-4 << Transfer-Encoding: chunked
12:32:19.630 [main] DEBUG org.apache.http.headers - http-outgoing-4 << Date: Sun, 05 Nov 2023 11:32:19 GMT
12:32:19.630 [main] DEBUG org.apache.http.impl.execchain.MainClientExec - Connection can be kept alive indefinitely
12:32:19.630 [main] DEBUG org.apache.http.wire - http-outgoing-4 << "inition":"indoortemperature","createdAt":"2023-10-08T21:34:15Z","updatedAt":"2023-10-08T21:34:15Z"},"provider":{"id":34,"systemName":"insecuretemperaturesensor-2023-02-11-12-02-55","address":"192.168.0.2","port":8080,"authenticationInfo":"eyJhbGciOiJIUzI1Ni...","createdAt":"2023-10-11T10:02:55Z","updatedAt":"2023-1[\r][\n]"
12:32:19.630 [main] DEBUG org.apache.http.wire - http-outgoing-4 << "2000[\r][\n]"
12:32:19.631 [main] DEBUG org.apache.http.wire - http-outgoing-4 << "0-11T10:02:55Z"},"serviceUri":"temperature","endOfValidity":"2024-12-05T05:53:00Z","secure":"NOT_SECURE","metadata":{"unit":"celsius"},"version":1,"interfaces":[{"id":2,"interfaceName":"HTTP-INSECURE-JSON","createdAt":"2023-09-29T21:42:51Z","updatedAt":"2023-09-29T21:42:51Z"}],"createdAt":"2023-10-11T10:02:55Z","updatedAt":"2023-10-11T10:02:55Z"},{"id":339,"serviceDefinition":{"id":28,"serviceDefinition":"indoortemperature","createdAt":"2023-10-08T21:34:15Z","updatedAt":"2023-10-08T21:34:15Z"},"provider":{"id":38,"systemName":"insecuretemperaturesensor-2023-48-19-10-48-00","address":"192.168.0.2","port":8080,"authenticationInfo":"eyJhbGciOiJIUzI1Ni...","createdAt":"2023-10-19T08:48:01Z","updatedAt":"2023-10-19T08:48:01Z"},"serviceUri":"temperature","endOfValidity":"2024-12-05T05:53:00Z","secure":"NOT_SECURE","metadata":{"unit":"celsius"},"version":1,"interfaces":[{"id":2,"interfaceName":"HTTP-INSECURE-JSON","createdAt":"2023-09-29T21:42:51Z","updatedAt":"2023-09-29T21:42:51Z"}],"createdAt":"2023-10-19T08:48:01Z","updatedAt":"2023-10-19T08:48:01Z"},{"id":362,"serviceDefinition":{"id":28,"serviceDefinition":"indoortemperature","createdAt":"2023-10-08T21:34:15Z","updatedAt":"2023-10-08T21:34:15Z"},"provider":{"id":39,"systemName":"insecuretemperaturesensor-2023-03-19-11-03-52","address":"192.168.0.2","port":8080,"authenticationInfo":"eyJhbGciOiJIUzI1Ni...","createdAt":"2023-10-19T09:03:52Z","updatedAt":"2023-10-19T09:03:52Z"},"serviceUri":"temperature","endOfValidity":"2024-12-05T05:53:00Z","secure":"NOT_SECURE","metadata":{"unit":"celsius"},"version":1,"interfaces":[{"id":2,"interfaceName":"HTTP-INSECURE-JSON","createdAt":"2023-09-29T21:42:51Z","updatedAt":"2023-09-29T21:42:51Z"}],"createdAt":"2023-10-19T09:03:52Z","updatedAt":"2023-10-19T09:03:52Z"},{"id":363,"serviceDefinition":{"id":28,"serviceDefinition":"indoortemperature","createdAt":"2023-10-08T21:34:15Z","updatedAt":"2023-10-08T21:34:15Z"},"provider":{"id":40,"systemName":"insecuretemperaturesensor-2023-56-19-11-56-29","address":"192.168.0.2","port":8080,"authenticationInfo":"eyJhbGciOiJIUzI1Ni...","createdAt":"2023-10-19T09:56:30Z","updatedAt":"2023-10-19T09:56:30Z"},"serviceUri":"temperature","endOfValidity":"2024-12-05T05:53:00Z","secure":"NOT_SECURE","metadata":{"unit":"celsius"},"version":1,"interfaces":[{"id":2,"interfaceName":"HTTP-INSECURE-JSON","createdAt":"2023-09-29T21:42:51Z","updatedAt":"2023-09-29T21:42:51Z"}],"createdAt":"2023-10-19T09:56:30Z","updatedAt":"2023-10-19T09:56:30Z"},{"id":383,"serviceDefinition":{"id":28,"serviceDefinition":"indoortemperature","createdAt":"2023-10-08T21:34:15Z","updatedAt":"2023-10-08T21:34:15Z"},"provider":{"id":42,"systemName":"insecuretemperaturesensor-2023-12-20-11-12-11","address":"192.168.0.2","port":8080,"authenticationInfo":"eyJhbGciOiJIUzI1Ni...","createdAt":"2023-10-20T21:12:12Z","updatedAt":"2023-10-20T21:12:12Z"},"serviceUri":"temperature","endOfValidity":"2024-12-05T05:53:00Z","secure":"NOT_SECURE","metadata":{"unit":"celsius"},"version":1,"interfaces":[{"id":2,"interfaceName":"HTTP-INSECURE-JSON","createdAt":"2023-09-29T21:42:51Z","updatedAt":"2023-09-29T21:42:51Z"}],"createdAt":"2023-10-20T21:12:12Z","updatedAt":"2023-10-20T21:12:12Z"},{"id":384,"serviceDefinition":{"id":28,"serviceDefinition":"indoortemperature","createdAt":"2023-10-08T21:34:15Z","updatedAt":"2023-10-08T21:34:15Z"},"provider":{"id":43,"systemName":"insecuretemperaturesensor-2023-14-20-11-14-36","address":"192.168.0.2","port":8080,"authenticationInfo":"eyJhbGciOiJIUzI1Ni...","createdAt":"2023-10-20T21:14:37Z","updatedAt":"2023-10-20T21:14:37Z"},"serviceUri":"temperature","endOfValidity":"2024-12-05T05:53:00Z","secure":"NOT_SECURE","metadata":{"unit":"celsius"},"version":1,"interfaces":[{"id":2,"interfaceName":"HTTP-INSECURE-JSON","createdAt":"2023-09-29T21:42:51Z","updatedAt":"2023-09-29T21:42:51Z"}],"createdAt":"2023-10-20T21:14:37Z","updatedAt":"2023-10-20T21:14:37Z"},{"id":385,"serviceDefinition":{"id":28,"serviceDefinition":"indoortemperature","createdAt":"2023-10-08T21:34:15Z","updatedAt":"2023-10-08T21:34:15Z"},"provider":{"id":44,"systemName":"insecuretemperaturesensor-2023-54-20-11-54-21","address":"192.168.0.2","port":8080,"authenticationInfo":"eyJhbGciOiJIUzI1Ni...","createdAt":"2023-10-20T21:54:22Z","updatedAt":"2023-10-20T21:54:22Z"},"serviceUri":"temperature","endOfValidity":"2024-12-05T05:53:00Z","secure":"NOT_SECURE","metadata":{"unit":"celsius"},"version":1,"interfaces":[{"id":2,"interfaceName":"HTTP-INSECURE-JSON","createdAt":"2023-09-29T21:42:51Z","updatedAt":"2023-09-29T21:42:51Z"}],"createdAt":"2023-10-20T21:54:22Z","updatedAt":"2023-10-20T21:54:22Z"},{"id":386,"serviceDefinition":{"id":28,"serviceDefinition":"indoortemperature","createdAt":"2023-10-08T21:34:15Z","updatedAt":"2023-10-08T21:34:15Z"},"provider":{"id":45,"systemName":"insecuretemperaturesensor-2023-55-20-11-55-19","address":"192.168.0.2","port":8080,"authenticationInfo":"eyJhbGciOiJIUzI1Ni...","createdAt":"2023-10-20T21:55:20Z","updatedAt":"2023-10-20T21:55:20Z"},"serviceUri":"temperature","endOfValidity":"2024-12-05T05:53:00Z","secure":"NOT_SECURE","metadata":{"unit":"celsius"},"version":1,"interfaces":[{"id":2,"interfaceName":"HTTP-INSECURE-JSON","createdAt":"2023-09-29T21:42:51Z","updatedAt":"2023-09-29T21:42:51Z"}],"createdAt":"2023-10-20T21:55:20Z","updatedAt":"2023-10-20T21:55:20Z"},{"id":387,"serviceDefinition":{"id":28,"serviceDefinition":"indoortemperature","createdAt":"2023-10-08T21:34:15Z","updatedAt":"2023-10-08T21:34:15Z"},"provider":{"id":46,"systemName":"insecuretemperaturesensor-2023-52-21-12-52-33","address":"192.168.0.2","port":8080,"authenticationInfo":"eyJhbGciOiJIUzI1Ni...","createdAt":"2023-10-20T22:52:34Z","updatedAt":"2023-10-20T22:52:34Z"},"serviceUri":"temperature","endOfValidity":"2024-12-05T05:53:00Z","secure":"NOT_SECURE","metadata":{"unit":"celsius"},"version":1,"interfaces":[{"id":2,"interfaceName":"HTTP-INSECURE-JSON","createdAt":"2023-09-29T21:42:51Z","updatedAt":"2023-09-29T21:42:51Z"}],"createdAt":"2023-10-20T22:52:34Z","updatedAt":"2023-10-20T22:52:34Z"},{"id":412,"serviceDefinition":{"id":28,"serviceDefinition":"indoortemperature","createdAt":"2023-10-08T21:34:15Z","updatedAt":"2023-10-08T21:34:15Z"},"provider":{"id":51,"systemName":"insecuretemperaturesensor-2023-22-21-03-22-42","address":"192.168.0.2","port":8080,"authenticationInfo":"eyJhbGciOiJIUzI1Ni...","createdAt":"2023-10-21T13:22:42Z","updatedAt":"2023-10-21T13:22:42Z"},"serviceUri":"temperature","endOfValidity":"2024-12-05T05:53:00Z","secure":"NOT_SECURE","metadata":{"unit":"celsius"},"version":1,"interfaces":[{"id":2,"interfaceName":"HTTP-INSECURE-JSON","createdAt":"2023-09-29T21:42:51Z","updatedAt":"2023-09-29T21:42:51Z"}],"createdAt":"2023-10-21T15:25:40Z","updatedAt":"2023-10-21T15:25:40Z"},{"id":437,"serviceDefinition":{"id":28,"serviceDefinition":"indoortemperature","createdAt":"2023-10-08T21:34:15Z","updatedAt":"2023-10-08T21:34:15Z"},"provider":{"id":54,"systemName":"insecuretemperaturesensor-2023-37-21-05-37-21","address":"192.168.0.2","port":8080,"authenticationInfo":"eyJhbGciOiJIUzI1Ni...","createdAt":"2023-10-21T15:37:21Z","updatedAt":"2023-10-21T15:37:21Z"},"serviceUri":"temperature","endOfValidity":"2024-12-05T05:53:00Z","secure":"NOT_SECURE","metadata":{"unit":"celsius"},"version":1,"interfaces":[{"id":2,"interfaceName":"HTTP-INSECURE-JSON","createdAt":"2023-09-29T21:42:51Z","updatedAt":"2023-09-29T21:42:51Z"}],"createdAt":"2023-10-21T15:37:21Z","updatedAt":"2023-10-21T15:37:21Z"},{"id":447,"serviceDefinition":{"id":28,"serviceDefinition":"indoortemperature","createdAt":"2023-10-08T21:34:15Z","updatedAt":"2023-10-08T21:34:15Z"},"provider":{"id":64,"systemName":"insecuretemperaturesensor-2023-52-21-10-52-18","address":"192.168.0.2","port":8080,"authenticationInfo":"eyJhbGciOiJIUzI1Ni...","createdAt":"2023-10-21T20:52:19Z","updatedAt":"2023-10-2"
12:32:19.631 [main] DEBUG org.apache.http.wire - http-outgoing-4 << "1T20:52:19Z"},"serviceUri":"temperature","endOfValidity":"2024-12-05T05:53:00Z","secure":"NOT_SECURE","metadata":{"unit":"celsius"},"version":1,"interfaces":[{"id":2,"interfaceName":"HTTP-INSECURE-JSON","createdAt":"2023-09-29T21:42:51Z","updatedAt":"2023-09-29T21:42:51Z"}],"createdAt":"2023-10-21T20:52:19Z","updatedAt":"2[\r][\n]"
12:32:19.631 [main] DEBUG org.apache.http.wire - http-outgoing-4 << "2000[\r][\n]"
12:32:19.631 [main] DEBUG org.apache.http.wire - http-outgoing-4 << "023-10-21T20:52:19Z"},{"id":448,"serviceDefinition":{"id":28,"serviceDefinition":"indoortemperature","createdAt":"2023-10-08T21:34:15Z","updatedAt":"2023-10-08T21:34:15Z"},"provider":{"id":65,"systemName":"insecuretemperaturesensor-2023-10-21-11-10-19","address":"192.168.0.2","port":8080,"authenticationInfo":"eyJhbGciOiJIUzI1Ni...","createdAt":"2023-10-21T21:10:19Z","updatedAt":"2023-10-21T21:10:19Z"},"serviceUri":"temperature","endOfValidity":"2024-12-05T05:53:00Z","secure":"NOT_SECURE","metadata":{"unit":"celsius"},"version":1,"interfaces":[{"id":2,"interfaceName":"HTTP-INSECURE-JSON","createdAt":"2023-09-29T21:42:51Z","updatedAt":"2023-09-29T21:42:51Z"}],"createdAt":"2023-10-21T21:10:19Z","updatedAt":"2023-10-21T21:10:19Z"},{"id":449,"serviceDefinition":{"id":28,"serviceDefinition":"indoortemperature","createdAt":"2023-10-08T21:34:15Z","updatedAt":"2023-10-08T21:34:15Z"},"provider":{"id":66,"systemName":"insecuretemperaturesensor-2023-08-22-12-08-22","address":"192.168.0.2","port":8080,"authenticationInfo":"eyJhbGciOiJIUzI1Ni...","createdAt":"2023-10-21T22:08:23Z","updatedAt":"2023-10-21T22:08:23Z"},"serviceUri":"temperature","endOfValidity":"2024-12-05T05:53:00Z","secure":"NOT_SECURE","metadata":{"unit":"celsius"},"version":1,"interfaces":[{"id":2,"interfaceName":"HTTP-INSECURE-JSON","createdAt":"2023-09-29T21:42:51Z","updatedAt":"2023-09-29T21:42:51Z"}],"createdAt":"2023-10-21T22:08:23Z","updatedAt":"2023-10-21T22:08:23Z"},{"id":450,"serviceDefinition":{"id":28,"serviceDefinition":"indoortemperature","createdAt":"2023-10-08T21:34:15Z","updatedAt":"2023-10-08T21:34:15Z"},"provider":{"id":67,"systemName":"insecuretemperaturesensor-2023-14-22-12-14-55","address":"192.168.0.2","port":8080,"authenticationInfo":"eyJhbGciOiJIUzI1Ni...","createdAt":"2023-10-21T22:14:56Z","updatedAt":"2023-10-21T22:14:56Z"},"serviceUri":"temperature","endOfValidity":"2024-12-05T05:53:00Z","secure":"NOT_SECURE","metadata":{"unit":"celsius"},"version":1,"interfaces":[{"id":2,"interfaceName":"HTTP-INSECURE-JSON","createdAt":"2023-09-29T21:42:51Z","updatedAt":"2023-09-29T21:42:51Z"}],"createdAt":"2023-10-21T22:14:56Z","updatedAt":"2023-10-21T22:14:56Z"},{"id":451,"serviceDefinition":{"id":28,"serviceDefinition":"indoortemperature","createdAt":"2023-10-08T21:34:15Z","updatedAt":"2023-10-08T21:34:15Z"},"provider":{"id":68,"systemName":"insecuretemperaturesensor-2023-15-22-12-15-43","address":"192.168.0.2","port":8080,"authenticationInfo":"eyJhbGciOiJIUzI1Ni...","createdAt":"2023-10-21T22:15:43Z","updatedAt":"2023-10-21T22:15:43Z"},"serviceUri":"temperature","endOfValidity":"2024-12-05T05:53:00Z","secure":"NOT_SECURE","metadata":{"unit":"celsius"},"version":1,"interfaces":[{"id":2,"interfaceName":"HTTP-INSECURE-JSON","createdAt":"2023-09-29T21:42:51Z","updatedAt":"2023-09-29T21:42:51Z"}],"createdAt":"2023-10-21T22:15:43Z","updatedAt":"2023-10-21T22:15:43Z"},{"id":452,"serviceDefinition":{"id":28,"serviceDefinition":"indoortemperature","createdAt":"2023-10-08T21:34:15Z","updatedAt":"2023-10-08T21:34:15Z"},"provider":{"id":69,"systemName":"insecuretemperaturesensor-2023-17-22-12-17-04","address":"192.168.0.2","port":8080,"authenticationInfo":"eyJhbGciOiJIUzI1Ni...","createdAt":"2023-10-21T22:17:04Z","updatedAt":"2023-10-21T22:17:04Z"},"serviceUri":"temperature","endOfValidity":"2024-12-05T05:53:00Z","secure":"NOT_SECURE","metadata":{"unit":"celsius"},"version":1,"interfaces":[{"id":2,"interfaceName":"HTTP-INSECURE-JSON","createdAt":"2023-09-29T21:42:51Z","updatedAt":"2023-09-29T21:42:51Z"}],"createdAt":"2023-10-21T22:17:04Z","updatedAt":"2023-10-21T22:17:04Z"},{"id":491,"serviceDefinition":{"id":28,"serviceDefinition":"indoortemperature","createdAt":"2023-10-08T21:34:15Z","updatedAt":"2023-10-08T21:34:15Z"},"provider":{"id":72,"systemName":"insecuretemperaturesensor-2023-52-22-10-52-06","address":"192.168.0.2","port":8080,"authenticationInfo":"eyJhbGciOiJIUzI1Ni...","createdAt":"2023-10-22T20:52:07Z","updatedAt":"2023-10-22T20:52:07Z"},"serviceUri":"temperature","endOfValidity":"2024-12-05T05:53:00Z","secure":"NOT_SECURE","metadata":{"unit":"celsius"},"version":1,"interfaces":[{"id":2,"interfaceName":"HTTP-INSECURE-JSON","createdAt":"2023-09-29T21:42:51Z","updatedAt":"2023-09-29T21:42:51Z"}],"createdAt":"2023-10-22T20:52:07Z","updatedAt":"2023-10-22T20:52:07Z"},{"id":492,"serviceDefinition":{"id":28,"serviceDefinition":"indoortemperature","createdAt":"2023-10-08T21:34:15Z","updatedAt":"2023-10-08T21:34:15Z"},"provider":{"id":73,"systemName":"insecuretemperaturesensor-2023-34-22-11-34-59","address":"192.168.0.2","port":8080,"authenticationInfo":"eyJhbGciOiJIUzI1Ni...","createdAt":"2023-10-22T21:35:00Z","updatedAt":"2023-10-22T21:35:00Z"},"serviceUri":"temperature","endOfValidity":"2024-12-05T05:53:00Z","secure":"NOT_SECURE","metadata":{"unit":"celsius"},"version":1,"interfaces":[{"id":2,"interfaceName":"HTTP-INSECURE-JSON","createdAt":"2023-09-29T21:42:51Z","updatedAt":"2023-09-29T21:42:51Z"}],"createdAt":"2023-10-22T21:35:00Z","updatedAt":"2023-10-22T21:35:00Z"},{"id":493,"serviceDefinition":{"id":28,"serviceDefinition":"indoortemperature","createdAt":"2023-10-08T21:34:15Z","updatedAt":"2023-10-08T21:34:15Z"},"provider":{"id":74,"systemName":"insecuretemperaturesensorconsumer-2023-34-22-11-34-59","address":"192.168.0.2","port":8080,"authenticationInfo":"eyJhbGciOiJIUzI1Ni...","createdAt":"2023-10-22T21:35:00Z","updatedAt":"2023-10-22T21:35:00Z"},"serviceUri":"temperature","endOfValidity":"2024-12-05T05:53:00Z","secure":"NOT_SECURE","metadata":{"unit":"celsius"},"version":1,"interfaces":[{"id":2,"interfaceName":"HTTP-INSECURE-JSON","createdAt":"2023-09-29T21:42:51Z","updatedAt":"2023-09-29T21:42:51Z"}],"createdAt":"2023-10-22T21:35:00Z","updatedAt":"2023-10-22T21:35:00Z"},{"id":494,"serviceDefinition":{"id":28,"serviceDefinition":"indoortemperature","createdAt":"2023-10-08T21:34:15Z","updatedAt":"2023-10-08T21:34:15Z"},"provider":{"id":75,"systemName":"insecuretemperaturesensor-2023-39-22-11-39-35","address":"192.168.0.2","port":8080,"authenticationInfo":"eyJhbGciOiJIUzI1Ni...","createdAt":"2023-10-22T21:39:36Z","updatedAt":"2023-10-22T21:39:36Z"},"serviceUri":"temperature","endOfValidity":"2024-12-05T05:53:00Z","secure":"NOT_SECURE","metadata":{"unit":"celsius"},"version":1,"interfaces":[{"id":2,"interfaceName":"HTTP-INSECURE-JSON","createdAt":"2023-09-29T21:42:51Z","updatedAt":"2023-09-29T21:42:51Z"}],"createdAt":"2023-10-22T21:39:36Z","updatedAt":"2023-10-22T21:39:36Z"},{"id":495,"serviceDefinition":{"id":28,"serviceDefinition":"indoortemperature","createdAt":"2023-10-08T21:34:15Z","updatedAt":"2023-10-08T21:34:15Z"},"provider":{"id":76,"systemName":"insecuretemperaturesensorconsumer-2023-39-22-11-39-35","address":"192.168.0.2","port":8080,"authenticationInfo":"eyJhbGciOiJIUzI1Ni...","createdAt":"2023-10-22T21:39:36Z","updatedAt":"2023-10-22T21:39:36Z"},"serviceUri":"temperature","endOfValidity":"2024-12-05T05:53:00Z","secure":"NOT_SECURE","metadata":{"unit":"celsius"},"version":1,"interfaces":[{"id":2,"interfaceName":"HTTP-INSECURE-JSON","createdAt":"2023-09-29T21:42:51Z","updatedAt":"2023-09-29T21:42:51Z"}],"createdAt":"2023-10-22T21:39:36Z","updatedAt":"2023-10-22T21:39:36Z"},{"id":500,"serviceDefinition":{"id":28,"serviceDefinition":"indoortemperature","createdAt":"2023-10-08T21:34:15Z","updatedAt":"2023-10-08T21:34:15Z"},"provider":{"id":81,"systemName":"insecuretemperaturesensor-2023-59-22-11-59-00","address":"192.168.0.2","port":8080,"authenticationInfo":"eyJhbGciOiJIUzI1Ni...","createdAt":"2023-10-22T21:59:00Z","updatedAt":"2023-10-22T21:59:00Z"},"serviceUri":"temperature","endOfValidity":"2024-12-05T05:53:00Z","secure":"NOT_SECURE","metadata":{"unit":"celsius"},"version":1,"interfaces":[{"id":2,"interfaceName":"HTTP-INSECURE-JSON","createdAt":"2023-09-29T21:42:51Z","updatedAt":"2023-09-29T21:42:51Z"}],"createdAt":"2023-10-22T21:5"
12:32:19.632 [main] DEBUG org.apache.http.wire - http-outgoing-4 << "9:00Z","updatedAt":"2023-10-22T21:59:00Z"},{"id":501,"serviceDefinition":{"id":28,"serviceDefinition":"indoortemperature","createdAt":"2023-10-08T21:34:15Z","updatedAt":"2023-10-08T21:34:15Z"},"provider":{"id":82,"systemName":"insecuretemperaturesensorconsumer-2023-59-22-11-59-00","address":"192.168.0.2","port":8080,"authenticatio[\r][\n]"
12:32:19.632 [main] DEBUG org.apache.http.wire - http-outgoing-4 << "2000[\r][\n]"
12:32:19.632 [main] DEBUG org.apache.http.wire - http-outgoing-4 << "nInfo":"eyJhbGciOiJIUzI1Ni...","createdAt":"2023-10-22T21:59:00Z","updatedAt":"2023-10-22T21:59:00Z"},"serviceUri":"temperature","endOfValidity":"2024-12-05T05:53:00Z","secure":"NOT_SECURE","metadata":{"unit":"celsius"},"version":1,"interfaces":[{"id":2,"interfaceName":"HTTP-INSECURE-JSON","createdAt":"2023-09-29T21:42:51Z","updatedAt":"2023-09-29T21:42:51Z"}],"createdAt":"2023-10-22T21:59:00Z","updatedAt":"2023-10-22T21:59:00Z"},{"id":502,"serviceDefinition":{"id":28,"serviceDefinition":"indoortemperature","createdAt":"2023-10-08T21:34:15Z","updatedAt":"2023-10-08T21:34:15Z"},"provider":{"id":83,"systemName":"insecuretemperaturesensor-2023-00-23-12-00-12","address":"192.168.0.2","port":8080,"authenticationInfo":"eyJhbGciOiJIUzI1Ni...","createdAt":"2023-10-22T22:00:13Z","updatedAt":"2023-10-22T22:00:13Z"},"serviceUri":"temperature","endOfValidity":"2024-12-05T05:53:00Z","secure":"NOT_SECURE","metadata":{"unit":"celsius"},"version":1,"interfaces":[{"id":2,"interfaceName":"HTTP-INSECURE-JSON","createdAt":"2023-09-29T21:42:51Z","updatedAt":"2023-09-29T21:42:51Z"}],"createdAt":"2023-10-22T22:00:13Z","updatedAt":"2023-10-22T22:00:13Z"},{"id":503,"serviceDefinition":{"id":28,"serviceDefinition":"indoortemperature","createdAt":"2023-10-08T21:34:15Z","updatedAt":"2023-10-08T21:34:15Z"},"provider":{"id":84,"systemName":"insecuretemperaturesensorconsumer-2023-00-23-12-00-12","address":"192.168.0.2","port":8080,"authenticationInfo":"eyJhbGciOiJIUzI1Ni...","createdAt":"2023-10-22T22:00:13Z","updatedAt":"2023-10-22T22:00:13Z"},"serviceUri":"temperature","endOfValidity":"2024-12-05T05:53:00Z","secure":"NOT_SECURE","metadata":{"unit":"celsius"},"version":1,"interfaces":[{"id":2,"interfaceName":"HTTP-INSECURE-JSON","createdAt":"2023-09-29T21:42:51Z","updatedAt":"2023-09-29T21:42:51Z"}],"createdAt":"2023-10-22T22:00:13Z","updatedAt":"2023-10-22T22:00:13Z"},{"id":504,"serviceDefinition":{"id":28,"serviceDefinition":"indoortemperature","createdAt":"2023-10-08T21:34:15Z","updatedAt":"2023-10-08T21:34:15Z"},"provider":{"id":85,"systemName":"insecuretemperaturesensor-2023-00-23-12-00-56","address":"192.168.0.2","port":8080,"authenticationInfo":"eyJhbGciOiJIUzI1Ni...","createdAt":"2023-10-22T22:00:56Z","updatedAt":"2023-10-22T22:00:56Z"},"serviceUri":"temperature","endOfValidity":"2024-12-05T05:53:00Z","secure":"NOT_SECURE","metadata":{"unit":"celsius"},"version":1,"interfaces":[{"id":2,"interfaceName":"HTTP-INSECURE-JSON","createdAt":"2023-09-29T21:42:51Z","updatedAt":"2023-09-29T21:42:51Z"}],"createdAt":"2023-10-22T22:00:56Z","updatedAt":"2023-10-22T22:00:56Z"},{"id":505,"serviceDefinition":{"id":28,"serviceDefinition":"indoortemperature","createdAt":"2023-10-08T21:34:15Z","updatedAt":"2023-10-08T21:34:15Z"},"provider":{"id":86,"systemName":"insecuretemperaturesensorconsumer-2023-00-23-12-00-56","address":"192.168.0.2","port":8080,"authenticationInfo":"eyJhbGciOiJIUzI1Ni...","createdAt":"2023-10-22T22:00:56Z","updatedAt":"2023-10-22T22:00:56Z"},"serviceUri":"temperature","endOfValidity":"2024-12-05T05:53:00Z","secure":"NOT_SECURE","metadata":{"unit":"celsius"},"version":1,"interfaces":[{"id":2,"interfaceName":"HTTP-INSECURE-JSON","createdAt":"2023-09-29T21:42:51Z","updatedAt":"2023-09-29T21:42:51Z"}],"createdAt":"2023-10-22T22:00:56Z","updatedAt":"2023-10-22T22:00:56Z"},{"id":506,"serviceDefinition":{"id":28,"serviceDefinition":"indoortemperature","createdAt":"2023-10-08T21:34:15Z","updatedAt":"2023-10-08T21:34:15Z"},"provider":{"id":87,"systemName":"insecuretemperaturesensor-2023-08-23-12-08-27","address":"192.168.0.2","port":8080,"authenticationInfo":"eyJhbGciOiJIUzI1Ni...","createdAt":"2023-10-22T22:08:28Z","updatedAt":"2023-10-22T22:08:28Z"},"serviceUri":"temperature","endOfValidity":"2024-12-05T05:53:00Z","secure":"NOT_SECURE","metadata":{"unit":"celsius"},"version":1,"interfaces":[{"id":2,"interfaceName":"HTTP-INSECURE-JSON","createdAt":"2023-09-29T21:42:51Z","updatedAt":"2023-09-29T21:42:51Z"}],"createdAt":"2023-10-22T22:08:28Z","updatedAt":"2023-10-22T22:08:28Z"},{"id":507,"serviceDefinition":{"id":28,"serviceDefinition":"indoortemperature","createdAt":"2023-10-08T21:34:15Z","updatedAt":"2023-10-08T21:34:15Z"},"provider":{"id":88,"systemName":"insecuretemperaturesensorconsumer-2023-08-23-12-08-27","address":"192.168.0.2","port":8080,"authenticationInfo":"eyJhbGciOiJIUzI1Ni...","createdAt":"2023-10-22T22:08:28Z","updatedAt":"2023-10-22T22:08:28Z"},"serviceUri":"temperature","endOfValidity":"2024-12-05T05:53:00Z","secure":"NOT_SECURE","metadata":{"unit":"celsius"},"version":1,"interfaces":[{"id":2,"interfaceName":"HTTP-INSECURE-JSON","createdAt":"2023-09-29T21:42:51Z","updatedAt":"2023-09-29T21:42:51Z"}],"createdAt":"2023-10-22T22:08:28Z","updatedAt":"2023-10-22T22:08:28Z"},{"id":508,"serviceDefinition":{"id":28,"serviceDefinition":"indoortemperature","createdAt":"2023-10-08T21:34:15Z","updatedAt":"2023-10-08T21:34:15Z"},"provider":{"id":89,"systemName":"insecuretemperaturesensor-2023-09-23-12-09-36","address":"192.168.0.2","port":8080,"authenticationInfo":"eyJhbGciOiJIUzI1Ni...","createdAt":"2023-10-22T22:09:37Z","updatedAt":"2023-10-22T22:09:37Z"},"serviceUri":"temperature","endOfValidity":"2024-12-05T05:53:00Z","secure":"NOT_SECURE","metadata":{"unit":"celsius"},"version":1,"interfaces":[{"id":2,"interfaceName":"HTTP-INSECURE-JSON","createdAt":"2023-09-29T21:42:51Z","updatedAt":"2023-09-29T21:42:51Z"}],"createdAt":"2023-10-22T22:09:37Z","updatedAt":"2023-10-22T22:09:37Z"},{"id":509,"serviceDefinition":{"id":28,"serviceDefinition":"indoortemperature","createdAt":"2023-10-08T21:34:15Z","updatedAt":"2023-10-08T21:34:15Z"},"provider":{"id":90,"systemName":"insecuretemperaturesensorconsumer-2023-09-23-12-09-36","address":"192.168.0.2","port":8080,"authenticationInfo":"eyJhbGciOiJIUzI1Ni...","createdAt":"2023-10-22T22:09:37Z","updatedAt":"2023-10-22T22:09:37Z"},"serviceUri":"temperature","endOfValidity":"2024-12-05T05:53:00Z","secure":"NOT_SECURE","metadata":{"unit":"celsius"},"version":1,"interfaces":[{"id":2,"interfaceName":"HTTP-INSECURE-JSON","createdAt":"2023-09-29T21:42:51Z","updatedAt":"2023-09-29T21:42:51Z"}],"createdAt":"2023-10-22T22:09:37Z","updatedAt":"2023-10-22T22:09:37Z"},{"id":510,"serviceDefinition":{"id":28,"serviceDefinition":"indoortemperature","createdAt":"2023-10-08T21:34:15Z","updatedAt":"2023-10-08T21:34:15Z"},"provider":{"id":91,"systemName":"insecuretemperaturesensor-2023-24-23-12-24-37","address":"192.168.0.2","port":8080,"authenticationInfo":"eyJhbGciOiJIUzI1Ni...","createdAt":"2023-10-22T22:24:37Z","updatedAt":"2023-10-22T22:24:37Z"},"serviceUri":"temperature","endOfValidity":"2024-12-05T05:53:00Z","secure":"NOT_SECURE","metadata":{"unit":"celsius"},"version":1,"interfaces":[{"id":2,"interfaceName":"HTTP-INSECURE-JSON","createdAt":"2023-09-29T21:42:51Z","updatedAt":"2023-09-29T21:42:51Z"}],"createdAt":"2023-10-22T22:24:37Z","updatedAt":"2023-10-22T22:24:37Z"},{"id":511,"serviceDefinition":{"id":28,"serviceDefinition":"indoortemperature","createdAt":"2023-10-08T21:34:15Z","updatedAt":"2023-10-08T21:34:15Z"},"provider":{"id":92,"systemName":"insecuretemperaturesensorconsumer-2023-24-23-12-24-37","address":"192.168.0.2","port":8080,"authenticationInfo":"eyJhbGciOiJIUzI1Ni...","createdAt":"2023-10-22T22:24:37Z","updatedAt":"2023-10-22T22:24:37Z"},"serviceUri":"temperature","endOfValidity":"2024-12-05T05:53:00Z","secure":"NOT_SECURE","metadata":{"unit":"celsius"},"version":1,"interfaces":[{"id":2,"interfaceName":"HTTP-INSECURE-JSON","createdAt":"2023-09-29T21:42:51Z","updatedAt":"2023-09-29T21:42:51Z"}],"createdAt":"2023-10-22T22:24:37Z","updatedAt":"2023-10-22T22:24:37Z"},{"id":512,"serviceDefinition":{"id":28,"serviceDefinition":"indoortemperature","createdAt":"2023-10-08T21:34:15Z","updatedAt":"2023-10-08T21:34:15Z"},"provider":{"id":93,"systemName":"insecuretemperaturesensor-2023-53-23-12-53-1"
12:32:19.632 [main] DEBUG org.apache.http.wire - http-outgoing-4 << "1","address":"192.168.0.2","port":8080,"authenticationInfo":"eyJhbGciOiJIUzI1Ni...","createdAt":"2023-10-22T22:53:11Z","updatedAt":"2023-10-22T22:53:11Z"},"serviceUri":"temperature","endOfValidity":"2024-12-05T05:53:00Z","secure":"NOT_SECURE","metadata":{"unit":"celsius"},"version":1,"interfaces":[{"id":2,"interfaceName":"HTTP-INSECURE-JS[\r][\n]"
12:32:19.633 [main] DEBUG org.apache.http.wire - http-outgoing-4 << "2000[\r][\n]"
12:32:19.633 [main] DEBUG org.apache.http.wire - http-outgoing-4 << "ON","createdAt":"2023-09-29T21:42:51Z","updatedAt":"2023-09-29T21:42:51Z"}],"createdAt":"2023-10-22T22:53:11Z","updatedAt":"2023-10-22T22:53:11Z"},{"id":513,"serviceDefinition":{"id":28,"serviceDefinition":"indoortemperature","createdAt":"2023-10-08T21:34:15Z","updatedAt":"2023-10-08T21:34:15Z"},"provider":{"id":94,"systemName":"insecuretemperaturesensorconsumer-2023-53-23-12-53-11","address":"192.168.0.2","port":8080,"authenticationInfo":"eyJhbGciOiJIUzI1Ni...","createdAt":"2023-10-22T22:53:11Z","updatedAt":"2023-10-22T22:53:11Z"},"serviceUri":"temperature","endOfValidity":"2024-12-05T05:53:00Z","secure":"NOT_SECURE","metadata":{"unit":"celsius"},"version":1,"interfaces":[{"id":2,"interfaceName":"HTTP-INSECURE-JSON","createdAt":"2023-09-29T21:42:51Z","updatedAt":"2023-09-29T21:42:51Z"}],"createdAt":"2023-10-22T22:53:11Z","updatedAt":"2023-10-22T22:53:11Z"},{"id":564,"serviceDefinition":{"id":28,"serviceDefinition":"indoortemperature","createdAt":"2023-10-08T21:34:15Z","updatedAt":"2023-10-08T21:34:15Z"},"provider":{"id":96,"systemName":"insecuretemperaturesensor-2023-14-23-11-14-29","address":"192.168.0.2","port":8080,"authenticationInfo":"eyJhbGciOiJIUzI1Ni...","createdAt":"2023-10-23T21:14:29Z","updatedAt":"2023-10-23T21:14:29Z"},"serviceUri":"temperature","endOfValidity":"2024-12-05T05:53:00Z","secure":"NOT_SECURE","metadata":{"unit":"celsius"},"version":1,"interfaces":[{"id":2,"interfaceName":"HTTP-INSECURE-JSON","createdAt":"2023-09-29T21:42:51Z","updatedAt":"2023-09-29T21:42:51Z"}],"createdAt":"2023-10-23T21:14:29Z","updatedAt":"2023-10-23T21:14:29Z"},{"id":565,"serviceDefinition":{"id":28,"serviceDefinition":"indoortemperature","createdAt":"2023-10-08T21:34:15Z","updatedAt":"2023-10-08T21:34:15Z"},"provider":{"id":97,"systemName":"insecuretemperaturesensorconsumer-2023-14-23-11-14-29","address":"192.168.0.2","port":8080,"authenticationInfo":"eyJhbGciOiJIUzI1Ni...","createdAt":"2023-10-23T21:14:29Z","updatedAt":"2023-10-23T21:14:29Z"},"serviceUri":"temperature","endOfValidity":"2024-12-05T05:53:00Z","secure":"NOT_SECURE","metadata":{"unit":"celsius"},"version":1,"interfaces":[{"id":2,"interfaceName":"HTTP-INSECURE-JSON","createdAt":"2023-09-29T21:42:51Z","updatedAt":"2023-09-29T21:42:51Z"}],"createdAt":"2023-10-23T21:14:29Z","updatedAt":"2023-10-23T21:14:29Z"},{"id":566,"serviceDefinition":{"id":28,"serviceDefinition":"indoortemperature","createdAt":"2023-10-08T21:34:15Z","updatedAt":"2023-10-08T21:34:15Z"},"provider":{"id":98,"systemName":"insecuretemperaturesensor-2023-29-23-11-29-03","address":"192.168.0.2","port":8080,"authenticationInfo":"eyJhbGciOiJIUzI1Ni...","createdAt":"2023-10-23T21:29:04Z","updatedAt":"2023-10-23T21:29:04Z"},"serviceUri":"temperature","endOfValidity":"2024-12-05T05:53:00Z","secure":"NOT_SECURE","metadata":{"unit":"celsius"},"version":1,"interfaces":[{"id":2,"interfaceName":"HTTP-INSECURE-JSON","createdAt":"2023-09-29T21:42:51Z","updatedAt":"2023-09-29T21:42:51Z"}],"createdAt":"2023-10-23T21:29:04Z","updatedAt":"2023-10-23T21:29:04Z"},{"id":567,"serviceDefinition":{"id":28,"serviceDefinition":"indoortemperature","createdAt":"2023-10-08T21:34:15Z","updatedAt":"2023-10-08T21:34:15Z"},"provider":{"id":99,"systemName":"insecuretemperaturesensorconsumer-2023-29-23-11-29-03","address":"192.168.0.2","port":8080,"authenticationInfo":"eyJhbGciOiJIUzI1Ni...","createdAt":"2023-10-23T21:29:04Z","updatedAt":"2023-10-23T21:29:04Z"},"serviceUri":"temperature","endOfValidity":"2024-12-05T05:53:00Z","secure":"NOT_SECURE","metadata":{"unit":"celsius"},"version":1,"interfaces":[{"id":2,"interfaceName":"HTTP-INSECURE-JSON","createdAt":"2023-09-29T21:42:51Z","updatedAt":"2023-09-29T21:42:51Z"}],"createdAt":"2023-10-23T21:29:04Z","updatedAt":"2023-10-23T21:29:04Z"},{"id":568,"serviceDefinition":{"id":28,"serviceDefinition":"indoortemperature","createdAt":"2023-10-08T21:34:15Z","updatedAt":"2023-10-08T21:34:15Z"},"provider":{"id":100,"systemName":"insecuretemperaturesensor-2023-32-23-11-32-31","address":"192.168.0.2","port":8080,"authenticationInfo":"eyJhbGciOiJIUzI1Ni...","createdAt":"2023-10-23T21:32:31Z","updatedAt":"2023-10-23T21:32:31Z"},"serviceUri":"temperature","endOfValidity":"2024-12-05T05:53:00Z","secure":"NOT_SECURE","metadata":{"unit":"celsius"},"version":1,"interfaces":[{"id":2,"interfaceName":"HTTP-INSECURE-JSON","createdAt":"2023-09-29T21:42:51Z","updatedAt":"2023-09-29T21:42:51Z"}],"createdAt":"2023-10-23T21:32:31Z","updatedAt":"2023-10-23T21:32:31Z"},{"id":569,"serviceDefinition":{"id":28,"serviceDefinition":"indoortemperature","createdAt":"2023-10-08T21:34:15Z","updatedAt":"2023-10-08T21:34:15Z"},"provider":{"id":101,"systemName":"insecuretemperaturesensorconsumer-2023-32-23-11-32-31","address":"192.168.0.2","port":8080,"authenticationInfo":"e
[...]
12:32:19.641 [main] DEBUG org.apache.http.wire - http-outgoing-4 << ":"HTTP-INSECURE-JSON","createdAt":"2023-09-29T21:42:51Z","updatedAt":"2023-09-29T21:42:51Z"}],"createdAt":"2023-11-05T11:31:31Z","updatedAt":"2023-11-05T11:31:31Z"},{"id":756,"serviceDefinition":{"id":4,"serviceDefinition":"unregister-system","createdAt":"2023-09-29T22:31:40Z","updatedAt":"2023-09-29T22:31:40Z"},"provider":{"id":156,"systemName":"serviceregistry","address":"127[\r][\n]"
12:32:19.641 [main] DEBUG org.apache.http.wire - http-outgoing-4 << "698[\r][\n]"
12:32:19.642 [main] DEBUG org.apache.http.wire - http-outgoing-4 << ".0.0.1","port":8443,"createdAt":"2023-11-05T11:31:31Z","updatedAt":"2023-11-05T11:31:31Z"},"serviceUri":"/serviceregistry/unregister-system","secure":"NOT_SECURE","version":1,"interfaces":[{"id":2,"interfaceName":"HTTP-INSECURE-JSON","createdAt":"2023-09-29T21:42:51Z","updatedAt":"2023-09-29T21:42:51Z"}],"createdAt":"2023-11-05T11:31:31Z","updatedAt":"2023-11-05T11:31:31Z"},{"id":757,"serviceDefinition":{"id":5,"serviceDefinition":"pull-systems","createdAt":"2023-09-29T22:31:40Z","updatedAt":"2023-09-29T22:31:40Z"},"provider":{"id":156,"systemName":"serviceregistry","address":"127.0.0.1","port":8443,"createdAt":"2023-11-05T11:31:31Z","updatedAt":"2023-11-05T11:31:31Z"},"serviceUri":"/serviceregistry/pull-systems","secure":"NOT_SECURE","version":1,"interfaces":[{"id":2,"interfaceName":"HTTP-INSECURE-JSON","createdAt":"2023-09-29T21:42:51Z","updatedAt":"2023-09-29T21:42:51Z"}],"createdAt":"2023-11-05T11:31:31Z","updatedAt":"2023-11-05T11:31:31Z"},{"id":758,"serviceDefinition":{"id":28,"serviceDefinition":"indoortemperature","createdAt":"2023-10-08T21:34:15Z","updatedAt":"2023-10-08T21:34:15Z"},"provider":{"id":157,"systemName":"insecuretemperaturesensor-2023-32-05-12-32-19","address":"192.168.0.2","port":8080,"authenticationInfo":"eyJhbGciOiJIUzI1Ni...","createdAt":"2023-11-05T11:32:19Z","updatedAt":"2023-11-05T11:32:19Z"},"serviceUri":"temperature","endOfValidity":"2024-12-05T05:53:00Z","secure":"NOT_SECURE","metadata":{"unit":"celsius"},"version":1,"interfaces":[{"id":2,"interfaceName":"HTTP-INSECURE-JSON","createdAt":"2023-09-29T21:42:51Z","updatedAt":"2023-09-29T21:42:51Z"}],"createdAt":"2023-11-05T11:32:19Z","updatedAt":"2023-11-05T11:32:19Z"}],"count":106}[\r][\n]"
12:32:19.642 [main] DEBUG org.apache.http.wire - http-outgoing-4 << "0[\r][\n]"
12:32:19.642 [main] DEBUG org.apache.http.wire - http-outgoing-4 << "[\r][\n]"
12:32:19.642 [main] DEBUG org.apache.http.impl.conn.PoolingHttpClientConnectionManager - Connection [id: 4][route: {}->http://localhost:8443] can be kept alive indefinitely
12:32:19.642 [main] DEBUG org.apache.http.impl.conn.DefaultManagedHttpClientConnection - http-outgoing-4: set socket timeout to 0
12:32:19.642 [main] DEBUG org.apache.http.impl.conn.PoolingHttpClientConnectionManager - Connection released: [id: 4][route: {}->http://localhost:8443][total available: 1; route allocated: 1 of 2; total allocated: 1 of 20]
12:32:19.642 [main] DEBUG org.graphwalker.core.machine.SimpleMachine - Context: com.mbtroads.SomeSmallTest@4975af1
12:32:19.642 [main] DEBUG org.graphwalker.core.machine.ExecutionContext - Execute method: 'v_QueryService' in model: 'SericeRegistry1'
12:32:19.643 [main] DEBUG org.graphwalker.core.machine.SimpleMachine - Context: com.mbtroads.SomeSmallTest@4975af1
12:32:19.643 [main] DEBUG org.graphwalker.core.machine.ExecutionContext - Execute guard: 'reg==true' in edge e_NewServiceExist, in model: 'SericeRegistry1'
12:32:19.643 [main] DEBUG org.graphwalker.core.machine.ExecutionContext - Execute method: 'e_NewServiceExist' in model: 'SericeRegistry1'
12:32:19.644 [main] DEBUG org.apache.http.client.protocol.RequestAddCookies - CookieSpec selected: default
12:32:19.644 [main] DEBUG org.apache.http.client.protocol.RequestAuthCache - Auth cache not set in the context
12:32:19.645 [main] DEBUG org.apache.http.impl.conn.PoolingHttpClientConnectionManager - Connection request: [route: {}->http://localhost:8443][total available: 0; route allocated: 0 of 2; total allocated: 0 of 20]
12:32:19.645 [main] DEBUG org.apache.http.impl.conn.PoolingHttpClientConnectionManager - Connection leased: [id: 5][route: {}->http://localhost:8443][total available: 0; route allocated: 1 of 2; total allocated: 1 of 20]
12:32:19.645 [main] DEBUG org.apache.http.impl.execchain.MainClientExec - Opening connection {}->http://localhost:8443
12:32:19.645 [main] DEBUG org.apache.http.impl.conn.DefaultHttpClientConnectionOperator - Connecting to localhost/127.0.0.1:8443
12:32:19.648 [main] DEBUG org.apache.http.impl.conn.DefaultHttpClientConnectionOperator - Connection established 127.0.0.1:49838<->127.0.0.1:8443
12:32:19.648 [main] DEBUG org.apache.http.impl.execchain.MainClientExec - Executing request GET /serviceregistry/mgmt/758 HTTP/1.1
12:32:19.648 [main] DEBUG org.apache.http.impl.execchain.MainClientExec - Target auth state: UNCHALLENGED
12:32:19.648 [main] DEBUG org.apache.http.impl.execchain.MainClientExec - Proxy auth state: UNCHALLENGED
12:32:19.648 [main] DEBUG org.apache.http.headers - http-outgoing-5 >> GET /serviceregistry/mgmt/758 HTTP/1.1
12:32:19.648 [main] DEBUG org.apache.http.headers - http-outgoing-5 >> Accept: application/json
12:32:19.648 [main] DEBUG org.apache.http.headers - http-outgoing-5 >> Content-type: application/json
12:32:19.648 [main] DEBUG org.apache.http.headers - http-outgoing-5 >> Host: localhost:8443
12:32:19.648 [main] DEBUG org.apache.http.headers - http-outgoing-5 >> Connection: Keep-Alive
12:32:19.648 [main] DEBUG org.apache.http.headers - http-outgoing-5 >> User-Agent: Apache-HttpClient/4.5.13 (Java/21)
12:32:19.648 [main] DEBUG org.apache.http.headers - http-outgoing-5 >> Accept-Encoding: gzip,deflate
12:32:19.648 [main] DEBUG org.apache.http.wire - http-outgoing-5 >> "GET /serviceregistry/mgmt/758 HTTP/1.1[\r][\n]"
12:32:19.648 [main] DEBUG org.apache.http.wire - http-outgoing-5 >> "Accept: application/json[\r][\n]"
12:32:19.648 [main] DEBUG org.apache.http.wire - http-outgoing-5 >> "Content-type: application/json[\r][\n]"
12:32:19.648 [main] DEBUG org.apache.http.wire - http-outgoing-5 >> "Host: localhost:8443[\r][\n]"
12:32:19.648 [main] DEBUG org.apache.http.wire - http-outgoing-5 >> "Connection: Keep-Alive[\r][\n]"
12:32:19.648 [main] DEBUG org.apache.http.wire - http-outgoing-5 >> "User-Agent: Apache-HttpClient/4.5.13 (Java/21)[\r][\n]"
12:32:19.648 [main] DEBUG org.apache.http.wire - http-outgoing-5 >> "Accept-Encoding: gzip,deflate[\r][\n]"
12:32:19.648 [main] DEBUG org.apache.http.wire - http-outgoing-5 >> "[\r][\n]"
12:32:19.679 [main] DEBUG org.apache.http.wire - http-outgoing-5 << "HTTP/1.1 200 [\r][\n]"
12:32:19.679 [main] DEBUG org.apache.http.wire - http-outgoing-5 << "X-Content-Type-Options: nosniff[\r][\n]"
12:32:19.679 [main] DEBUG org.apache.http.wire - http-outgoing-5 << "X-XSS-Protection: 1; mode=block[\r][\n]"
12:32:19.679 [main] DEBUG org.apache.http.wire - http-outgoing-5 << "Cache-Control: no-cache, no-store, max-age=0, must-revalidate[\r][\n]"
12:32:19.680 [main] DEBUG org.apache.http.wire - http-outgoing-5 << "Pragma: no-cache[\r][\n]"
12:32:19.680 [main] DEBUG org.apache.http.wire - http-outgoing-5 << "Expires: 0[\r][\n]"
12:32:19.680 [main] DEBUG org.apache.http.wire - http-outgoing-5 << "X-Frame-Options: DENY[\r][\n]"
12:32:19.680 [main] DEBUG org.apache.http.wire - http-outgoing-5 << "Content-Type: application/json;charset=UTF-8[\r][\n]"
12:32:19.680 [main] DEBUG org.apache.http.wire - http-outgoing-5 << "Transfer-Encoding: chunked[\r][\n]"
12:32:19.680 [main] DEBUG org.apache.http.wire - http-outgoing-5 << "Date: Sun, 05 Nov 2023 11:32:19 GMT[\r][\n]"
12:32:19.680 [main] DEBUG org.apache.http.wire - http-outgoing-5 << "[\r][\n]"
12:32:19.680 [main] DEBUG org.apache.http.wire - http-outgoing-5 << "2cb[\r][\n]"
12:32:19.680 [main] DEBUG org.apache.http.wire - http-outgoing-5 << "{"id":758,"serviceDefinition":{"id":28,"serviceDefinition":"indoortemperature","createdAt":"2023-10-08T21:34:15Z","updatedAt":"2023-10-08T21:34:15Z"},"provider":{"id":157,"systemName":"insecuretemperaturesensor-2023-32-05-12-32-19","address":"192.168.0.2","port":8080,"authenticationInfo":"eyJhbGciOiJIUzI1Ni...","createdAt":"2023-11-05T11:32:19Z","updatedAt":"2023-11-05T11:32:19Z"},"serviceUri":"temperature","endOfValidity":"2024-12-05T05:53:00Z","secure":"NOT_SECURE","metadata":{"unit":"celsius"},"version":1,"interfaces":[{"id":2,"interfaceName":"HTTP-INSECURE-JSON","createdAt":"2023-09-29T21:42:51Z","updatedAt":"2023-09-29T21:42:51Z"}],"createdAt":"2023-11-05T11:32:19Z","updatedAt":"2023-11-05T11:32:19Z"}[\r][\n]"
12:32:19.680 [main] DEBUG org.apache.http.wire - http-outgoing-5 << "0[\r][\n]"
12:32:19.680 [main] DEBUG org.apache.http.wire - http-outgoing-5 << "[\r][\n]"
12:32:19.680 [main] DEBUG org.apache.http.headers - http-outgoing-5 << HTTP/1.1 200 
12:32:19.680 [main] DEBUG org.apache.http.headers - http-outgoing-5 << X-Content-Type-Options: nosniff
12:32:19.680 [main] DEBUG org.apache.http.headers - http-outgoing-5 << X-XSS-Protection: 1; mode=block
12:32:19.680 [main] DEBUG org.apache.http.headers - http-outgoing-5 << Cache-Control: no-cache, no-store, max-age=0, must-revalidate
12:32:19.680 [main] DEBUG org.apache.http.headers - http-outgoing-5 << Pragma: no-cache
12:32:19.680 [main] DEBUG org.apache.http.headers - http-outgoing-5 << Expires: 0
12:32:19.680 [main] DEBUG org.apache.http.headers - http-outgoing-5 << X-Frame-Options: DENY
12:32:19.680 [main] DEBUG org.apache.http.headers - http-outgoing-5 << Content-Type: application/json;charset=UTF-8
12:32:19.680 [main] DEBUG org.apache.http.headers - http-outgoing-5 << Transfer-Encoding: chunked
12:32:19.680 [main] DEBUG org.apache.http.headers - http-outgoing-5 << Date: Sun, 05 Nov 2023 11:32:19 GMT
12:32:19.680 [main] DEBUG org.apache.http.impl.execchain.MainClientExec - Connection can be kept alive indefinitely
12:32:19.680 [main] DEBUG org.apache.http.impl.conn.PoolingHttpClientConnectionManager - Connection [id: 5][route: {}->http://localhost:8443] can be kept alive indefinitely
12:32:19.680 [main] DEBUG org.apache.http.impl.conn.DefaultManagedHttpClientConnection - http-outgoing-5: set socket timeout to 0
12:32:19.680 [main] DEBUG org.apache.http.impl.conn.PoolingHttpClientConnectionManager - Connection released: [id: 5][route: {}->http://localhost:8443][total available: 1; route allocated: 1 of 2; total allocated: 1 of 20]
12:32:19.681 [main] DEBUG org.graphwalker.core.machine.SimpleMachine - Context: com.mbtroads.SomeSmallTest@4975af1
12:32:19.681 [main] DEBUG org.graphwalker.core.machine.ExecutionContext - Execute method: 'v_SucessMesssage' in model: 'SericeRegistry1'
12:32:19.681 [main] DEBUG org.graphwalker.core.machine.SimpleMachine - Context: com.mbtroads.SomeSmallTest@4975af1
12:32:19.681 [main] DEBUG org.graphwalker.core.machine.ExecutionContext - Execute action: 'reg=false;' in model: 'SericeRegistry1'
12:32:19.683 [main] DEBUG org.graphwalker.core.machine.ExecutionContext - Data: 'SomeSmallTest: com.mbtroads.SomeSmallTest@4975af1, count: 2, reg: false, '
12:32:19.683 [main] DEBUG org.graphwalker.core.machine.ExecutionContext - Execute method: 'e_back_ValidPayload' in model: 'SericeRegistry1'
12:32:19.684 [main] DEBUG org.graphwalker.core.machine.SimpleMachine - Context: com.mbtroads.SomeSmallTest@4975af1
12:32:19.684 [main] DEBUG org.graphwalker.core.machine.ExecutionContext - Execute method: 'v_ValidPayload' in model: 'SericeRegistry1'
12:32:19.684 [main] DEBUG org.graphwalker.core.machine.SimpleMachine - Context: com.mbtroads.SomeSmallTest@4975af1
12:32:19.684 [main] DEBUG org.graphwalker.core.machine.ExecutionContext - Execute guard: 'reg==true' in edge e_SerrviceDefinationNotExist, in model: 'SericeRegistry1'
12:32:19.684 [main] DEBUG org.graphwalker.core.machine.ExecutionContext - Execute guard: 'reg==false' in edge e_SerrviceDefinationtExist, in model: 'SericeRegistry1'
12:32:19.684 [main] DEBUG org.graphwalker.core.machine.ExecutionContext - Execute method: 'e_SerrviceDefinationtExist' in model: 'SericeRegistry1'
12:32:19.686 [main] DEBUG org.apache.http.client.protocol.RequestAddCookies - CookieSpec selected: default
12:32:19.686 [main] DEBUG org.apache.http.client.protocol.RequestAuthCache - Auth cache not set in the context
12:32:19.686 [main] DEBUG org.apache.http.impl.conn.PoolingHttpClientConnectionManager - Connection request: [route: {}->http://localhost:8443][total available: 0; route allocated: 0 of 2; total allocated: 0 of 20]
12:32:19.686 [main] DEBUG org.apache.http.impl.conn.PoolingHttpClientConnectionManager - Connection leased: [id: 6][route: {}->http://localhost:8443][total available: 0; route allocated: 1 of 2; total allocated: 1 of 20]
12:32:19.686 [main] DEBUG org.apache.http.impl.execchain.MainClientExec - Opening connection {}->http://localhost:8443
12:32:19.686 [main] DEBUG org.apache.http.impl.conn.DefaultHttpClientConnectionOperator - Connecting to localhost/127.0.0.1:8443
12:32:19.688 [main] DEBUG org.apache.http.impl.conn.DefaultHttpClientConnectionOperator - Connection established 127.0.0.1:49839<->127.0.0.1:8443
12:32:19.688 [main] DEBUG org.apache.http.impl.execchain.MainClientExec - Executing request POST /serviceregistry/mgmt HTTP/1.1
12:32:19.688 [main] DEBUG org.apache.http.impl.execchain.MainClientExec - Target auth state: UNCHALLENGED
12:32:19.688 [main] DEBUG org.apache.http.impl.execchain.MainClientExec - Proxy auth state: UNCHALLENGED
12:32:19.688 [main] DEBUG org.apache.http.headers - http-outgoing-6 >> POST /serviceregistry/mgmt HTTP/1.1
12:32:19.688 [main] DEBUG org.apache.http.headers - http-outgoing-6 >> Content-type: application/json
12:32:19.688 [main] DEBUG org.apache.http.headers - http-outgoing-6 >> Content-Length: 400
12:32:19.688 [main] DEBUG org.apache.http.headers - http-outgoing-6 >> Host: localhost:8443
12:32:19.688 [main] DEBUG org.apache.http.headers - http-outgoing-6 >> Connection: Keep-Alive
12:32:19.688 [main] DEBUG org.apache.http.headers - http-outgoing-6 >> User-Agent: Apache-HttpClient/4.5.13 (Java/21)
12:32:19.688 [main] DEBUG org.apache.http.headers - http-outgoing-6 >> Accept-Encoding: gzip,deflate
12:32:19.688 [main] DEBUG org.apache.http.wire - http-outgoing-6 >> "POST /serviceregistry/mgmt HTTP/1.1[\r][\n]"
12:32:19.688 [main] DEBUG org.apache.http.wire - http-outgoing-6 >> "Content-type: application/json[\r][\n]"
12:32:19.688 [main] DEBUG org.apache.http.wire - http-outgoing-6 >> "Content-Length: 400[\r][\n]"
12:32:19.688 [main] DEBUG org.apache.http.wire - http-outgoing-6 >> "Host: localhost:8443[\r][\n]"
12:32:19.688 [main] DEBUG org.apache.http.wire - http-outgoing-6 >> "Connection: Keep-Alive[\r][\n]"
12:32:19.688 [main] DEBUG org.apache.http.wire - http-outgoing-6 >> "User-Agent: Apache-HttpClient/4.5.13 (Java/21)[\r][\n]"
12:32:19.689 [main] DEBUG org.apache.http.wire - http-outgoing-6 >> "Accept-Encoding: gzip,deflate[\r][\n]"
12:32:19.689 [main] DEBUG org.apache.http.wire - http-outgoing-6 >> "[\r][\n]"
12:32:19.689 [main] DEBUG org.apache.http.wire - http-outgoing-6 >> "{ "serviceDefinition": "IndoorTemperature", "providerSystem": { "systemName": "insecuretemperaturesensor-2023-32-05-12-32-19","address": "192.168.0.2", "port": 8080, "authenticationInfo": "eyJhbGciOiJIUzI1Ni..."}, "serviceUri": "temperature", "endOfValidity": "2024-12-05T05:53:00+00:00", "secure": "NOT_SECURE", "metadata": { "unit": "celsius"}, "version": 1, "interfaces": [ "HTTP-INSECURE-JSON" ]}"
12:32:19.718 [main] DEBUG org.apache.http.wire - http-outgoing-6 << "HTTP/1.1 400 [\r][\n]"
12:32:19.718 [main] DEBUG org.apache.http.wire - http-outgoing-6 << "X-Content-Type-Options: nosniff[\r][\n]"
12:32:19.718 [main] DEBUG org.apache.http.wire - http-outgoing-6 << "X-XSS-Protection: 1; mode=block[\r][\n]"
12:32:19.718 [main] DEBUG org.apache.http.wire - http-outgoing-6 << "Cache-Control: no-cache, no-store, max-age=0, must-revalidate[\r][\n]"
12:32:19.718 [main] DEBUG org.apache.http.wire - http-outgoing-6 << "Pragma: no-cache[\r][\n]"
12:32:19.718 [main] DEBUG org.apache.http.wire - http-outgoing-6 << "Expires: 0[\r][\n]"
12:32:19.718 [main] DEBUG org.apache.http.wire - http-outgoing-6 << "X-Frame-Options: DENY[\r][\n]"
12:32:19.718 [main] DEBUG org.apache.http.wire - http-outgoing-6 << "Content-Type: application/json[\r][\n]"
12:32:19.718 [main] DEBUG org.apache.http.wire - http-outgoing-6 << "Transfer-Encoding: chunked[\r][\n]"
12:32:19.718 [main] DEBUG org.apache.http.wire - http-outgoing-6 << "Date: Sun, 05 Nov 2023 11:32:19 GMT[\r][\n]"
12:32:19.718 [main] DEBUG org.apache.http.wire - http-outgoing-6 << "Connection: close[\r][\n]"
12:32:19.718 [main] DEBUG org.apache.http.wire - http-outgoing-6 << "[\r][\n]"
12:32:19.718 [main] DEBUG org.apache.http.wire - http-outgoing-6 << "102[\r][\n]"
12:32:19.718 [main] DEBUG org.apache.http.wire - http-outgoing-6 << "{"errorMessage":"Service Registry entry with provider: (insecuretemperaturesensor-2023-32-05-12-32-19, 192.168.0.2:8080), service definition: indoortemperature and service URI: temperature already exists.","errorCode":400,"exceptionType":"INVALID_PARAMETER"}[\r][\n]"
12:32:19.718 [main] DEBUG org.apache.http.wire - http-outgoing-6 << "0[\r][\n]"
12:32:19.718 [main] DEBUG org.apache.http.wire - http-outgoing-6 << "[\r][\n]"
12:32:19.718 [main] DEBUG org.apache.http.headers - http-outgoing-6 << HTTP/1.1 400 
12:32:19.718 [main] DEBUG org.apache.http.headers - http-outgoing-6 << X-Content-Type-Options: nosniff
12:32:19.718 [main] DEBUG org.apache.http.headers - http-outgoing-6 << X-XSS-Protection: 1; mode=block
12:32:19.718 [main] DEBUG org.apache.http.headers - http-outgoing-6 << Cache-Control: no-cache, no-store, max-age=0, must-revalidate
12:32:19.718 [main] DEBUG org.apache.http.headers - http-outgoing-6 << Pragma: no-cache
12:32:19.718 [main] DEBUG org.apache.http.headers - http-outgoing-6 << Expires: 0
12:32:19.719 [main] DEBUG org.apache.http.headers - http-outgoing-6 << X-Frame-Options: DENY
12:32:19.719 [main] DEBUG org.apache.http.headers - http-outgoing-6 << Content-Type: application/json
12:32:19.719 [main] DEBUG org.apache.http.headers - http-outgoing-6 << Transfer-Encoding: chunked
12:32:19.719 [main] DEBUG org.apache.http.headers - http-outgoing-6 << Date: Sun, 05 Nov 2023 11:32:19 GMT
12:32:19.719 [main] DEBUG org.apache.http.headers - http-outgoing-6 << Connection: close
12:32:19.719 [main] DEBUG org.apache.http.impl.conn.DefaultManagedHttpClientConnection - http-outgoing-6: Close connection
12:32:19.719 [main] DEBUG org.apache.http.impl.execchain.MainClientExec - Connection discarded
12:32:19.719 [main] DEBUG org.apache.http.impl.conn.PoolingHttpClientConnectionManager - Connection released: [id: 6][route: {}->http://localhost:8443][total available: 0; route allocated: 0 of 2; total allocated: 0 of 20]
12:32:19.719 [main] DEBUG org.graphwalker.core.machine.SimpleMachine - Context: com.mbtroads.SomeSmallTest@4975af1
12:32:19.719 [main] DEBUG org.graphwalker.core.machine.ExecutionContext - Execute method: 'v_end' in model: 'SericeRegistry1'
	>>>>>>>>>>>>>>>>>>>>>>>>>>>>>>  vertex <<<<<<<<<<<<<<<<<< 
/Users/marokrikoor/Documents/Graphwalker/ServiceRegistry/Drivers/ServiceRegistry
]]></system-out>
  </testcase>
</testsuite>