<?xml version="1.0" encoding="UTF-8" ?>
<testsuite tests="1" failures="0" name="Test_UnRegisterService" time="6.455" errors="1" skipped="0">
  <properties>
[...]
</properties>
  <testcase classname="Test_UnRegisterService" name="testExecutor" time="6.455">
    <error type="java.lang.NullPointerException">java.lang.NullPointerException
	at com.mbtroads.BaseClass.getScreenshotAsString(BaseClass.java:92)
	at com.mbtroads.BaseClass.addBase64ScreenShotToReport(BaseClass.java:106)
	at com.mbtroads.ExtentReport.reportError(ExtentReport.java:39)
	at Test_UnRegisterService.testExecutor(Test_UnRegisterService.java:28)
	at java.base/jdk.internal.reflect.NativeMethodAccessorImpl.invoke0(Native Method)
	at java.base/jdk.internal.reflect.NativeMethodAccessorImpl.invoke(NativeMethodAccessorImpl.java:62)
	at java.base/jdk.internal.reflect.DelegatingMethodAccessorImpl.invoke(DelegatingMethodAccessorImpl.java:43)
	at java.base/java.lang.reflect.Method.invoke(Method.java:567)
	at org.junit.runners.model.FrameworkMethod$1.runReflectiveCall(FrameworkMethod.java:59)
	at org.junit.internal.runners.model.ReflectiveCallable.run(ReflectiveCallable.java:12)
	at org.junit.runners.model.FrameworkMethod.invokeExplosively(FrameworkMethod.java:56)
	at org.junit.internal.runners.statements.InvokeMethod.evaluate(InvokeMethod.java:17)
	at org.junit.internal.runners.statements.RunBefores.evaluate(RunBefores.java:26)
	at org.junit.rules.TestWatcher$1.evaluate(TestWatcher.java:61)
	at org.junit.runners.ParentRunner$3.evaluate(ParentRunner.java:306)
	at org.junit.runners.BlockJUnit4ClassRunner$1.evaluate(BlockJUnit4ClassRunner.java:100)
	at org.junit.runners.ParentRunner.runLeaf(ParentRunner.java:366)
	at org.junit.runners.BlockJUnit4ClassRunner.runChild(BlockJUnit4ClassRunner.java:103)
	at org.junit.runners.BlockJUnit4ClassRunner.runChild(BlockJUnit4ClassRunner.java:63)
	at org.junit.runners.ParentRunner$4.run(ParentRunner.java:331)
	at org.junit.runners.ParentRunner$1.schedule(ParentRunner.java:79)
	at org.junit.runners.ParentRunner.runChildren(ParentRunner.java:329)
	at org.junit.runners.ParentRunner.access$100(ParentRunner.java:66)
	at org.junit.runners.ParentRunner$2.evaluate(ParentRunner.java:293)
	at org.junit.internal.runners.statements.RunBefores.evaluate(RunBefores.java:26)
	at org.junit.internal.runners.statements.RunAfters.evaluate(RunAfters.java:27)
	at org.junit.runners.ParentRunner$3.evaluate(ParentRunner.java:306)
	at org.junit.runners.ParentRunner.run(ParentRunner.java:413)
	at org.apache.maven.surefire.junit4.JUnit4Provider.execute(JUnit4Provider.java:252)
	at org.apache.maven.surefire.junit4.JUnit4Provider.executeTestSet(JUnit4Provider.java:141)
	at org.apache.maven.surefire.junit4.JUnit4Provider.invoke(JUnit4Provider.java:112)
	at java.base/jdk.internal.reflect.NativeMethodAccessorImpl.invoke0(Native Method)
	at java.base/jdk.internal.reflect.NativeMethodAccessorImpl.invoke(NativeMethodAccessorImpl.java:62)
	at java.base/jdk.internal.reflect.DelegatingMethodAccessorImpl.invoke(DelegatingMethodAccessorImpl.java:43)
	at java.base/java.lang.reflect.Method.invoke(Method.java:567)
	at org.apache.maven.surefire.util.ReflectionUtils.invokeMethodWithArray(ReflectionUtils.java:189)
	at org.apache.maven.surefire.booter.ProviderFactory$ProviderProxy.invoke(ProviderFactory.java:165)
	at org.apache.maven.surefire.booter.ProviderFactory.invokeProvider(ProviderFactory.java:85)
	at org.apache.maven.surefire.booter.ForkedBooter.runSuitesInProcess(ForkedBooter.java:115)
	at org.apache.maven.surefire.booter.ForkedBooter.main(ForkedBooter.java:75)
</error>
    <system-out>22:37:52.158 [main] DEBUG org.graphwalker.io.factory.json.JsonContextFactory - {&quot;models&quot;:[{&quot;edges&quot;:[{&quot;id&quot;:&quot;b4b105a0-ed32-11eb-8b23-2b215192a6a4&quot;,&quot;name&quot;:&quot;e_RegisterNewService&quot;,&quot;sourceVertexId&quot;:&quot;3289d900-ed30-11eb-8b23-2b215192a6a4&quot;,&quot;targetVertexId&quot;:&quot;acb31fa0-ed32-11eb-8b23-2b215192a6a4&quot;},{&quot;id&quot;:&quot;eedd99a0-ed32-11eb-8b23-2b215192a6a4&quot;,&quot;name&quot;:&quot;e_InvaledUnRegisterServiceForm&quot;,&quot;sourceVertexId&quot;:&quot;acb31fa0-ed32-11eb-8b23-2b215192a6a4&quot;,&quot;targetVertexId&quot;:&quot;cb97e810-ed32-11eb-8b23-2b215192a6a4&quot;,&quot;guard&quot;:&quot;count==0;&quot;},{&quot;id&quot;:&quot;f17e0e10-ed32-11eb-8b23-2b215192a6a4&quot;,&quot;name&quot;:&quot;e_back_RegisterService&quot;,&quot;sourceVertexId&quot;:&quot;cb97e810-ed32-11eb-8b23-2b215192a6a4&quot;,&quot;targetVertexId&quot;:&quot;acb31fa0-ed32-11eb-8b23-2b215192a6a4&quot;,&quot;actions&quot;:[&quot;count=1;&quot;]},{&quot;id&quot;:&quot;02563ae0-ed34-11eb-9151-39edbc994a07&quot;,&quot;name&quot;:&quot;e_ValedUnRegisterServiceForm&quot;,&quot;sourceVertexId&quot;:&quot;acb31fa0-ed32-11eb-8b23-2b215192a6a4&quot;,&quot;targetVertexId&quot;:&quot;f352ffb0-ed33-11eb-9151-39edbc994a07&quot;,&quot;guard&quot;:&quot;count&gt;0&quot;},{&quot;id&quot;:&quot;a27597f0-ed34-11eb-9151-39edbc994a07&quot;,&quot;name&quot;:&quot;e_QueeryRemovedService&quot;,&quot;sourceVertexId&quot;:&quot;f352ffb0-ed33-11eb-9151-39edbc994a07&quot;,&quot;targetVertexId&quot;:&quot;99363140-ed34-11eb-9151-39edbc994a07&quot;},{&quot;id&quot;:&quot;cb8f71b0-ed34-11eb-9151-39edbc994a07&quot;,&quot;name&quot;:&quot;e_End&quot;,&quot;sourceVertexId&quot;:&quot;99363140-ed34-11eb-9151-39edbc994a07&quot;,&quot;targetVertexId&quot;:&quot;bab63e00-ed34-11eb-9151-39edbc994a07&quot;}],&quot;generator&quot;:&quot;random(vertex_coverage(100))&quot;,&quot;id&quot;:&quot;2e81be40-ed30-11eb-8b23-2b215192a6a4&quot;,&quot;name&quot;:&quot;UnregisterService&quot;,&quot;startElementId&quot;:&quot;3289d900-ed30-11eb-8b23-2b215192a6a4&quot;,&quot;vertices&quot;:[{&quot;id&quot;:&quot;3289d900-ed30-11eb-8b23-2b215192a6a4&quot;,&quot;name&quot;:&quot;v_Start&quot;,&quot;properties&quot;:{&quot;x&quot;:579.9472906038525,&quot;y&quot;:-71.99151359165742}},{&quot;id&quot;:&quot;acb31fa0-ed32-11eb-8b23-2b215192a6a4&quot;,&quot;name&quot;:&quot;v_RegisteredSuccessfully&quot;,&quot;properties&quot;:{&quot;x&quot;:584.9189651551064,&quot;y&quot;:58.98029385764508}},{&quot;id&quot;:&quot;cb97e810-ed32-11eb-8b23-2b215192a6a4&quot;,&quot;name&quot;:&quot;v_BadPayloadException&quot;,&quot;properties&quot;:{&quot;x&quot;:958.8911059919114,&quot;y&quot;:307.95653665712905}},{&quot;id&quot;:&quot;f352ffb0-ed33-11eb-9151-39edbc994a07&quot;,&quot;name&quot;:&quot;v_RemoveServiceRegisteryEntry&quot;,&quot;properties&quot;:{&quot;x&quot;:303.97485439660807,&quot;y&quot;:295.012767728854}},{&quot;id&quot;:&quot;99363140-ed34-11eb-9151-39edbc994a07&quot;,&quot;name&quot;:&quot;v_ServiceNotExist&quot;,&quot;properties&quot;:{&quot;x&quot;:419.97485439660807,&quot;y&quot;:440.012767728854}},{&quot;id&quot;:&quot;bab63e00-ed34-11eb-9151-39edbc994a07&quot;,&quot;name&quot;:&quot;v_End&quot;,&quot;properties&quot;:{&quot;x&quot;:621.9748543966081,&quot;y&quot;:618.012767728854}}],&quot;editor&quot;:{&quot;elements&quot;:{&quot;nodes&quot;:[{&quot;data&quot;:{&quot;id&quot;:&quot;3289d900-ed30-11eb-8b23-2b215192a6a4&quot;,&quot;name&quot;:&quot;v_Start&quot;,&quot;color&quot;:&quot;LightSteelBlue&quot;},&quot;position&quot;:{&quot;x&quot;:579.9472906038525,&quot;y&quot;:-71.99151359165742},&quot;group&quot;:&quot;nodes&quot;,&quot;removed&quot;:false,&quot;selected&quot;:false,&quot;selectable&quot;:true,&quot;locked&quot;:false,&quot;grabbable&quot;:true,&quot;pannable&quot;:false,&quot;classes&quot;:&quot;&quot;},{&quot;data&quot;:{&quot;id&quot;:&quot;acb31fa0-ed32-11eb-8b23-2b215192a6a4&quot;,&quot;name&quot;:&quot;v_RegisteredSuccessfully&quot;,&quot;color&quot;:&quot;LightSteelBlue&quot;},&quot;position&quot;:{&quot;x&quot;:584.9189651551064,&quot;y&quot;:58.98029385764508},&quot;group&quot;:&quot;nodes&quot;,&quot;removed&quot;:false,&quot;selected&quot;:false,&quot;selectable&quot;:true,&quot;locked&quot;:false,&quot;grabbable&quot;:true,&quot;pannable&quot;:false,&quot;classes&quot;:&quot;&quot;},{&quot;data&quot;:{&quot;id&quot;:&quot;cb97e810-ed32-11eb-8b23-2b215192a6a4&quot;,&quot;name&quot;:&quot;v_BadPayloadException&quot;,&quot;color&quot;:&quot;LightSteelBlue&quot;},&quot;position&quot;:{&quot;x&quot;:958.8911059919114,&quot;y&quot;:307.95653665712905},&quot;group&quot;:&quot;nodes&quot;,&quot;removed&quot;:false,&quot;selected&quot;:false,&quot;selectable&quot;:true,&quot;locked&quot;:false,&quot;grabbable&quot;:true,&quot;pannable&quot;:false,&quot;classes&quot;:&quot;&quot;},{&quot;data&quot;:{&quot;id&quot;:&quot;f352ffb0-ed33-11eb-9151-39edbc994a07&quot;,&quot;name&quot;:&quot;v_RemoveServiceRegisteryEntry&quot;,&quot;color&quot;:&quot;LightSteelBlue&quot;},&quot;position&quot;:{&quot;x&quot;:303.97485439660807,&quot;y&quot;:295.012767728854},&quot;group&quot;:&quot;nodes&quot;,&quot;removed&quot;:false,&quot;selected&quot;:false,&quot;selectable&quot;:true,&quot;locked&quot;:false,&quot;grabbable&quot;:true,&quot;pannable&quot;:false,&quot;classes&quot;:&quot;&quot;},{&quot;data&quot;:{&quot;id&quot;:&quot;99363140-ed34-11eb-9151-39edbc994a07&quot;,&quot;name&quot;:&quot;v_ServiceNotExist&quot;,&quot;color&quot;:&quot;LightSteelBlue&quot;},&quot;position&quot;:{&quot;x&quot;:419.97485439660807,&quot;y&quot;:440.012767728854},&quot;group&quot;:&quot;nodes&quot;,&quot;removed&quot;:false,&quot;selected&quot;:false,&quot;selectable&quot;:true,&quot;locked&quot;:false,&quot;grabbable&quot;:true,&quot;pannable&quot;:false,&quot;classes&quot;:&quot;&quot;},{&quot;data&quot;:{&quot;id&quot;:&quot;bab63e00-ed34-11eb-9151-39edbc994a07&quot;,&quot;name&quot;:&quot;v_End&quot;,&quot;color&quot;:&quot;LightSteelBlue&quot;},&quot;position&quot;:{&quot;x&quot;:621.9748543966081,&quot;y&quot;:618.012767728854},&quot;group&quot;:&quot;nodes&quot;,&quot;removed&quot;:false,&quot;selected&quot;:false,&quot;selectable&quot;:true,&quot;locked&quot;:false,&quot;grabbable&quot;:true,&quot;pannable&quot;:false,&quot;classes&quot;:&quot;&quot;}],&quot;edges&quot;:[{&quot;data&quot;:{&quot;id&quot;:&quot;b4b105a0-ed32-11eb-8b23-2b215192a6a4&quot;,&quot;name&quot;:&quot;e_RegisterNewService&quot;,&quot;source&quot;:&quot;3289d900-ed30-11eb-8b23-2b215192a6a4&quot;,&quot;target&quot;:&quot;acb31fa0-ed32-11eb-8b23-2b215192a6a4&quot;,&quot;color&quot;:&quot;LightSteelBlue&quot;},&quot;position&quot;:{&quot;x&quot;:0,&quot;y&quot;:0},&quot;group&quot;:&quot;edges&quot;,&quot;removed&quot;:false,&quot;selected&quot;:false,&quot;selectable&quot;:true,&quot;locked&quot;:false,&quot;grabbable&quot;:true,&quot;pannable&quot;:true,&quot;classes&quot;:&quot;&quot;},{&quot;data&quot;:{&quot;id&quot;:&quot;eedd99a0-ed32-11eb-8b23-2b215192a6a4&quot;,&quot;name&quot;:&quot;e_InvaledUnRegisterServiceForm&quot;,&quot;source&quot;:&quot;acb31fa0-ed32-11eb-8b23-2b215192a6a4&quot;,&quot;target&quot;:&quot;cb97e810-ed32-11eb-8b23-2b215192a6a4&quot;,&quot;color&quot;:&quot;LightSteelBlue&quot;,&quot;guard&quot;:&quot;count==0;&quot;},&quot;position&quot;:{&quot;x&quot;:0,&quot;y&quot;:0},&quot;group&quot;:&quot;edges&quot;,&quot;removed&quot;:false,&quot;selected&quot;:false,&quot;selectable&quot;:true,&quot;locked&quot;:false,&quot;grabbable&quot;:true,&quot;pannable&quot;:true,&quot;classes&quot;:&quot;&quot;},{&quot;data&quot;:{&quot;id&quot;:&quot;f17e0e10-ed32-11eb-8b23-2b215192a6a4&quot;,&quot;name&quot;:&quot;e_back_RegisterService&quot;,&quot;source&quot;:&quot;cb97e810-ed32-11eb-8b23-2b215192a6a4&quot;,&quot;target&quot;:&quot;acb31fa0-ed32-11eb-8b23-2b215192a6a4&quot;,&quot;color&quot;:&quot;LightSteelBlue&quot;,&quot;actions&quot;:[&quot;count=1;&quot;]},&quot;position&quot;:{&quot;x&quot;:0,&quot;y&quot;:0},&quot;group&quot;:&quot;edges&quot;,&quot;removed&quot;:false,&quot;selected&quot;:false,&quot;selectable&quot;:true,&quot;locked&quot;:false,&quot;grabbable&quot;:true,&quot;pannable&quot;:true,&quot;classes&quot;:&quot;&quot;},{&quot;data&quot;:{&quot;id&quot;:&quot;02563ae0-ed34-11eb-9151-39edbc994a07&quot;,&quot;name&quot;:&quot;e_ValedUnRegisterServiceForm&quot;,&quot;source&quot;:&quot;acb31fa0-ed32-11eb-8b23-2b215192a6a4&quot;,&quot;target&quot;:&quot;f352ffb0-ed33-11eb-9151-39edbc994a07&quot;,&quot;color&quot;:&quot;LightSteelBlue&quot;},&quot;position&quot;:{&quot;x&quot;:0,&quot;y&quot;:0},&quot;group&quot;:&quot;edges&quot;,&quot;removed&quot;:false,&quot;selected&quot;:false,&quot;selectable&quot;:true,&quot;locked&quot;:false,&quot;grabbable&quot;:true,&quot;pannable&quot;:true,&quot;classes&quot;:&quot;&quot;},{&quot;data&quot;:{&quot;id&quot;:&quot;a27597f0-ed34-11eb-9151-39edbc994a07&quot;,&quot;name&quot;:&quot;e_QueeryRemovedService&quot;,&quot;source&quot;:&quot;f352ffb0-ed33-11eb-9151-39edbc994a07&quot;,&quot;target&quot;:&quot;99363140-ed34-11eb-9151-39edbc994a07&quot;,&quot;color&quot;:&quot;LightSteelBlue&quot;},&quot;position&quot;:{&quot;x&quot;:0,&quot;y&quot;:0},&quot;group&quot;:&quot;edges&quot;,&quot;removed&quot;:false,&quot;selected&quot;:false,&quot;selectable&quot;:true,&quot;locked&quot;:false,&quot;grabbable&quot;:true,&quot;pannable&quot;:true,&quot;classes&quot;:&quot;&quot;},{&quot;data&quot;:{&quot;id&quot;:&quot;cb8f71b0-ed34-11eb-9151-39edbc994a07&quot;,&quot;name&quot;:&quot;e_End&quot;,&quot;source&quot;:&quot;99363140-ed34-11eb-9151-39edbc994a07&quot;,&quot;target&quot;:&quot;bab63e00-ed34-11eb-9151-39edbc994a07&quot;,&quot;color&quot;:&quot;LightSteelBlue&quot;},&quot;position&quot;:{&quot;x&quot;:0,&quot;y&quot;:0},&quot;group&quot;:&quot;edges&quot;,&quot;removed&quot;:false,&quot;selected&quot;:false,&quot;selectable&quot;:true,&quot;locked&quot;:false,&quot;grabbable&quot;:true,&quot;pannable&quot;:true,&quot;classes&quot;:&quot;&quot;}]},&quot;style&quot;:[{&quot;selector&quot;:&quot;core&quot;,&quot;style&quot;:{&quot;active-bg-size&quot;:&quot;0px&quot;}},{&quot;selector&quot;:&quot;node&quot;,&quot;style&quot;:{&quot;label&quot;:&quot;data(name)&quot;,&quot;text-wrap&quot;:&quot;wrap&quot;,&quot;text-valign&quot;:&quot;center&quot;,&quot;text-halign&quot;:&quot;center&quot;,&quot;shape&quot;:&quot;roundrectangle&quot;,&quot;width&quot;:&quot;label&quot;,&quot;height&quot;:&quot;label&quot;,&quot;color&quot;:&quot;rgb(0,0,0)&quot;,&quot;background-color&quot;:&quot;data(color)&quot;,&quot;line-color&quot;:&quot;data(color)&quot;,&quot;padding&quot;:&quot;10px&quot;}},{&quot;selector&quot;:&quot;edge&quot;,&quot;style&quot;:{&quot;label&quot;:&quot;data(name)&quot;,&quot;text-wrap&quot;:&quot;wrap&quot;,&quot;curve-style&quot;:&quot;bezier&quot;,&quot;text-rotation&quot;:&quot;autorotate&quot;,&quot;target-arrow-shape&quot;:&quot;triangle&quot;,&quot;width&quot;:&quot;4px&quot;,&quot;line-color&quot;:&quot;data(color)&quot;,&quot;target-arrow-color&quot;:&quot;data(color)&quot;,&quot;background-color&quot;:&quot;data(color)&quot;}},{&quot;selector&quot;:&quot;:loop&quot;,&quot;style&quot;:{&quot;curve-style&quot;:&quot;unbundled-bezier&quot;,&quot;control-point-step-size&quot;:&quot;60px&quot;}},{&quot;selector&quot;:&quot;:selected&quot;,&quot;style&quot;:{&quot;border-width&quot;:&quot;4px&quot;,&quot;border-color&quot;:&quot;rgb(0,0,0)&quot;,&quot;line-color&quot;:&quot;rgb(0,0,0)&quot;,&quot;target-arrow-color&quot;:&quot;rgb(0,0,0)&quot;}}],&quot;data&quot;:{},&quot;zoomingEnabled&quot;:true,&quot;userZoomingEnabled&quot;:true,&quot;zoom&quot;:1,&quot;minZoom&quot;:1e-50,&quot;maxZoom&quot;:1e+50,&quot;panningEnabled&quot;:true,&quot;userPanningEnabled&quot;:true,&quot;pan&quot;:{&quot;x&quot;:0,&quot;y&quot;:0},&quot;boxSelectionEnabled&quot;:true,&quot;renderer&quot;:{&quot;name&quot;:&quot;canvas&quot;}},&quot;actions&quot;:[&quot;count=0;&quot;]}],&quot;selectedModelIndex&quot;:0,&quot;selectedElementId&quot;:&quot;02563ae0-ed34-11eb-9151-39edbc994a07&quot;}
22:37:52.360 [main] DEBUG org.graphwalker.core.machine.ExecutionContext - Execute action: &apos;count=0;&apos; in model: &apos;UnregisterService&apos;
22:37:52.517 [main] DEBUG org.graphwalker.core.machine.ExecutionContext - Data: &apos;UnregService: com.mbtroads.UnregService@269c3cc3, count: 0, &apos;
22:37:52.525 [main] DEBUG org.graphwalker.core.machine.SimpleMachine - Context: com.mbtroads.UnregService@269c3cc3
22:37:52.526 [main] DEBUG org.graphwalker.core.machine.ExecutionContext - Execute method: &apos;v_Start&apos; in model: &apos;UnregisterService&apos;
22:37:52.529 [main] DEBUG org.graphwalker.core.machine.SimpleMachine - Context: com.mbtroads.UnregService@269c3cc3
22:37:52.530 [main] INFO org.graphwalker.core.generator.SingletonRandomGenerator - Seed: 2178648430200
22:37:52.530 [main] DEBUG org.graphwalker.core.machine.ExecutionContext - Execute method: &apos;e_RegisterNewService&apos; in model: &apos;UnregisterService&apos;
22:37:52.557 [main] DEBUG org.apache.http.client.protocol.RequestAddCookies - CookieSpec selected: default
22:37:52.568 [main] DEBUG org.apache.http.client.protocol.RequestAuthCache - Auth cache not set in the context
22:37:52.569 [main] DEBUG org.apache.http.impl.conn.PoolingHttpClientConnectionManager - Connection request: [route: {}-&gt;http://localhost:8443][total available: 0; route allocated: 0 of 2; total allocated: 0 of 20]
22:37:52.582 [main] DEBUG org.apache.http.impl.conn.PoolingHttpClientConnectionManager - Connection leased: [id: 0][route: {}-&gt;http://localhost:8443][total available: 0; route allocated: 1 of 2; total allocated: 1 of 20]
22:37:52.584 [main] DEBUG org.apache.http.impl.execchain.MainClientExec - Opening connection {}-&gt;http://localhost:8443
22:37:52.589 [main] DEBUG org.apache.http.impl.conn.DefaultHttpClientConnectionOperator - Connecting to localhost/127.0.0.1:8443
22:37:52.593 [main] DEBUG org.apache.http.impl.conn.DefaultHttpClientConnectionOperator - Connection established 127.0.0.1:54093&lt;-&gt;127.0.0.1:8443
22:37:52.594 [main] DEBUG org.apache.http.impl.execchain.MainClientExec - Executing request POST /serviceregistry/mgmt HTTP/1.1
22:37:52.596 [main] DEBUG org.apache.http.impl.execchain.MainClientExec - Target auth state: UNCHALLENGED
22:37:52.597 [main] DEBUG org.apache.http.impl.execchain.MainClientExec - Proxy auth state: UNCHALLENGED
22:37:52.600 [main] DEBUG org.apache.http.headers - http-outgoing-0 &gt;&gt; POST /serviceregistry/mgmt HTTP/1.1
22:37:52.600 [main] DEBUG org.apache.http.headers - http-outgoing-0 &gt;&gt; Content-type: application/json
22:37:52.600 [main] DEBUG org.apache.http.headers - http-outgoing-0 &gt;&gt; Content-Length: 394
22:37:52.601 [main] DEBUG org.apache.http.headers - http-outgoing-0 &gt;&gt; Host: localhost:8443
22:37:52.602 [main] DEBUG org.apache.http.headers - http-outgoing-0 &gt;&gt; Connection: Keep-Alive
22:37:52.603 [main] DEBUG org.apache.http.headers - http-outgoing-0 &gt;&gt; User-Agent: Apache-HttpClient/4.5.13 (Java/12)
22:37:52.603 [main] DEBUG org.apache.http.headers - http-outgoing-0 &gt;&gt; Accept-Encoding: gzip,deflate
22:37:52.603 [main] DEBUG org.apache.http.wire - http-outgoing-0 &gt;&gt; &quot;POST /serviceregistry/mgmt HTTP/1.1[\r][\n]&quot;
22:37:52.603 [main] DEBUG org.apache.http.wire - http-outgoing-0 &gt;&gt; &quot;Content-type: application/json[\r][\n]&quot;
22:37:52.603 [main] DEBUG org.apache.http.wire - http-outgoing-0 &gt;&gt; &quot;Content-Length: 394[\r][\n]&quot;
22:37:52.604 [main] DEBUG org.apache.http.wire - http-outgoing-0 &gt;&gt; &quot;Host: localhost:8443[\r][\n]&quot;
22:37:52.604 [main] DEBUG org.apache.http.wire - http-outgoing-0 &gt;&gt; &quot;Connection: Keep-Alive[\r][\n]&quot;
22:37:52.604 [main] DEBUG org.apache.http.wire - http-outgoing-0 &gt;&gt; &quot;User-Agent: Apache-HttpClient/4.5.13 (Java/12)[\r][\n]&quot;
22:37:52.604 [main] DEBUG org.apache.http.wire - http-outgoing-0 &gt;&gt; &quot;Accept-Encoding: gzip,deflate[\r][\n]&quot;
22:37:52.604 [main] DEBUG org.apache.http.wire - http-outgoing-0 &gt;&gt; &quot;[\r][\n]&quot;
22:37:52.604 [main] DEBUG org.apache.http.wire - http-outgoing-0 &gt;&gt; &quot;{ &quot;serviceDefinition&quot;: &quot;IndoorTemperature&quot;, &quot;providerSystem&quot;: { &quot;systemName&quot;: &quot;InsecureTemperatureSensor_2021-37-08-10-37-52&quot;,&quot;address&quot;: &quot;192.168.0.2&quot;, &quot;port&quot;: 8080, &quot;authenticationInfo&quot;: &quot;eyJhbGciOiJIUzI1Ni...&quot;}, &quot;serviceUri&quot;: &quot;temperature&quot;, &quot;endOfValidity&quot;: &quot;2019-12-05 12:00:00&quot;, &quot;secure&quot;: &quot;NOT_SECURE&quot;, &quot;metadata&quot;: { &quot;unit&quot;: &quot;celsius&quot;}, &quot;version&quot;: 1, &quot;interfaces&quot;: [ &quot;HTTP-INSECURE-JSON&quot; ]}&quot;
22:37:52.647 [main] DEBUG org.apache.http.wire - http-outgoing-0 &lt;&lt; &quot;HTTP/1.1 201 [\r][\n]&quot;
22:37:52.648 [main] DEBUG org.apache.http.wire - http-outgoing-0 &lt;&lt; &quot;X-Content-Type-Options: nosniff[\r][\n]&quot;
22:37:52.648 [main] DEBUG org.apache.http.wire - http-outgoing-0 &lt;&lt; &quot;X-XSS-Protection: 1; mode=block[\r][\n]&quot;
22:37:52.648 [main] DEBUG org.apache.http.wire - http-outgoing-0 &lt;&lt; &quot;Cache-Control: no-cache, no-store, max-age=0, must-revalidate[\r][\n]&quot;
22:37:52.648 [main] DEBUG org.apache.http.wire - http-outgoing-0 &lt;&lt; &quot;Pragma: no-cache[\r][\n]&quot;
22:37:52.648 [main] DEBUG org.apache.http.wire - http-outgoing-0 &lt;&lt; &quot;Expires: 0[\r][\n]&quot;
22:37:52.648 [main] DEBUG org.apache.http.wire - http-outgoing-0 &lt;&lt; &quot;X-Frame-Options: DENY[\r][\n]&quot;
22:37:52.648 [main] DEBUG org.apache.http.wire - http-outgoing-0 &lt;&lt; &quot;Content-Type: application/json;charset=UTF-8[\r][\n]&quot;
22:37:52.648 [main] DEBUG org.apache.http.wire - http-outgoing-0 &lt;&lt; &quot;Transfer-Encoding: chunked[\r][\n]&quot;
22:37:52.648 [main] DEBUG org.apache.http.wire - http-outgoing-0 &lt;&lt; &quot;Date: Fri, 08 Oct 2021 20:37:52 GMT[\r][\n]&quot;
22:37:52.648 [main] DEBUG org.apache.http.wire - http-outgoing-0 &lt;&lt; &quot;[\r][\n]&quot;
22:37:52.648 [main] DEBUG org.apache.http.wire - http-outgoing-0 &lt;&lt; &quot;2c1[\r][\n]&quot;
22:37:52.649 [main] DEBUG org.apache.http.wire - http-outgoing-0 &lt;&lt; &quot;{&quot;id&quot;:441,&quot;serviceDefinition&quot;:{&quot;id&quot;:3,&quot;serviceDefinition&quot;:&quot;indoortemperature&quot;,&quot;createdAt&quot;:&quot;2021-06-14 12:37:33&quot;,&quot;updatedAt&quot;:&quot;2021-06-14 12:37:33&quot;},&quot;provider&quot;:{&quot;id&quot;:182,&quot;systemName&quot;:&quot;insecuretemperaturesensor_2021-37-08-10-37-52&quot;,&quot;address&quot;:&quot;192.168.0.2&quot;,&quot;port&quot;:8080,&quot;authenticationInfo&quot;:&quot;eyJhbGciOiJIUzI1Ni...&quot;,&quot;createdAt&quot;:&quot;2021-10-08 20:37:52&quot;,&quot;updatedAt&quot;:&quot;2021-10-08 20:37:52&quot;},&quot;serviceUri&quot;:&quot;temperature&quot;,&quot;endOfValidity&quot;:&quot;2019-12-05 12:00:00&quot;,&quot;secure&quot;:&quot;NOT_SECURE&quot;,&quot;metadata&quot;:{&quot;unit&quot;:&quot;celsius&quot;},&quot;version&quot;:1,&quot;interfaces&quot;:[{&quot;id&quot;:2,&quot;interfaceName&quot;:&quot;HTTP-INSECURE-JSON&quot;,&quot;createdAt&quot;:&quot;2021-05-28 11:19:54&quot;,&quot;updatedAt&quot;:&quot;2021-05-28 11:19:54&quot;}],&quot;createdAt&quot;:&quot;2021-10-08 20:37:52&quot;,&quot;updatedAt&quot;:&quot;2021-10-08 20:37:52&quot;}[\r][\n]&quot;
22:37:52.651 [main] DEBUG org.apache.http.headers - http-outgoing-0 &lt;&lt; HTTP/1.1 201 
22:37:52.651 [main] DEBUG org.apache.http.headers - http-outgoing-0 &lt;&lt; X-Content-Type-Options: nosniff
22:37:52.651 [main] DEBUG org.apache.http.headers - http-outgoing-0 &lt;&lt; X-XSS-Protection: 1; mode=block
22:37:52.652 [main] DEBUG org.apache.http.headers - http-outgoing-0 &lt;&lt; Cache-Control: no-cache, no-store, max-age=0, must-revalidate
22:37:52.652 [main] DEBUG org.apache.http.headers - http-outgoing-0 &lt;&lt; Pragma: no-cache
22:37:52.652 [main] DEBUG org.apache.http.headers - http-outgoing-0 &lt;&lt; Expires: 0
22:37:52.652 [main] DEBUG org.apache.http.headers - http-outgoing-0 &lt;&lt; X-Frame-Options: DENY
22:37:52.652 [main] DEBUG org.apache.http.headers - http-outgoing-0 &lt;&lt; Content-Type: application/json;charset=UTF-8
22:37:52.652 [main] DEBUG org.apache.http.headers - http-outgoing-0 &lt;&lt; Transfer-Encoding: chunked
22:37:52.652 [main] DEBUG org.apache.http.headers - http-outgoing-0 &lt;&lt; Date: Fri, 08 Oct 2021 20:37:52 GMT
22:37:52.660 [main] DEBUG org.apache.http.impl.execchain.MainClientExec - Connection can be kept alive indefinitely
22:37:52.666 [main] DEBUG org.apache.http.wire - http-outgoing-0 &lt;&lt; &quot;0[\r][\n]&quot;
22:37:52.666 [main] DEBUG org.apache.http.wire - http-outgoing-0 &lt;&lt; &quot;[\r][\n]&quot;
22:37:52.666 [main] DEBUG org.apache.http.impl.conn.PoolingHttpClientConnectionManager - Connection [id: 0][route: {}-&gt;http://localhost:8443] can be kept alive indefinitely
22:37:52.666 [main] DEBUG org.apache.http.impl.conn.DefaultManagedHttpClientConnection - http-outgoing-0: set socket timeout to 0
22:37:52.666 [main] DEBUG org.apache.http.impl.conn.PoolingHttpClientConnectionManager - Connection released: [id: 0][route: {}-&gt;http://localhost:8443][total available: 1; route allocated: 1 of 2; total allocated: 1 of 20]
22:37:52.672 [main] DEBUG org.graphwalker.core.machine.SimpleMachine - Context: com.mbtroads.UnregService@269c3cc3
22:37:52.673 [main] DEBUG org.graphwalker.core.machine.ExecutionContext - Execute method: &apos;v_RegisteredSuccessfully&apos; in model: &apos;UnregisterService&apos;
22:37:52.674 [main] DEBUG org.graphwalker.core.machine.SimpleMachine - Context: com.mbtroads.UnregService@269c3cc3
22:37:52.674 [main] DEBUG org.graphwalker.core.machine.ExecutionContext - Execute guard: &apos;count==0;&apos; in edge e_InvaledUnRegisterServiceForm, in model: &apos;UnregisterService&apos;
22:37:52.689 [main] DEBUG org.graphwalker.core.machine.ExecutionContext - Execute guard: &apos;count&gt;0&apos; in edge e_ValedUnRegisterServiceForm, in model: &apos;UnregisterService&apos;
22:37:52.694 [main] DEBUG org.graphwalker.core.machine.ExecutionContext - Execute method: &apos;e_InvaledUnRegisterServiceForm&apos; in model: &apos;UnregisterService&apos;
22:37:52.698 [main] DEBUG org.apache.http.client.protocol.RequestAddCookies - CookieSpec selected: default
22:37:52.698 [main] DEBUG org.apache.http.client.protocol.RequestAuthCache - Auth cache not set in the context
22:37:52.699 [main] DEBUG org.apache.http.impl.conn.PoolingHttpClientConnectionManager - Connection request: [route: {}-&gt;http://localhost:8443][total available: 0; route allocated: 0 of 2; total allocated: 0 of 20]
22:37:52.699 [main] DEBUG org.apache.http.impl.conn.PoolingHttpClientConnectionManager - Connection leased: [id: 1][route: {}-&gt;http://localhost:8443][total available: 0; route allocated: 1 of 2; total allocated: 1 of 20]
22:37:52.699 [main] DEBUG org.apache.http.impl.execchain.MainClientExec - Opening connection {}-&gt;http://localhost:8443
22:37:52.700 [main] DEBUG org.apache.http.impl.conn.DefaultHttpClientConnectionOperator - Connecting to localhost/127.0.0.1:8443
22:37:52.700 [main] DEBUG org.apache.http.impl.conn.DefaultHttpClientConnectionOperator - Connection established 127.0.0.1:54094&lt;-&gt;127.0.0.1:8443
22:37:52.702 [main] DEBUG org.apache.http.impl.execchain.MainClientExec - Executing request DELETE /serviceregistry/unregister?address=192.168.0.2&amp;port=8080&amp;service_definition=indoortemperature&amp;system_name=NOTEXIST HTTP/1.1
22:37:52.702 [main] DEBUG org.apache.http.impl.execchain.MainClientExec - Target auth state: UNCHALLENGED
22:37:52.702 [main] DEBUG org.apache.http.impl.execchain.MainClientExec - Proxy auth state: UNCHALLENGED
22:37:52.702 [main] DEBUG org.apache.http.headers - http-outgoing-1 &gt;&gt; DELETE /serviceregistry/unregister?address=192.168.0.2&amp;port=8080&amp;service_definition=indoortemperature&amp;system_name=NOTEXIST HTTP/1.1
22:37:52.703 [main] DEBUG org.apache.http.headers - http-outgoing-1 &gt;&gt; Content-type: application/json
22:37:52.703 [main] DEBUG org.apache.http.headers - http-outgoing-1 &gt;&gt; Host: localhost:8443
22:37:52.703 [main] DEBUG org.apache.http.headers - http-outgoing-1 &gt;&gt; Connection: Keep-Alive
22:37:52.703 [main] DEBUG org.apache.http.headers - http-outgoing-1 &gt;&gt; User-Agent: Apache-HttpClient/4.5.13 (Java/12)
22:37:52.703 [main] DEBUG org.apache.http.headers - http-outgoing-1 &gt;&gt; Accept-Encoding: gzip,deflate
22:37:52.704 [main] DEBUG org.apache.http.wire - http-outgoing-1 &gt;&gt; &quot;DELETE /serviceregistry/unregister?address=192.168.0.2&amp;port=8080&amp;service_definition=indoortemperature&amp;system_name=NOTEXIST HTTP/1.1[\r][\n]&quot;
22:37:52.704 [main] DEBUG org.apache.http.wire - http-outgoing-1 &gt;&gt; &quot;Content-type: application/json[\r][\n]&quot;
22:37:52.704 [main] DEBUG org.apache.http.wire - http-outgoing-1 &gt;&gt; &quot;Host: localhost:8443[\r][\n]&quot;
22:37:52.704 [main] DEBUG org.apache.http.wire - http-outgoing-1 &gt;&gt; &quot;Connection: Keep-Alive[\r][\n]&quot;
22:37:52.704 [main] DEBUG org.apache.http.wire - http-outgoing-1 &gt;&gt; &quot;User-Agent: Apache-HttpClient/4.5.13 (Java/12)[\r][\n]&quot;
22:37:52.704 [main] DEBUG org.apache.http.wire - http-outgoing-1 &gt;&gt; &quot;Accept-Encoding: gzip,deflate[\r][\n]&quot;
22:37:52.705 [main] DEBUG org.apache.http.wire - http-outgoing-1 &gt;&gt; &quot;[\r][\n]&quot;
22:37:52.713 [main] DEBUG org.apache.http.wire - http-outgoing-1 &lt;&lt; &quot;HTTP/1.1 400 [\r][\n]&quot;
22:37:52.713 [main] DEBUG org.apache.http.wire - http-outgoing-1 &lt;&lt; &quot;X-Content-Type-Options: nosniff[\r][\n]&quot;
22:37:52.714 [main] DEBUG org.apache.http.wire - http-outgoing-1 &lt;&lt; &quot;X-XSS-Protection: 1; mode=block[\r][\n]&quot;
22:37:52.714 [main] DEBUG org.apache.http.wire - http-outgoing-1 &lt;&lt; &quot;Cache-Control: no-cache, no-store, max-age=0, must-revalidate[\r][\n]&quot;
22:37:52.714 [main] DEBUG org.apache.http.wire - http-outgoing-1 &lt;&lt; &quot;Pragma: no-cache[\r][\n]&quot;
22:37:52.714 [main] DEBUG org.apache.http.wire - http-outgoing-1 &lt;&lt; &quot;Expires: 0[\r][\n]&quot;
22:37:52.714 [main] DEBUG org.apache.http.wire - http-outgoing-1 &lt;&lt; &quot;X-Frame-Options: DENY[\r][\n]&quot;
22:37:52.714 [main] DEBUG org.apache.http.wire - http-outgoing-1 &lt;&lt; &quot;Content-Type: application/json[\r][\n]&quot;
22:37:52.714 [main] DEBUG org.apache.http.wire - http-outgoing-1 &lt;&lt; &quot;Transfer-Encoding: chunked[\r][\n]&quot;
22:37:52.714 [main] DEBUG org.apache.http.wire - http-outgoing-1 &lt;&lt; &quot;Date: Fri, 08 Oct 2021 20:37:52 GMT[\r][\n]&quot;
22:37:52.714 [main] DEBUG org.apache.http.wire - http-outgoing-1 &lt;&lt; &quot;Connection: close[\r][\n]&quot;
22:37:52.714 [main] DEBUG org.apache.http.wire - http-outgoing-1 &lt;&lt; &quot;[\r][\n]&quot;
22:37:52.714 [main] DEBUG org.apache.http.wire - http-outgoing-1 &lt;&lt; &quot;8e[\r][\n]&quot;
22:37:52.714 [main] DEBUG org.apache.http.wire - http-outgoing-1 &lt;&lt; &quot;{&quot;errorMessage&quot;:&quot;No system with name: notexist, address: 192.168.0.2, port: 8080 exists.&quot;,&quot;errorCode&quot;:400,&quot;exceptionType&quot;:&quot;INVALID_PARAMETER&quot;}[\r][\n]&quot;
22:37:52.715 [main] DEBUG org.apache.http.headers - http-outgoing-1 &lt;&lt; HTTP/1.1 400 
22:37:52.715 [main] DEBUG org.apache.http.headers - http-outgoing-1 &lt;&lt; X-Content-Type-Options: nosniff
22:37:52.715 [main] DEBUG org.apache.http.headers - http-outgoing-1 &lt;&lt; X-XSS-Protection: 1; mode=block
22:37:52.715 [main] DEBUG org.apache.http.headers - http-outgoing-1 &lt;&lt; Cache-Control: no-cache, no-store, max-age=0, must-revalidate
22:37:52.715 [main] DEBUG org.apache.http.headers - http-outgoing-1 &lt;&lt; Pragma: no-cache
22:37:52.715 [main] DEBUG org.apache.http.headers - http-outgoing-1 &lt;&lt; Expires: 0
22:37:52.715 [main] DEBUG org.apache.http.headers - http-outgoing-1 &lt;&lt; X-Frame-Options: DENY
22:37:52.715 [main] DEBUG org.apache.http.headers - http-outgoing-1 &lt;&lt; Content-Type: application/json
22:37:52.715 [main] DEBUG org.apache.http.headers - http-outgoing-1 &lt;&lt; Transfer-Encoding: chunked
22:37:52.715 [main] DEBUG org.apache.http.headers - http-outgoing-1 &lt;&lt; Date: Fri, 08 Oct 2021 20:37:52 GMT
22:37:52.715 [main] DEBUG org.apache.http.headers - http-outgoing-1 &lt;&lt; Connection: close
22:37:52.716 [main] DEBUG org.apache.http.wire - http-outgoing-1 &lt;&lt; &quot;0[\r][\n]&quot;
22:37:52.716 [main] DEBUG org.apache.http.wire - http-outgoing-1 &lt;&lt; &quot;[\r][\n]&quot;
22:37:52.716 [main] DEBUG org.apache.http.impl.conn.DefaultManagedHttpClientConnection - http-outgoing-1: Close connection
22:37:52.717 [main] DEBUG org.apache.http.impl.execchain.MainClientExec - Connection discarded
22:37:52.718 [main] DEBUG org.apache.http.impl.conn.PoolingHttpClientConnectionManager - Connection released: [id: 1][route: {}-&gt;http://localhost:8443][total available: 0; route allocated: 0 of 2; total allocated: 0 of 20]
22:37:52.720 [main] DEBUG org.graphwalker.core.machine.SimpleMachine - Context: com.mbtroads.UnregService@269c3cc3
22:37:52.721 [main] DEBUG org.graphwalker.core.machine.ExecutionContext - Execute method: &apos;v_BadPayloadException&apos; in model: &apos;UnregisterService&apos;
22:37:52.722 [main] DEBUG org.graphwalker.core.machine.SimpleMachine - Context: com.mbtroads.UnregService@269c3cc3
22:37:52.723 [main] DEBUG org.graphwalker.core.machine.ExecutionContext - Execute action: &apos;count=1;&apos; in model: &apos;UnregisterService&apos;
22:37:52.728 [main] DEBUG org.graphwalker.core.machine.ExecutionContext - Data: &apos;UnregService: com.mbtroads.UnregService@269c3cc3, count: 1, &apos;
22:37:52.728 [main] DEBUG org.graphwalker.core.machine.ExecutionContext - Execute method: &apos;e_back_RegisterService&apos; in model: &apos;UnregisterService&apos;
22:37:52.730 [main] DEBUG org.graphwalker.core.machine.SimpleMachine - Context: com.mbtroads.UnregService@269c3cc3
22:37:52.730 [main] DEBUG org.graphwalker.core.machine.ExecutionContext - Execute method: &apos;v_RegisteredSuccessfully&apos; in model: &apos;UnregisterService&apos;
22:37:52.732 [main] DEBUG org.graphwalker.core.machine.SimpleMachine - Context: com.mbtroads.UnregService@269c3cc3
22:37:52.732 [main] DEBUG org.graphwalker.core.machine.ExecutionContext - Execute guard: &apos;count==0;&apos; in edge e_InvaledUnRegisterServiceForm, in model: &apos;UnregisterService&apos;
22:37:52.735 [main] DEBUG org.graphwalker.core.machine.ExecutionContext - Execute guard: &apos;count&gt;0&apos; in edge e_ValedUnRegisterServiceForm, in model: &apos;UnregisterService&apos;
22:37:52.736 [main] DEBUG org.graphwalker.core.machine.ExecutionContext - Execute method: &apos;e_ValedUnRegisterServiceForm&apos; in model: &apos;UnregisterService&apos;
22:37:52.747 [main] DEBUG org.apache.http.client.protocol.RequestAddCookies - CookieSpec selected: default
22:37:52.748 [main] DEBUG org.apache.http.client.protocol.RequestAuthCache - Auth cache not set in the context
22:37:52.749 [main] DEBUG org.apache.http.impl.conn.PoolingHttpClientConnectionManager - Connection request: [route: {}-&gt;http://localhost:8443][total available: 0; route allocated: 0 of 2; total allocated: 0 of 20]
22:37:52.749 [main] DEBUG org.apache.http.impl.conn.PoolingHttpClientConnectionManager - Connection leased: [id: 2][route: {}-&gt;http://localhost:8443][total available: 0; route allocated: 1 of 2; total allocated: 1 of 20]
22:37:52.749 [main] DEBUG org.apache.http.impl.execchain.MainClientExec - Opening connection {}-&gt;http://localhost:8443
22:37:52.750 [main] DEBUG org.apache.http.impl.conn.DefaultHttpClientConnectionOperator - Connecting to localhost/127.0.0.1:8443
22:37:52.753 [main] DEBUG org.apache.http.impl.conn.DefaultHttpClientConnectionOperator - Connection established 127.0.0.1:54095&lt;-&gt;127.0.0.1:8443
22:37:52.754 [main] DEBUG org.apache.http.impl.execchain.MainClientExec - Executing request DELETE /serviceregistry/unregister?address=192.168.0.2&amp;port=8080&amp;service_definition=indoortemperature&amp;system_name=insecuretemperaturesensor_2021-37-08-10-37-52 HTTP/1.1
22:37:52.754 [main] DEBUG org.apache.http.impl.execchain.MainClientExec - Target auth state: UNCHALLENGED
22:37:52.754 [main] DEBUG org.apache.http.impl.execchain.MainClientExec - Proxy auth state: UNCHALLENGED
22:37:52.754 [main] DEBUG org.apache.http.headers - http-outgoing-2 &gt;&gt; DELETE /serviceregistry/unregister?address=192.168.0.2&amp;port=8080&amp;service_definition=indoortemperature&amp;system_name=insecuretemperaturesensor_2021-37-08-10-37-52 HTTP/1.1
22:37:52.755 [main] DEBUG org.apache.http.headers - http-outgoing-2 &gt;&gt; Content-type: application/json
22:37:52.755 [main] DEBUG org.apache.http.headers - http-outgoing-2 &gt;&gt; Host: localhost:8443
22:37:52.755 [main] DEBUG org.apache.http.headers - http-outgoing-2 &gt;&gt; Connection: Keep-Alive
22:37:52.755 [main] DEBUG org.apache.http.headers - http-outgoing-2 &gt;&gt; User-Agent: Apache-HttpClient/4.5.13 (Java/12)
22:37:52.756 [main] DEBUG org.apache.http.headers - http-outgoing-2 &gt;&gt; Accept-Encoding: gzip,deflate
22:37:52.756 [main] DEBUG org.apache.http.wire - http-outgoing-2 &gt;&gt; &quot;DELETE /serviceregistry/unregister?address=192.168.0.2&amp;port=8080&amp;service_definition=indoortemperature&amp;system_name=insecuretemperaturesensor_2021-37-08-10-37-52 HTTP/1.1[\r][\n]&quot;
22:37:52.756 [main] DEBUG org.apache.http.wire - http-outgoing-2 &gt;&gt; &quot;Content-type: application/json[\r][\n]&quot;
22:37:52.756 [main] DEBUG org.apache.http.wire - http-outgoing-2 &gt;&gt; &quot;Host: localhost:8443[\r][\n]&quot;
22:37:52.757 [main] DEBUG org.apache.http.wire - http-outgoing-2 &gt;&gt; &quot;Connection: Keep-Alive[\r][\n]&quot;
22:37:52.757 [main] DEBUG org.apache.http.wire - http-outgoing-2 &gt;&gt; &quot;User-Agent: Apache-HttpClient/4.5.13 (Java/12)[\r][\n]&quot;
22:37:52.757 [main] DEBUG org.apache.http.wire - http-outgoing-2 &gt;&gt; &quot;Accept-Encoding: gzip,deflate[\r][\n]&quot;
22:37:52.757 [main] DEBUG org.apache.http.wire - http-outgoing-2 &gt;&gt; &quot;[\r][\n]&quot;
22:37:52.802 [main] DEBUG org.apache.http.wire - http-outgoing-2 &lt;&lt; &quot;HTTP/1.1 200 [\r][\n]&quot;
22:37:52.802 [main] DEBUG org.apache.http.wire - http-outgoing-2 &lt;&lt; &quot;X-Content-Type-Options: nosniff[\r][\n]&quot;
22:37:52.802 [main] DEBUG org.apache.http.wire - http-outgoing-2 &lt;&lt; &quot;X-XSS-Protection: 1; mode=block[\r][\n]&quot;
22:37:52.802 [main] DEBUG org.apache.http.wire - http-outgoing-2 &lt;&lt; &quot;Cache-Control: no-cache, no-store, max-age=0, must-revalidate[\r][\n]&quot;
22:37:52.802 [main] DEBUG org.apache.http.wire - http-outgoing-2 &lt;&lt; &quot;Pragma: no-cache[\r][\n]&quot;
22:37:52.802 [main] DEBUG org.apache.http.wire - http-outgoing-2 &lt;&lt; &quot;Expires: 0[\r][\n]&quot;
22:37:52.803 [main] DEBUG org.apache.http.wire - http-outgoing-2 &lt;&lt; &quot;X-Frame-Options: DENY[\r][\n]&quot;
22:37:52.803 [main] DEBUG org.apache.http.wire - http-outgoing-2 &lt;&lt; &quot;Content-Length: 0[\r][\n]&quot;
22:37:52.803 [main] DEBUG org.apache.http.wire - http-outgoing-2 &lt;&lt; &quot;Date: Fri, 08 Oct 2021 20:37:52 GMT[\r][\n]&quot;
22:37:52.803 [main] DEBUG org.apache.http.wire - http-outgoing-2 &lt;&lt; &quot;[\r][\n]&quot;
22:37:52.803 [main] DEBUG org.apache.http.headers - http-outgoing-2 &lt;&lt; HTTP/1.1 200 
22:37:52.803 [main] DEBUG org.apache.http.headers - http-outgoing-2 &lt;&lt; X-Content-Type-Options: nosniff
22:37:52.803 [main] DEBUG org.apache.http.headers - http-outgoing-2 &lt;&lt; X-XSS-Protection: 1; mode=block
22:37:52.803 [main] DEBUG org.apache.http.headers - http-outgoing-2 &lt;&lt; Cache-Control: no-cache, no-store, max-age=0, must-revalidate
22:37:52.803 [main] DEBUG org.apache.http.headers - http-outgoing-2 &lt;&lt; Pragma: no-cache
22:37:52.803 [main] DEBUG org.apache.http.headers - http-outgoing-2 &lt;&lt; Expires: 0
22:37:52.803 [main] DEBUG org.apache.http.headers - http-outgoing-2 &lt;&lt; X-Frame-Options: DENY
22:37:52.803 [main] DEBUG org.apache.http.headers - http-outgoing-2 &lt;&lt; Content-Length: 0
22:37:52.803 [main] DEBUG org.apache.http.headers - http-outgoing-2 &lt;&lt; Date: Fri, 08 Oct 2021 20:37:52 GMT
22:37:52.804 [main] DEBUG org.apache.http.impl.execchain.MainClientExec - Connection can be kept alive indefinitely
22:37:52.804 [main] DEBUG org.apache.http.impl.conn.PoolingHttpClientConnectionManager - Connection [id: 2][route: {}-&gt;http://localhost:8443] can be kept alive indefinitely
22:37:52.804 [main] DEBUG org.apache.http.impl.conn.DefaultManagedHttpClientConnection - http-outgoing-2: set socket timeout to 0
22:37:52.804 [main] DEBUG org.apache.http.impl.conn.PoolingHttpClientConnectionManager - Connection released: [id: 2][route: {}-&gt;http://localhost:8443][total available: 1; route allocated: 1 of 2; total allocated: 1 of 20]
22:37:52.805 [main] DEBUG org.graphwalker.core.machine.SimpleMachine - Context: com.mbtroads.UnregService@269c3cc3
22:37:52.806 [main] DEBUG org.graphwalker.core.machine.ExecutionContext - Execute method: &apos;v_RemoveServiceRegisteryEntry&apos; in model: &apos;UnregisterService&apos;
22:37:52.807 [main] ERROR org.graphwalker.core.machine.ExecutionContext - null
22:37:52.807 [main] ERROR org.graphwalker.java.test.TestExecutor - java.lang.reflect.InvocationTargetException
	&gt;&gt;&gt;&gt;&gt;&gt;&gt;&gt;&gt;&gt;&gt;&gt;&gt;&gt;&gt;&gt;&gt;&gt;&gt;&gt;&gt;&gt;&gt;&gt;&gt;&gt;&gt;&gt;&gt;&gt;  vertex &lt;&lt;&lt;&lt;&lt;&lt;&lt;&lt;&lt;&lt;&lt;&lt;&lt;&lt;&lt;&lt;&lt;&lt; 

  &quot;totalFailedNumberOfModels&quot;: 1

  &quot;totalNotExecutedNumberOfModels&quot;: 0

  &quot;totalNumberOfUnvisitedVertices&quot;: 2

  &quot;verticesNotVisited&quot;: [
    {
      &quot;modelName&quot;: &quot;UnregisterService&quot;
VERTEX &gt;&gt;&gt;&gt;&gt;&gt;&gt;&gt;&gt;&gt;&gt;&gt;&gt;&gt;&gt;&gt;&gt;&gt;&gt;&gt; v_ServiceNotExist

    {
      &quot;modelName&quot;: &quot;UnregisterService&quot;
VERTEX &gt;&gt;&gt;&gt;&gt;&gt;&gt;&gt;&gt;&gt;&gt;&gt;&gt;&gt;&gt;&gt;&gt;&gt;&gt;&gt; v_End

  &quot;totalNumberOfModels&quot;: 1

  &quot;totalCompletedNumberOfModels&quot;: 0

  &quot;totalNumberOfVisitedEdges&quot;: 4

  &quot;totalIncompleteNumberOfModels&quot;: 0

  &quot;edgesNotVisited&quot;: [
    {
      &quot;modelName&quot;: &quot;UnregisterService&quot;
Edge &gt;&gt;&gt;&gt;&gt;&gt;&gt;&gt;&gt;&gt;&gt;&gt;&gt;&gt;&gt;&gt;&gt;&gt;&gt;&gt; e_QueeryRemovedService
    

    {
      &quot;modelName&quot;: &quot;UnregisterService&quot;
Edge &gt;&gt;&gt;&gt;&gt;&gt;&gt;&gt;&gt;&gt;&gt;&gt;&gt;&gt;&gt;&gt;&gt;&gt;&gt;&gt; e_End
    
  

  &quot;vertexCoverage&quot;: 66

  &quot;totalNumberOfEdges&quot;: 6

  &quot;totalNumberOfVisitedVertices&quot;: 4

  &quot;edgeCoverage&quot;: 66

  &quot;totalNumberOfVertices&quot;: 6

  &quot;totalNumberOfUnvisitedEdges&quot;: 2
}
</system-out>
    <system-err>java.lang.NullPointerException
	at com.mbtroads.BaseClass.getScreenshotAsString(BaseClass.java:92)
	at com.mbtroads.BaseClass.addBase64ScreenShotToReport(BaseClass.java:106)
	at com.mbtroads.ExtentReport.reportError(ExtentReport.java:39)
	at Test_UnRegisterService.testExecutor(Test_UnRegisterService.java:28)
	at java.base/jdk.internal.reflect.NativeMethodAccessorImpl.invoke0(Native Method)
	at java.base/jdk.internal.reflect.NativeMethodAccessorImpl.invoke(NativeMethodAccessorImpl.java:62)
	at java.base/jdk.internal.reflect.DelegatingMethodAccessorImpl.invoke(DelegatingMethodAccessorImpl.java:43)
	at java.base/java.lang.reflect.Method.invoke(Method.java:567)
	at org.junit.runners.model.FrameworkMethod$1.runReflectiveCall(FrameworkMethod.java:59)
	at org.junit.internal.runners.model.ReflectiveCallable.run(ReflectiveCallable.java:12)
	at org.junit.runners.model.FrameworkMethod.invokeExplosively(FrameworkMethod.java:56)
	at org.junit.internal.runners.statements.InvokeMethod.evaluate(InvokeMethod.java:17)
	at org.junit.internal.runners.statements.RunBefores.evaluate(RunBefores.java:26)
	at org.junit.rules.TestWatcher$1.evaluate(TestWatcher.java:61)
	at org.junit.runners.ParentRunner$3.evaluate(ParentRunner.java:306)
	at org.junit.runners.BlockJUnit4ClassRunner$1.evaluate(BlockJUnit4ClassRunner.java:100)
	at org.junit.runners.ParentRunner.runLeaf(ParentRunner.java:366)
	at org.junit.runners.BlockJUnit4ClassRunner.runChild(BlockJUnit4ClassRunner.java:103)
	at org.junit.runners.BlockJUnit4ClassRunner.runChild(BlockJUnit4ClassRunner.java:63)
	at org.junit.runners.ParentRunner$4.run(ParentRunner.java:331)
	at org.junit.runners.ParentRunner$1.schedule(ParentRunner.java:79)
	at org.junit.runners.ParentRunner.runChildren(ParentRunner.java:329)
	at org.junit.runners.ParentRunner.access$100(ParentRunner.java:66)
	at org.junit.runners.ParentRunner$2.evaluate(ParentRunner.java:293)
	at org.junit.internal.runners.statements.RunBefores.evaluate(RunBefores.java:26)
	at org.junit.internal.runners.statements.RunAfters.evaluate(RunAfters.java:27)
	at org.junit.runners.ParentRunner$3.evaluate(ParentRunner.java:306)
	at org.junit.runners.ParentRunner.run(ParentRunner.java:413)
	at org.apache.maven.surefire.junit4.JUnit4Provider.execute(JUnit4Provider.java:252)
	at org.apache.maven.surefire.junit4.JUnit4Provider.executeTestSet(JUnit4Provider.java:141)
	at org.apache.maven.surefire.junit4.JUnit4Provider.invoke(JUnit4Provider.java:112)
	at java.base/jdk.internal.reflect.NativeMethodAccessorImpl.invoke0(Native Method)
	at java.base/jdk.internal.reflect.NativeMethodAccessorImpl.invoke(NativeMethodAccessorImpl.java:62)
	at java.base/jdk.internal.reflect.DelegatingMethodAccessorImpl.invoke(DelegatingMethodAccessorImpl.java:43)
	at java.base/java.lang.reflect.Method.invoke(Method.java:567)
	at org.apache.maven.surefire.util.ReflectionUtils.invokeMethodWithArray(ReflectionUtils.java:189)
	at org.apache.maven.surefire.booter.ProviderFactory$ProviderProxy.invoke(ProviderFactory.java:165)
	at org.apache.maven.surefire.booter.ProviderFactory.invokeProvider(ProviderFactory.java:85)
	at org.apache.maven.surefire.booter.ForkedBooter.runSuitesInProcess(ForkedBooter.java:115)
	at org.apache.maven.surefire.booter.ForkedBooter.main(ForkedBooter.java:75)
</system-err>
  </testcase>
</testsuite>